<?xml version="1.0" encoding="utf-8"?><testsuites><testsuite errors="0" failures="0" hostname="fv-az246-588" name="pytest" skipped="116" tests="1423" time="10.206" timestamp="2021-10-06T10:11:28.096343"><testcase classname="pytest_cases.tests.test_plugin_installed" name="test_pytest_cases_plugin_installed" time="0.002" /><testcase classname="pytest_cases.tests.cases.doc.test_doc" name="test_foo1[1-2]" time="0.002" /><testcase classname="pytest_cases.tests.cases.doc.test_doc" name="test_foo1[-1--2]" time="0.001" /><testcase classname="pytest_cases.tests.cases.doc.test_doc" name="test_foo1_synthesis" time="0.005" /><testcase classname="pytest_cases.tests.cases.doc.test_doc" name="test_foo_default_cases_file[two_positive_ints]" time="0.001" /><testcase classname="pytest_cases.tests.cases.doc.test_doc" name="test_foo_default_cases_file[two_negative_ints]" time="0.001" /><testcase classname="pytest_cases.tests.cases.doc.test_doc" name="test_foo_default_cases_file_synthesis" time="0.005" /><testcase classname="pytest_cases.tests.cases.doc.test_doc" name="test_foo_fun[strange_ints]" time="0.001" /><testcase classname="pytest_cases.tests.cases.doc.test_doc" name="test_foo_fun_synthesis" time="0.005" /><testcase classname="pytest_cases.tests.cases.doc.test_doc" name="test_foo_fun_list[strange_ints0]" time="0.001" /><testcase classname="pytest_cases.tests.cases.doc.test_doc" name="test_foo_fun_list[strange_ints1]" time="0.001" /><testcase classname="pytest_cases.tests.cases.doc.test_doc" name="test_foo_fun_list_synthesis" time="0.004" /><testcase classname="pytest_cases.tests.cases.doc.test_doc" name="test_foo_cls[toto]" time="0.001" /><testcase classname="pytest_cases.tests.cases.doc.test_doc" name="test_foo_cls[foo]" time="0.001" /><testcase classname="pytest_cases.tests.cases.doc.test_doc" name="test_foo_cls[hello world]" time="0.002" /><testcase classname="pytest_cases.tests.cases.doc.test_doc" name="test_foo_cls[skipped]" time="0.001"><skipped message="unconditional skip" type="pytest.skip">/home/runner/work/python-pytest-cases/python-pytest-cases/pytest_cases/tests/cases/doc/test_doc.py:100: unconditional skip</skipped></testcase><testcase classname="pytest_cases.tests.cases.doc.test_doc" name="test_foo_cls[two_negative_ints]" time="0.001" /><testcase classname="pytest_cases.tests.cases.doc.test_doc" name="test_foo_cls_synthesis" time="0.005" /><testcase classname="pytest_cases.tests.cases.doc.test_doc" name="test_foo_cls_list[toto0]" time="0.001" /><testcase classname="pytest_cases.tests.cases.doc.test_doc" name="test_foo_cls_list[foo0]" time="0.001" /><testcase classname="pytest_cases.tests.cases.doc.test_doc" name="test_foo_cls_list[hello world0]" time="0.004" /><testcase classname="pytest_cases.tests.cases.doc.test_doc" name="test_foo_cls_list[skipped0]" time="0.001"><skipped message="unconditional skip" type="pytest.skip">/home/runner/work/python-pytest-cases/python-pytest-cases/pytest_cases/tests/cases/doc/test_doc.py:123: unconditional skip</skipped></testcase><testcase classname="pytest_cases.tests.cases.doc.test_doc" name="test_foo_cls_list[two_negative_ints0]" time="0.001" /><testcase classname="pytest_cases.tests.cases.doc.test_doc" name="test_foo_cls_list[strange_ints]" time="0.001" /><testcase classname="pytest_cases.tests.cases.doc.test_doc" name="test_foo_cls_list[toto1]" time="0.001" /><testcase classname="pytest_cases.tests.cases.doc.test_doc" name="test_foo_cls_list[foo1]" time="0.001" /><testcase classname="pytest_cases.tests.cases.doc.test_doc" name="test_foo_cls_list[hello]" time="0.001" /><testcase classname="pytest_cases.tests.cases.doc.test_doc" name="test_foo_cls_list[skipped1]" time="0.001"><skipped message="unconditional skip" type="pytest.skip">/home/runner/work/python-pytest-cases/python-pytest-cases/pytest_cases/tests/cases/doc/test_doc.py:123: unconditional skip</skipped></testcase><testcase classname="pytest_cases.tests.cases.doc.test_doc" name="test_foo_cls_list[two_negative_ints1]" time="0.001" /><testcase classname="pytest_cases.tests.cases.doc.test_doc" name="test_foo_cls_list[three_negative_ints]" time="0.000"><skipped message="unconditional skip" type="pytest.skip">/home/runner/work/python-pytest-cases/python-pytest-cases/pytest_cases/tests/cases/doc/test_doc.py:123: unconditional skip</skipped></testcase><testcase classname="pytest_cases.tests.cases.doc.test_doc" name="test_foo_cls_list[two_negative_ints2]" time="0.001" /><testcase classname="pytest_cases.tests.cases.doc.test_doc" name="test_foo_cls_list[toto2]" time="0.001" /><testcase classname="pytest_cases.tests.cases.doc.test_doc" name="test_foo_cls_list[foo2]" time="0.001" /><testcase classname="pytest_cases.tests.cases.doc.test_doc" name="test_foo_cls_list[hello world1]" time="0.001" /><testcase classname="pytest_cases.tests.cases.doc.test_doc" name="test_foo_cls_list[skipped2]" time="0.000"><skipped message="unconditional skip" type="pytest.skip">/home/runner/work/python-pytest-cases/python-pytest-cases/pytest_cases/tests/cases/doc/test_doc.py:123: unconditional skip</skipped></testcase><testcase classname="pytest_cases.tests.cases.doc.test_doc" name="test_foo_cls_list[two_negative_ints3]" time="0.001" /><testcase classname="pytest_cases.tests.cases.doc.test_doc" name="test_foo_cls_list[two_positive_ints]" time="0.001" /><testcase classname="pytest_cases.tests.cases.doc.test_doc" name="test_foo_cls_list[two_negative_ints4]" time="0.001" /><testcase classname="pytest_cases.tests.cases.doc.test_doc" name="test_foo_cls_list_synthesis" time="0.006" /><testcase classname="pytest_cases.tests.cases.doc.test_doc" name="test_foo_parametrize_fixture[two_positive_ints]" time="0.001" /><testcase classname="pytest_cases.tests.cases.doc.test_doc" name="test_foo_parametrize_fixture[two_negative_ints]" time="0.001" /><testcase classname="pytest_cases.tests.cases.doc.test_doc" name="test_foo_parametrize_fixture_synthesis" time="0.004" /><testcase classname="pytest_cases.tests.cases.doc.test_doc_alternate" name="test_foo_alternate_cases_file_and_two_marked_skip[toto]" time="0.001" /><testcase classname="pytest_cases.tests.cases.doc.test_doc_alternate" name="test_foo_alternate_cases_file_and_two_marked_skip[foo]" time="0.001" /><testcase classname="pytest_cases.tests.cases.doc.test_doc_alternate" name="test_foo_alternate_cases_file_and_two_marked_skip[hello]" time="0.001" /><testcase classname="pytest_cases.tests.cases.doc.test_doc_alternate" name="test_foo_alternate_cases_file_and_two_marked_skip[skipped]" time="0.000"><skipped message="unconditional skip" type="pytest.skip">/home/runner/work/python-pytest-cases/python-pytest-cases/pytest_cases/tests/cases/doc/test_doc_alternate.py:14: unconditional skip</skipped></testcase><testcase classname="pytest_cases.tests.cases.doc.test_doc_alternate" name="test_foo_alternate_cases_file_and_two_marked_skip[two_negative_ints0]" time="0.001" /><testcase classname="pytest_cases.tests.cases.doc.test_doc_alternate" name="test_foo_alternate_cases_file_and_two_marked_skip[three_negative_ints]" time="0.000"><skipped message="unconditional skip" type="pytest.skip">/home/runner/work/python-pytest-cases/python-pytest-cases/pytest_cases/tests/cases/doc/test_doc_alternate.py:14: unconditional skip</skipped></testcase><testcase classname="pytest_cases.tests.cases.doc.test_doc_alternate" name="test_foo_alternate_cases_file_and_two_marked_skip[two_negative_ints1]" time="0.001" /><testcase classname="pytest_cases.tests.cases.doc.test_doc_alternate" name="test_foo_alternate_cases_file_and_two_marked_skip_synthesis" time="0.006" /><testcase classname="pytest_cases.tests.cases.doc.test_doc_cache" name="test_caching[dummy-a=0-d=0]" time="0.002" /><testcase classname="pytest_cases.tests.cases.doc.test_doc_cache" name="test_caching[dummy-a=0-d=1]" time="0.001" /><testcase classname="pytest_cases.tests.cases.doc.test_doc_cache" name="test_caching[dummy-a=1-d=0]" time="0.002" /><testcase classname="pytest_cases.tests.cases.doc.test_doc_cache" name="test_caching[dummy-a=1-d=1]" time="0.002" /><testcase classname="pytest_cases.tests.cases.doc.test_doc_cache" name="test_synthesis" time="0.006" /><testcase classname="pytest_cases.tests.cases.doc.test_doc_debug" name="test_default_idstyle[hello]" time="0.002" /><testcase classname="pytest_cases.tests.cases.doc.test_doc_debug" name="test_default_idstyle[hello_fixture-you]" time="0.003" /><testcase classname="pytest_cases.tests.cases.doc.test_doc_debug" name="test_default_idstyle[hello_fixture-earthling]" time="0.003" /><testcase classname="pytest_cases.tests.cases.doc.test_doc_debug" name="test_compact_idstyle[/hello]" time="0.003" /><testcase classname="pytest_cases.tests.cases.doc.test_doc_debug" name="test_compact_idstyle[/hello_fixture-you]" time="0.002" /><testcase classname="pytest_cases.tests.cases.doc.test_doc_debug" name="test_compact_idstyle[/hello_fixture-earthling]" time="0.002" /><testcase classname="pytest_cases.tests.cases.doc.test_doc_debug" name="test_explicit_idstyle[msg/hello]" time="0.002" /><testcase classname="pytest_cases.tests.cases.doc.test_doc_debug" name="test_explicit_idstyle[msg/hello_fixture-you]" time="0.002" /><testcase classname="pytest_cases.tests.cases.doc.test_doc_debug" name="test_explicit_idstyle[msg/hello_fixture-earthling]" time="0.002" /><testcase classname="pytest_cases.tests.cases.doc.test_doc_debug" name="test_synthesis" time="0.007" /><testcase classname="pytest_cases.tests.cases.doc.test_doc_filters_n_tags" name="test_default_pytest_order[bob-a]" time="0.001" /><testcase classname="pytest_cases.tests.cases.doc.test_doc_filters_n_tags" name="test_default_pytest_order[bob-b]" time="0.002" /><testcase classname="pytest_cases.tests.cases.doc.test_doc_filters_n_tags" name="test_with_data_non_param[bob-a]" time="0.002" /><testcase classname="pytest_cases.tests.cases.doc.test_doc_filters_n_tags" name="test_with_data_non_param[bob-b]" time="0.002" /><testcase classname="pytest_cases.tests.cases.doc.test_doc_filters_n_tags" name="test_with_data_param[a-bob]" time="0.002" /><testcase classname="pytest_cases.tests.cases.doc.test_doc_filters_n_tags" name="test_with_data_param[b-True-bob]" time="0.002" /><testcase classname="pytest_cases.tests.cases.doc.test_doc_filters_n_tags" name="test_with_data_param[b-False-bob]" time="0.002" /><testcase classname="pytest_cases.tests.cases.doc.test_doc_filters_n_tags" name="test_with_data_synthesis" time="0.044" /><testcase classname="pytest_cases.tests.cases.doc.test_doc_filters_n_tags" name="test_foo[one_positive_int]" time="0.002" /><testcase classname="pytest_cases.tests.cases.doc.test_doc_filters_n_tags" name="test_foo_fixtures_synthesis" time="0.005" /><testcase classname="pytest_cases.tests.cases.doc.test_doc_filters_n_tags2" name="test_good_datasets[int_success]" time="0.001" /><testcase classname="pytest_cases.tests.cases.doc.test_doc_filters_n_tags2" name="test_bad_datasets[negative_int_failure]" time="0.002" /><testcase classname="pytest_cases.tests.cases.doc.test_doc_filters_n_tags2" name="test_synthesis" time="0.005" /><testcase classname="pytest_cases.tests.cases.doc.test_doc_filters_n_tags2" name="test_good_datasets2[int_success]" time="0.001" /><testcase classname="pytest_cases.tests.cases.doc.test_doc_filters_n_tags2" name="test_bad_datasets2[negative_int_failure]" time="0.002" /><testcase classname="pytest_cases.tests.cases.doc.test_doc_filters_n_tags2" name="test_synthesis2" time="0.005" /><testcase classname="pytest_cases.tests.cases.doc.test_doc_get_current_case_id" name="test_lazy_val_case[b]" time="0.001" /><testcase classname="pytest_cases.tests.cases.doc.test_doc_get_current_case_id" name="test_lazy_val_case_2_args[b]" time="0.001" /><testcase classname="pytest_cases.tests.cases.doc.test_doc_get_current_case_id" name="test_fixture_case[a]" time="0.002" /><testcase classname="pytest_cases.tests.cases.doc.test_doc_get_current_case_id" name="test_fixture_case_2_args[a]" time="0.002" /><testcase classname="pytest_cases.tests.cases.doc.test_doc_get_current_cases" name="test_get_current_case[a-nb=1-a]" time="0.002" /><testcase classname="pytest_cases.tests.cases.doc.test_doc_ids" name="test_foo[#hello#]" time="0.002" /><testcase classname="pytest_cases.tests.cases.doc.test_doc_ids" name="test_foo[#hello_world#]" time="0.002" /><testcase classname="pytest_cases.tests.cases.doc.test_doc_ids" name="test_foo[#hello_name#-you]" time="0.002" /><testcase classname="pytest_cases.tests.cases.doc.test_doc_ids" name="test_foo[#hello_name#-earthling]" time="0.002" /><testcase classname="pytest_cases.tests.cases.doc.test_doc_ids" name="test_synthesis" time="0.005" /><testcase classname="pytest_cases.tests.cases.doc.test_fixtures" name="test_users[bob]" time="0.002" /><testcase classname="pytest_cases.tests.cases.doc.test_fixtures" name="test_users[from_db-id=0]" time="0.002" /><testcase classname="pytest_cases.tests.cases.doc.test_fixtures" name="test_users[from_db-id=1]" time="0.002" /><testcase classname="pytest_cases.tests.cases.doc.test_fixtures" name="test_users_synthesis" time="0.005" /><testcase classname="pytest_cases.tests.cases.doc.test_generators" name="test_foo[hello]" time="0.002" /><testcase classname="pytest_cases.tests.cases.doc.test_generators" name="test_foo[simple_generator-who=you]" time="0.002" /><testcase classname="pytest_cases.tests.cases.doc.test_generators" name="test_foo[simple_generator-who=there]" time="0.001"><skipped message="unconditional skip" type="pytest.skip">/home/runner/work/python-pytest-cases/python-pytest-cases/pytest_cases/tests/cases/doc/test_generators.py:24: unconditional skip</skipped></testcase><testcase classname="pytest_cases.tests.cases.doc.test_generators" name="test_foo_synthesis" time="0.005" /><testcase classname="pytest_cases.tests.cases.doc.test_generators" name="test_foo_multi[hello]" time="0.002" /><testcase classname="pytest_cases.tests.cases.doc.test_generators" name="test_foo_multi[simple_generator-who=you-a=5-b=5]" time="0.001"><skipped message="unconditional skip" type="pytest.skip">/home/runner/work/python-pytest-cases/python-pytest-cases/pytest_cases/tests/cases/doc/test_generators.py:48: unconditional skip</skipped></testcase><testcase classname="pytest_cases.tests.cases.doc.test_generators" name="test_foo_multi[simple_generator-who=you-a=10-b=10]" time="0.001"><skipped message="unconditional skip" type="pytest.skip">/home/runner/work/python-pytest-cases/python-pytest-cases/pytest_cases/tests/cases/doc/test_generators.py:48: unconditional skip</skipped></testcase><testcase classname="pytest_cases.tests.cases.doc.test_generators" name="test_foo_multi[simple_generator-who=there-a=5-b=5]" time="0.002" /><testcase classname="pytest_cases.tests.cases.doc.test_generators" name="test_foo_multi[simple_generator-who=there-a=10-b=10]" time="0.002" /><testcase classname="pytest_cases.tests.cases.doc.test_generators" name="test_foo_multi_synthesis" time="0.005" /><testcase classname="pytest_cases.tests.cases.doc.test_get_current_cases" name="test_local_cases[a-custom_id-a-custom_id]" time="0.004" /><testcase classname="pytest_cases.tests.cases.doc.test_get_current_cases" name="test_local_cases[a-custom_id-a-a_fixture]" time="0.004" /><testcase classname="pytest_cases.tests.cases.doc.test_get_current_cases" name="test_local_cases[a-custom_id-b-custom_id]" time="0.004" /><testcase classname="pytest_cases.tests.cases.doc.test_get_current_cases" name="test_local_cases[a-custom_id-b-a_fixture]" time="0.004" /><testcase classname="pytest_cases.tests.cases.doc.test_get_current_cases" name="test_local_cases[a-custom_id-custom_id-custom_id]" time="0.003" /><testcase classname="pytest_cases.tests.cases.doc.test_get_current_cases" name="test_local_cases[a-custom_id-custom_id-a_fixture]" time="0.004" /><testcase classname="pytest_cases.tests.cases.doc.test_get_current_cases" name="test_local_cases[b-custom_id-a-custom_id]" time="0.004" /><testcase classname="pytest_cases.tests.cases.doc.test_get_current_cases" name="test_local_cases[b-custom_id-a-a_fixture]" time="0.003" /><testcase classname="pytest_cases.tests.cases.doc.test_get_current_cases" name="test_local_cases[b-custom_id-b-custom_id]" time="0.003" /><testcase classname="pytest_cases.tests.cases.doc.test_get_current_cases" name="test_local_cases[b-custom_id-b-a_fixture]" time="0.004" /><testcase classname="pytest_cases.tests.cases.doc.test_get_current_cases" name="test_local_cases[b-custom_id-custom_id-custom_id]" time="0.003" /><testcase classname="pytest_cases.tests.cases.doc.test_get_current_cases" name="test_local_cases[b-custom_id-custom_id-a_fixture]" time="0.003" /><testcase classname="pytest_cases.tests.cases.doc.test_get_current_cases" name="test_separate_cases_file[a-custom_id-a-custom_id]" time="0.004" /><testcase classname="pytest_cases.tests.cases.doc.test_get_current_cases" name="test_separate_cases_file[a-custom_id-a-a_fixture]" time="0.003" /><testcase classname="pytest_cases.tests.cases.doc.test_get_current_cases" name="test_separate_cases_file[a-custom_id-b-custom_id]" time="0.004" /><testcase classname="pytest_cases.tests.cases.doc.test_get_current_cases" name="test_separate_cases_file[a-custom_id-b-a_fixture]" time="0.003" /><testcase classname="pytest_cases.tests.cases.doc.test_get_current_cases" name="test_separate_cases_file[a-custom_id-custom_id-custom_id]" time="0.007" /><testcase classname="pytest_cases.tests.cases.doc.test_get_current_cases" name="test_separate_cases_file[a-custom_id-custom_id-a_fixture]" time="0.004" /><testcase classname="pytest_cases.tests.cases.doc.test_get_current_cases" name="test_separate_cases_file[b-custom_id-a-custom_id]" time="0.003" /><testcase classname="pytest_cases.tests.cases.doc.test_get_current_cases" name="test_separate_cases_file[b-custom_id-a-a_fixture]" time="0.004" /><testcase classname="pytest_cases.tests.cases.doc.test_get_current_cases" name="test_separate_cases_file[b-custom_id-b-custom_id]" time="0.005" /><testcase classname="pytest_cases.tests.cases.doc.test_get_current_cases" name="test_separate_cases_file[b-custom_id-b-a_fixture]" time="0.004" /><testcase classname="pytest_cases.tests.cases.doc.test_get_current_cases" name="test_separate_cases_file[b-custom_id-custom_id-custom_id]" time="0.003" /><testcase classname="pytest_cases.tests.cases.doc.test_get_current_cases" name="test_separate_cases_file[b-custom_id-custom_id-a_fixture]" time="0.004" /><testcase classname="pytest_cases.tests.cases.doc.test_get_current_cases" name="test_local_cases_with_fix[a-custom_id-a-custom_id-a-custom_id-a-custom_id]" time="0.006" /><testcase classname="pytest_cases.tests.cases.doc.test_get_current_cases" name="test_local_cases_with_fix[a-custom_id-a-custom_id-a-custom_id-a-a_fixture]" time="0.008" /><testcase classname="pytest_cases.tests.cases.doc.test_get_current_cases" name="test_local_cases_with_fix[a-custom_id-a-custom_id-a-custom_id-b-custom_id]" time="0.007" /><testcase classname="pytest_cases.tests.cases.doc.test_get_current_cases" name="test_local_cases_with_fix[a-custom_id-a-custom_id-a-custom_id-b-a_fixture]" time="0.006" /><testcase classname="pytest_cases.tests.cases.doc.test_get_current_cases" name="test_local_cases_with_fix[a-custom_id-a-custom_id-a-custom_id-custom_id-custom_id]" time="0.006" /><testcase classname="pytest_cases.tests.cases.doc.test_get_current_cases" name="test_local_cases_with_fix[a-custom_id-a-custom_id-a-custom_id-custom_id-a_fixture]" time="0.006" /><testcase classname="pytest_cases.tests.cases.doc.test_get_current_cases" name="test_local_cases_with_fix[a-custom_id-a-custom_id-b-custom_id-a-custom_id]" time="0.006" /><testcase classname="pytest_cases.tests.cases.doc.test_get_current_cases" name="test_local_cases_with_fix[a-custom_id-a-custom_id-b-custom_id-a-a_fixture]" time="0.006" /><testcase classname="pytest_cases.tests.cases.doc.test_get_current_cases" name="test_local_cases_with_fix[a-custom_id-a-custom_id-b-custom_id-b-custom_id]" time="0.006" /><testcase classname="pytest_cases.tests.cases.doc.test_get_current_cases" name="test_local_cases_with_fix[a-custom_id-a-custom_id-b-custom_id-b-a_fixture]" time="0.007" /><testcase classname="pytest_cases.tests.cases.doc.test_get_current_cases" name="test_local_cases_with_fix[a-custom_id-a-custom_id-b-custom_id-custom_id-custom_id]" time="0.007" /><testcase classname="pytest_cases.tests.cases.doc.test_get_current_cases" name="test_local_cases_with_fix[a-custom_id-a-custom_id-b-custom_id-custom_id-a_fixture]" time="0.006" /><testcase classname="pytest_cases.tests.cases.doc.test_get_current_cases" name="test_local_cases_with_fix[a-custom_id-a-a_fixture-a-custom_id-a-custom_id]" time="0.006" /><testcase classname="pytest_cases.tests.cases.doc.test_get_current_cases" name="test_local_cases_with_fix[a-custom_id-a-a_fixture-a-custom_id-a-a_fixture]" time="0.006" /><testcase classname="pytest_cases.tests.cases.doc.test_get_current_cases" name="test_local_cases_with_fix[a-custom_id-a-a_fixture-a-custom_id-b-custom_id]" time="0.006" /><testcase classname="pytest_cases.tests.cases.doc.test_get_current_cases" name="test_local_cases_with_fix[a-custom_id-a-a_fixture-a-custom_id-b-a_fixture]" time="0.007" /><testcase classname="pytest_cases.tests.cases.doc.test_get_current_cases" name="test_local_cases_with_fix[a-custom_id-a-a_fixture-a-custom_id-custom_id-custom_id]" time="0.006" /><testcase classname="pytest_cases.tests.cases.doc.test_get_current_cases" name="test_local_cases_with_fix[a-custom_id-a-a_fixture-a-custom_id-custom_id-a_fixture]" time="0.011" /><testcase classname="pytest_cases.tests.cases.doc.test_get_current_cases" name="test_local_cases_with_fix[a-custom_id-a-a_fixture-b-custom_id-a-custom_id]" time="0.007" /><testcase classname="pytest_cases.tests.cases.doc.test_get_current_cases" name="test_local_cases_with_fix[a-custom_id-a-a_fixture-b-custom_id-a-a_fixture]" time="0.006" /><testcase classname="pytest_cases.tests.cases.doc.test_get_current_cases" name="test_local_cases_with_fix[a-custom_id-a-a_fixture-b-custom_id-b-custom_id]" time="0.006" /><testcase classname="pytest_cases.tests.cases.doc.test_get_current_cases" name="test_local_cases_with_fix[a-custom_id-a-a_fixture-b-custom_id-b-a_fixture]" time="0.007" /><testcase classname="pytest_cases.tests.cases.doc.test_get_current_cases" name="test_local_cases_with_fix[a-custom_id-a-a_fixture-b-custom_id-custom_id-custom_id]" time="0.006" /><testcase classname="pytest_cases.tests.cases.doc.test_get_current_cases" name="test_local_cases_with_fix[a-custom_id-a-a_fixture-b-custom_id-custom_id-a_fixture]" time="0.007" /><testcase classname="pytest_cases.tests.cases.doc.test_get_current_cases" name="test_local_cases_with_fix[a-custom_id-b-custom_id-a-custom_id-a-custom_id]" time="0.007" /><testcase classname="pytest_cases.tests.cases.doc.test_get_current_cases" name="test_local_cases_with_fix[a-custom_id-b-custom_id-a-custom_id-a-a_fixture]" time="0.006" /><testcase classname="pytest_cases.tests.cases.doc.test_get_current_cases" name="test_local_cases_with_fix[a-custom_id-b-custom_id-a-custom_id-b-custom_id]" time="0.006" /><testcase classname="pytest_cases.tests.cases.doc.test_get_current_cases" name="test_local_cases_with_fix[a-custom_id-b-custom_id-a-custom_id-b-a_fixture]" time="0.006" /><testcase classname="pytest_cases.tests.cases.doc.test_get_current_cases" name="test_local_cases_with_fix[a-custom_id-b-custom_id-a-custom_id-custom_id-custom_id]" time="0.006" /><testcase classname="pytest_cases.tests.cases.doc.test_get_current_cases" name="test_local_cases_with_fix[a-custom_id-b-custom_id-a-custom_id-custom_id-a_fixture]" time="0.006" /><testcase classname="pytest_cases.tests.cases.doc.test_get_current_cases" name="test_local_cases_with_fix[a-custom_id-b-custom_id-b-custom_id-a-custom_id]" time="0.007" /><testcase classname="pytest_cases.tests.cases.doc.test_get_current_cases" name="test_local_cases_with_fix[a-custom_id-b-custom_id-b-custom_id-a-a_fixture]" time="0.008" /><testcase classname="pytest_cases.tests.cases.doc.test_get_current_cases" name="test_local_cases_with_fix[a-custom_id-b-custom_id-b-custom_id-b-custom_id]" time="0.009" /><testcase classname="pytest_cases.tests.cases.doc.test_get_current_cases" name="test_local_cases_with_fix[a-custom_id-b-custom_id-b-custom_id-b-a_fixture]" time="0.007" /><testcase classname="pytest_cases.tests.cases.doc.test_get_current_cases" name="test_local_cases_with_fix[a-custom_id-b-custom_id-b-custom_id-custom_id-custom_id]" time="0.006" /><testcase classname="pytest_cases.tests.cases.doc.test_get_current_cases" name="test_local_cases_with_fix[a-custom_id-b-custom_id-b-custom_id-custom_id-a_fixture]" time="0.006" /><testcase classname="pytest_cases.tests.cases.doc.test_get_current_cases" name="test_local_cases_with_fix[a-custom_id-b-a_fixture-a-custom_id-a-custom_id]" time="0.006" /><testcase classname="pytest_cases.tests.cases.doc.test_get_current_cases" name="test_local_cases_with_fix[a-custom_id-b-a_fixture-a-custom_id-a-a_fixture]" time="0.006" /><testcase classname="pytest_cases.tests.cases.doc.test_get_current_cases" name="test_local_cases_with_fix[a-custom_id-b-a_fixture-a-custom_id-b-custom_id]" time="0.006" /><testcase classname="pytest_cases.tests.cases.doc.test_get_current_cases" name="test_local_cases_with_fix[a-custom_id-b-a_fixture-a-custom_id-b-a_fixture]" time="0.006" /><testcase classname="pytest_cases.tests.cases.doc.test_get_current_cases" name="test_local_cases_with_fix[a-custom_id-b-a_fixture-a-custom_id-custom_id-custom_id]" time="0.006" /><testcase classname="pytest_cases.tests.cases.doc.test_get_current_cases" name="test_local_cases_with_fix[a-custom_id-b-a_fixture-a-custom_id-custom_id-a_fixture]" time="0.006" /><testcase classname="pytest_cases.tests.cases.doc.test_get_current_cases" name="test_local_cases_with_fix[a-custom_id-b-a_fixture-b-custom_id-a-custom_id]" time="0.006" /><testcase classname="pytest_cases.tests.cases.doc.test_get_current_cases" name="test_local_cases_with_fix[a-custom_id-b-a_fixture-b-custom_id-a-a_fixture]" time="0.006" /><testcase classname="pytest_cases.tests.cases.doc.test_get_current_cases" name="test_local_cases_with_fix[a-custom_id-b-a_fixture-b-custom_id-b-custom_id]" time="0.006" /><testcase classname="pytest_cases.tests.cases.doc.test_get_current_cases" name="test_local_cases_with_fix[a-custom_id-b-a_fixture-b-custom_id-b-a_fixture]" time="0.006" /><testcase classname="pytest_cases.tests.cases.doc.test_get_current_cases" name="test_local_cases_with_fix[a-custom_id-b-a_fixture-b-custom_id-custom_id-custom_id]" time="0.006" /><testcase classname="pytest_cases.tests.cases.doc.test_get_current_cases" name="test_local_cases_with_fix[a-custom_id-b-a_fixture-b-custom_id-custom_id-a_fixture]" time="0.006" /><testcase classname="pytest_cases.tests.cases.doc.test_get_current_cases" name="test_local_cases_with_fix[a-custom_id-custom_id-custom_id-a-custom_id-a-custom_id]" time="0.006" /><testcase classname="pytest_cases.tests.cases.doc.test_get_current_cases" name="test_local_cases_with_fix[a-custom_id-custom_id-custom_id-a-custom_id-a-a_fixture]" time="0.007" /><testcase classname="pytest_cases.tests.cases.doc.test_get_current_cases" name="test_local_cases_with_fix[a-custom_id-custom_id-custom_id-a-custom_id-b-custom_id]" time="0.006" /><testcase classname="pytest_cases.tests.cases.doc.test_get_current_cases" name="test_local_cases_with_fix[a-custom_id-custom_id-custom_id-a-custom_id-b-a_fixture]" time="0.006" /><testcase classname="pytest_cases.tests.cases.doc.test_get_current_cases" name="test_local_cases_with_fix[a-custom_id-custom_id-custom_id-a-custom_id-custom_id-custom_id]" time="0.006" /><testcase classname="pytest_cases.tests.cases.doc.test_get_current_cases" name="test_local_cases_with_fix[a-custom_id-custom_id-custom_id-a-custom_id-custom_id-a_fixture]" time="0.006" /><testcase classname="pytest_cases.tests.cases.doc.test_get_current_cases" name="test_local_cases_with_fix[a-custom_id-custom_id-custom_id-b-custom_id-a-custom_id]" time="0.006" /><testcase classname="pytest_cases.tests.cases.doc.test_get_current_cases" name="test_local_cases_with_fix[a-custom_id-custom_id-custom_id-b-custom_id-a-a_fixture]" time="0.006" /><testcase classname="pytest_cases.tests.cases.doc.test_get_current_cases" name="test_local_cases_with_fix[a-custom_id-custom_id-custom_id-b-custom_id-b-custom_id]" time="0.006" /><testcase classname="pytest_cases.tests.cases.doc.test_get_current_cases" name="test_local_cases_with_fix[a-custom_id-custom_id-custom_id-b-custom_id-b-a_fixture]" time="0.007" /><testcase classname="pytest_cases.tests.cases.doc.test_get_current_cases" name="test_local_cases_with_fix[a-custom_id-custom_id-custom_id-b-custom_id-custom_id-custom_id]" time="0.006" /><testcase classname="pytest_cases.tests.cases.doc.test_get_current_cases" name="test_local_cases_with_fix[a-custom_id-custom_id-custom_id-b-custom_id-custom_id-a_fixture]" time="0.007" /><testcase classname="pytest_cases.tests.cases.doc.test_get_current_cases" name="test_local_cases_with_fix[a-custom_id-custom_id-a_fixture-a-custom_id-a-custom_id]" time="0.007" /><testcase classname="pytest_cases.tests.cases.doc.test_get_current_cases" name="test_local_cases_with_fix[a-custom_id-custom_id-a_fixture-a-custom_id-a-a_fixture]" time="0.006" /><testcase classname="pytest_cases.tests.cases.doc.test_get_current_cases" name="test_local_cases_with_fix[a-custom_id-custom_id-a_fixture-a-custom_id-b-custom_id]" time="0.006" /><testcase classname="pytest_cases.tests.cases.doc.test_get_current_cases" name="test_local_cases_with_fix[a-custom_id-custom_id-a_fixture-a-custom_id-b-a_fixture]" time="0.006" /><testcase classname="pytest_cases.tests.cases.doc.test_get_current_cases" name="test_local_cases_with_fix[a-custom_id-custom_id-a_fixture-a-custom_id-custom_id-custom_id]" time="0.006" /><testcase classname="pytest_cases.tests.cases.doc.test_get_current_cases" name="test_local_cases_with_fix[a-custom_id-custom_id-a_fixture-a-custom_id-custom_id-a_fixture]" time="0.007" /><testcase classname="pytest_cases.tests.cases.doc.test_get_current_cases" name="test_local_cases_with_fix[a-custom_id-custom_id-a_fixture-b-custom_id-a-custom_id]" time="0.006" /><testcase classname="pytest_cases.tests.cases.doc.test_get_current_cases" name="test_local_cases_with_fix[a-custom_id-custom_id-a_fixture-b-custom_id-a-a_fixture]" time="0.006" /><testcase classname="pytest_cases.tests.cases.doc.test_get_current_cases" name="test_local_cases_with_fix[a-custom_id-custom_id-a_fixture-b-custom_id-b-custom_id]" time="0.006" /><testcase classname="pytest_cases.tests.cases.doc.test_get_current_cases" name="test_local_cases_with_fix[a-custom_id-custom_id-a_fixture-b-custom_id-b-a_fixture]" time="0.006" /><testcase classname="pytest_cases.tests.cases.doc.test_get_current_cases" name="test_local_cases_with_fix[a-custom_id-custom_id-a_fixture-b-custom_id-custom_id-custom_id]" time="0.007" /><testcase classname="pytest_cases.tests.cases.doc.test_get_current_cases" name="test_local_cases_with_fix[a-custom_id-custom_id-a_fixture-b-custom_id-custom_id-a_fixture]" time="0.007" /><testcase classname="pytest_cases.tests.cases.doc.test_get_current_cases" name="test_local_cases_with_fix[b-custom_id-a-custom_id-a-custom_id-a-custom_id]" time="0.006" /><testcase classname="pytest_cases.tests.cases.doc.test_get_current_cases" name="test_local_cases_with_fix[b-custom_id-a-custom_id-a-custom_id-a-a_fixture]" time="0.007" /><testcase classname="pytest_cases.tests.cases.doc.test_get_current_cases" name="test_local_cases_with_fix[b-custom_id-a-custom_id-a-custom_id-b-custom_id]" time="0.008" /><testcase classname="pytest_cases.tests.cases.doc.test_get_current_cases" name="test_local_cases_with_fix[b-custom_id-a-custom_id-a-custom_id-b-a_fixture]" time="0.008" /><testcase classname="pytest_cases.tests.cases.doc.test_get_current_cases" name="test_local_cases_with_fix[b-custom_id-a-custom_id-a-custom_id-custom_id-custom_id]" time="0.007" /><testcase classname="pytest_cases.tests.cases.doc.test_get_current_cases" name="test_local_cases_with_fix[b-custom_id-a-custom_id-a-custom_id-custom_id-a_fixture]" time="0.013" /><testcase classname="pytest_cases.tests.cases.doc.test_get_current_cases" name="test_local_cases_with_fix[b-custom_id-a-custom_id-b-custom_id-a-custom_id]" time="0.008" /><testcase classname="pytest_cases.tests.cases.doc.test_get_current_cases" name="test_local_cases_with_fix[b-custom_id-a-custom_id-b-custom_id-a-a_fixture]" time="0.006" /><testcase classname="pytest_cases.tests.cases.doc.test_get_current_cases" name="test_local_cases_with_fix[b-custom_id-a-custom_id-b-custom_id-b-custom_id]" time="0.006" /><testcase classname="pytest_cases.tests.cases.doc.test_get_current_cases" name="test_local_cases_with_fix[b-custom_id-a-custom_id-b-custom_id-b-a_fixture]" time="0.007" /><testcase classname="pytest_cases.tests.cases.doc.test_get_current_cases" name="test_local_cases_with_fix[b-custom_id-a-custom_id-b-custom_id-custom_id-custom_id]" time="0.006" /><testcase classname="pytest_cases.tests.cases.doc.test_get_current_cases" name="test_local_cases_with_fix[b-custom_id-a-custom_id-b-custom_id-custom_id-a_fixture]" time="0.006" /><testcase classname="pytest_cases.tests.cases.doc.test_get_current_cases" name="test_local_cases_with_fix[b-custom_id-a-a_fixture-a-custom_id-a-custom_id]" time="0.006" /><testcase classname="pytest_cases.tests.cases.doc.test_get_current_cases" name="test_local_cases_with_fix[b-custom_id-a-a_fixture-a-custom_id-a-a_fixture]" time="0.006" /><testcase classname="pytest_cases.tests.cases.doc.test_get_current_cases" name="test_local_cases_with_fix[b-custom_id-a-a_fixture-a-custom_id-b-custom_id]" time="0.006" /><testcase classname="pytest_cases.tests.cases.doc.test_get_current_cases" name="test_local_cases_with_fix[b-custom_id-a-a_fixture-a-custom_id-b-a_fixture]" time="0.006" /><testcase classname="pytest_cases.tests.cases.doc.test_get_current_cases" name="test_local_cases_with_fix[b-custom_id-a-a_fixture-a-custom_id-custom_id-custom_id]" time="0.006" /><testcase classname="pytest_cases.tests.cases.doc.test_get_current_cases" name="test_local_cases_with_fix[b-custom_id-a-a_fixture-a-custom_id-custom_id-a_fixture]" time="0.006" /><testcase classname="pytest_cases.tests.cases.doc.test_get_current_cases" name="test_local_cases_with_fix[b-custom_id-a-a_fixture-b-custom_id-a-custom_id]" time="0.007" /><testcase classname="pytest_cases.tests.cases.doc.test_get_current_cases" name="test_local_cases_with_fix[b-custom_id-a-a_fixture-b-custom_id-a-a_fixture]" time="0.006" /><testcase classname="pytest_cases.tests.cases.doc.test_get_current_cases" name="test_local_cases_with_fix[b-custom_id-a-a_fixture-b-custom_id-b-custom_id]" time="0.006" /><testcase classname="pytest_cases.tests.cases.doc.test_get_current_cases" name="test_local_cases_with_fix[b-custom_id-a-a_fixture-b-custom_id-b-a_fixture]" time="0.007" /><testcase classname="pytest_cases.tests.cases.doc.test_get_current_cases" name="test_local_cases_with_fix[b-custom_id-a-a_fixture-b-custom_id-custom_id-custom_id]" time="0.006" /><testcase classname="pytest_cases.tests.cases.doc.test_get_current_cases" name="test_local_cases_with_fix[b-custom_id-a-a_fixture-b-custom_id-custom_id-a_fixture]" time="0.007" /><testcase classname="pytest_cases.tests.cases.doc.test_get_current_cases" name="test_local_cases_with_fix[b-custom_id-b-custom_id-a-custom_id-a-custom_id]" time="0.006" /><testcase classname="pytest_cases.tests.cases.doc.test_get_current_cases" name="test_local_cases_with_fix[b-custom_id-b-custom_id-a-custom_id-a-a_fixture]" time="0.006" /><testcase classname="pytest_cases.tests.cases.doc.test_get_current_cases" name="test_local_cases_with_fix[b-custom_id-b-custom_id-a-custom_id-b-custom_id]" time="0.006" /><testcase classname="pytest_cases.tests.cases.doc.test_get_current_cases" name="test_local_cases_with_fix[b-custom_id-b-custom_id-a-custom_id-b-a_fixture]" time="0.010" /><testcase classname="pytest_cases.tests.cases.doc.test_get_current_cases" name="test_local_cases_with_fix[b-custom_id-b-custom_id-a-custom_id-custom_id-custom_id]" time="0.012" /><testcase classname="pytest_cases.tests.cases.doc.test_get_current_cases" name="test_local_cases_with_fix[b-custom_id-b-custom_id-a-custom_id-custom_id-a_fixture]" time="0.009" /><testcase classname="pytest_cases.tests.cases.doc.test_get_current_cases" name="test_local_cases_with_fix[b-custom_id-b-custom_id-b-custom_id-a-custom_id]" time="0.006" /><testcase classname="pytest_cases.tests.cases.doc.test_get_current_cases" name="test_local_cases_with_fix[b-custom_id-b-custom_id-b-custom_id-a-a_fixture]" time="0.007" /><testcase classname="pytest_cases.tests.cases.doc.test_get_current_cases" name="test_local_cases_with_fix[b-custom_id-b-custom_id-b-custom_id-b-custom_id]" time="0.007" /><testcase classname="pytest_cases.tests.cases.doc.test_get_current_cases" name="test_local_cases_with_fix[b-custom_id-b-custom_id-b-custom_id-b-a_fixture]" time="0.006" /><testcase classname="pytest_cases.tests.cases.doc.test_get_current_cases" name="test_local_cases_with_fix[b-custom_id-b-custom_id-b-custom_id-custom_id-custom_id]" time="0.006" /><testcase classname="pytest_cases.tests.cases.doc.test_get_current_cases" name="test_local_cases_with_fix[b-custom_id-b-custom_id-b-custom_id-custom_id-a_fixture]" time="0.006" /><testcase classname="pytest_cases.tests.cases.doc.test_get_current_cases" name="test_local_cases_with_fix[b-custom_id-b-a_fixture-a-custom_id-a-custom_id]" time="0.006" /><testcase classname="pytest_cases.tests.cases.doc.test_get_current_cases" name="test_local_cases_with_fix[b-custom_id-b-a_fixture-a-custom_id-a-a_fixture]" time="0.005" /><testcase classname="pytest_cases.tests.cases.doc.test_get_current_cases" name="test_local_cases_with_fix[b-custom_id-b-a_fixture-a-custom_id-b-custom_id]" time="0.007" /><testcase classname="pytest_cases.tests.cases.doc.test_get_current_cases" name="test_local_cases_with_fix[b-custom_id-b-a_fixture-a-custom_id-b-a_fixture]" time="0.006" /><testcase classname="pytest_cases.tests.cases.doc.test_get_current_cases" name="test_local_cases_with_fix[b-custom_id-b-a_fixture-a-custom_id-custom_id-custom_id]" time="0.006" /><testcase classname="pytest_cases.tests.cases.doc.test_get_current_cases" name="test_local_cases_with_fix[b-custom_id-b-a_fixture-a-custom_id-custom_id-a_fixture]" time="0.007" /><testcase classname="pytest_cases.tests.cases.doc.test_get_current_cases" name="test_local_cases_with_fix[b-custom_id-b-a_fixture-b-custom_id-a-custom_id]" time="0.008" /><testcase classname="pytest_cases.tests.cases.doc.test_get_current_cases" name="test_local_cases_with_fix[b-custom_id-b-a_fixture-b-custom_id-a-a_fixture]" time="0.008" /><testcase classname="pytest_cases.tests.cases.doc.test_get_current_cases" name="test_local_cases_with_fix[b-custom_id-b-a_fixture-b-custom_id-b-custom_id]" time="0.009" /><testcase classname="pytest_cases.tests.cases.doc.test_get_current_cases" name="test_local_cases_with_fix[b-custom_id-b-a_fixture-b-custom_id-b-a_fixture]" time="0.011" /><testcase classname="pytest_cases.tests.cases.doc.test_get_current_cases" name="test_local_cases_with_fix[b-custom_id-b-a_fixture-b-custom_id-custom_id-custom_id]" time="0.008" /><testcase classname="pytest_cases.tests.cases.doc.test_get_current_cases" name="test_local_cases_with_fix[b-custom_id-b-a_fixture-b-custom_id-custom_id-a_fixture]" time="0.007" /><testcase classname="pytest_cases.tests.cases.doc.test_get_current_cases" name="test_local_cases_with_fix[b-custom_id-custom_id-custom_id-a-custom_id-a-custom_id]" time="0.007" /><testcase classname="pytest_cases.tests.cases.doc.test_get_current_cases" name="test_local_cases_with_fix[b-custom_id-custom_id-custom_id-a-custom_id-a-a_fixture]" time="0.007" /><testcase classname="pytest_cases.tests.cases.doc.test_get_current_cases" name="test_local_cases_with_fix[b-custom_id-custom_id-custom_id-a-custom_id-b-custom_id]" time="0.008" /><testcase classname="pytest_cases.tests.cases.doc.test_get_current_cases" name="test_local_cases_with_fix[b-custom_id-custom_id-custom_id-a-custom_id-b-a_fixture]" time="0.008" /><testcase classname="pytest_cases.tests.cases.doc.test_get_current_cases" name="test_local_cases_with_fix[b-custom_id-custom_id-custom_id-a-custom_id-custom_id-custom_id]" time="0.008" /><testcase classname="pytest_cases.tests.cases.doc.test_get_current_cases" name="test_local_cases_with_fix[b-custom_id-custom_id-custom_id-a-custom_id-custom_id-a_fixture]" time="0.007" /><testcase classname="pytest_cases.tests.cases.doc.test_get_current_cases" name="test_local_cases_with_fix[b-custom_id-custom_id-custom_id-b-custom_id-a-custom_id]" time="0.008" /><testcase classname="pytest_cases.tests.cases.doc.test_get_current_cases" name="test_local_cases_with_fix[b-custom_id-custom_id-custom_id-b-custom_id-a-a_fixture]" time="0.007" /><testcase classname="pytest_cases.tests.cases.doc.test_get_current_cases" name="test_local_cases_with_fix[b-custom_id-custom_id-custom_id-b-custom_id-b-custom_id]" time="0.008" /><testcase classname="pytest_cases.tests.cases.doc.test_get_current_cases" name="test_local_cases_with_fix[b-custom_id-custom_id-custom_id-b-custom_id-b-a_fixture]" time="0.007" /><testcase classname="pytest_cases.tests.cases.doc.test_get_current_cases" name="test_local_cases_with_fix[b-custom_id-custom_id-custom_id-b-custom_id-custom_id-custom_id]" time="0.008" /><testcase classname="pytest_cases.tests.cases.doc.test_get_current_cases" name="test_local_cases_with_fix[b-custom_id-custom_id-custom_id-b-custom_id-custom_id-a_fixture]" time="0.007" /><testcase classname="pytest_cases.tests.cases.doc.test_get_current_cases" name="test_local_cases_with_fix[b-custom_id-custom_id-a_fixture-a-custom_id-a-custom_id]" time="0.007" /><testcase classname="pytest_cases.tests.cases.doc.test_get_current_cases" name="test_local_cases_with_fix[b-custom_id-custom_id-a_fixture-a-custom_id-a-a_fixture]" time="0.007" /><testcase classname="pytest_cases.tests.cases.doc.test_get_current_cases" name="test_local_cases_with_fix[b-custom_id-custom_id-a_fixture-a-custom_id-b-custom_id]" time="0.007" /><testcase classname="pytest_cases.tests.cases.doc.test_get_current_cases" name="test_local_cases_with_fix[b-custom_id-custom_id-a_fixture-a-custom_id-b-a_fixture]" time="0.006" /><testcase classname="pytest_cases.tests.cases.doc.test_get_current_cases" name="test_local_cases_with_fix[b-custom_id-custom_id-a_fixture-a-custom_id-custom_id-custom_id]" time="0.007" /><testcase classname="pytest_cases.tests.cases.doc.test_get_current_cases" name="test_local_cases_with_fix[b-custom_id-custom_id-a_fixture-a-custom_id-custom_id-a_fixture]" time="0.006" /><testcase classname="pytest_cases.tests.cases.doc.test_get_current_cases" name="test_local_cases_with_fix[b-custom_id-custom_id-a_fixture-b-custom_id-a-custom_id]" time="0.006" /><testcase classname="pytest_cases.tests.cases.doc.test_get_current_cases" name="test_local_cases_with_fix[b-custom_id-custom_id-a_fixture-b-custom_id-a-a_fixture]" time="0.006" /><testcase classname="pytest_cases.tests.cases.doc.test_get_current_cases" name="test_local_cases_with_fix[b-custom_id-custom_id-a_fixture-b-custom_id-b-custom_id]" time="0.006" /><testcase classname="pytest_cases.tests.cases.doc.test_get_current_cases" name="test_local_cases_with_fix[b-custom_id-custom_id-a_fixture-b-custom_id-b-a_fixture]" time="0.006" /><testcase classname="pytest_cases.tests.cases.doc.test_get_current_cases" name="test_local_cases_with_fix[b-custom_id-custom_id-a_fixture-b-custom_id-custom_id-custom_id]" time="0.010" /><testcase classname="pytest_cases.tests.cases.doc.test_get_current_cases" name="test_local_cases_with_fix[b-custom_id-custom_id-a_fixture-b-custom_id-custom_id-a_fixture]" time="0.006" /><testcase classname="pytest_cases.tests.cases.doc.test_get_current_cases" name="test_separate_cases_file_with_fix[a-custom_id-a-custom_id-a-custom_id-a-custom_id]" time="0.006" /><testcase classname="pytest_cases.tests.cases.doc.test_get_current_cases" name="test_separate_cases_file_with_fix[a-custom_id-a-custom_id-a-custom_id-a-a_fixture]" time="0.007" /><testcase classname="pytest_cases.tests.cases.doc.test_get_current_cases" name="test_separate_cases_file_with_fix[a-custom_id-a-custom_id-a-custom_id-b-custom_id]" time="0.006" /><testcase classname="pytest_cases.tests.cases.doc.test_get_current_cases" name="test_separate_cases_file_with_fix[a-custom_id-a-custom_id-a-custom_id-b-a_fixture]" time="0.006" /><testcase classname="pytest_cases.tests.cases.doc.test_get_current_cases" name="test_separate_cases_file_with_fix[a-custom_id-a-custom_id-a-custom_id-custom_id-custom_id]" time="0.006" /><testcase classname="pytest_cases.tests.cases.doc.test_get_current_cases" name="test_separate_cases_file_with_fix[a-custom_id-a-custom_id-a-custom_id-custom_id-a_fixture]" time="0.006" /><testcase classname="pytest_cases.tests.cases.doc.test_get_current_cases" name="test_separate_cases_file_with_fix[a-custom_id-a-custom_id-b-custom_id-a-custom_id]" time="0.006" /><testcase classname="pytest_cases.tests.cases.doc.test_get_current_cases" name="test_separate_cases_file_with_fix[a-custom_id-a-custom_id-b-custom_id-a-a_fixture]" time="0.006" /><testcase classname="pytest_cases.tests.cases.doc.test_get_current_cases" name="test_separate_cases_file_with_fix[a-custom_id-a-custom_id-b-custom_id-b-custom_id]" time="0.006" /><testcase classname="pytest_cases.tests.cases.doc.test_get_current_cases" name="test_separate_cases_file_with_fix[a-custom_id-a-custom_id-b-custom_id-b-a_fixture]" time="0.007" /><testcase classname="pytest_cases.tests.cases.doc.test_get_current_cases" name="test_separate_cases_file_with_fix[a-custom_id-a-custom_id-b-custom_id-custom_id-custom_id]" time="0.006" /><testcase classname="pytest_cases.tests.cases.doc.test_get_current_cases" name="test_separate_cases_file_with_fix[a-custom_id-a-custom_id-b-custom_id-custom_id-a_fixture]" time="0.006" /><testcase classname="pytest_cases.tests.cases.doc.test_get_current_cases" name="test_separate_cases_file_with_fix[a-custom_id-a-a_fixture-a-custom_id-a-custom_id]" time="0.006" /><testcase classname="pytest_cases.tests.cases.doc.test_get_current_cases" name="test_separate_cases_file_with_fix[a-custom_id-a-a_fixture-a-custom_id-a-a_fixture]" time="0.006" /><testcase classname="pytest_cases.tests.cases.doc.test_get_current_cases" name="test_separate_cases_file_with_fix[a-custom_id-a-a_fixture-a-custom_id-b-custom_id]" time="0.007" /><testcase classname="pytest_cases.tests.cases.doc.test_get_current_cases" name="test_separate_cases_file_with_fix[a-custom_id-a-a_fixture-a-custom_id-b-a_fixture]" time="0.008" /><testcase classname="pytest_cases.tests.cases.doc.test_get_current_cases" name="test_separate_cases_file_with_fix[a-custom_id-a-a_fixture-a-custom_id-custom_id-custom_id]" time="0.006" /><testcase classname="pytest_cases.tests.cases.doc.test_get_current_cases" name="test_separate_cases_file_with_fix[a-custom_id-a-a_fixture-a-custom_id-custom_id-a_fixture]" time="0.006" /><testcase classname="pytest_cases.tests.cases.doc.test_get_current_cases" name="test_separate_cases_file_with_fix[a-custom_id-a-a_fixture-b-custom_id-a-custom_id]" time="0.006" /><testcase classname="pytest_cases.tests.cases.doc.test_get_current_cases" name="test_separate_cases_file_with_fix[a-custom_id-a-a_fixture-b-custom_id-a-a_fixture]" time="0.006" /><testcase classname="pytest_cases.tests.cases.doc.test_get_current_cases" name="test_separate_cases_file_with_fix[a-custom_id-a-a_fixture-b-custom_id-b-custom_id]" time="0.006" /><testcase classname="pytest_cases.tests.cases.doc.test_get_current_cases" name="test_separate_cases_file_with_fix[a-custom_id-a-a_fixture-b-custom_id-b-a_fixture]" time="0.006" /><testcase classname="pytest_cases.tests.cases.doc.test_get_current_cases" name="test_separate_cases_file_with_fix[a-custom_id-a-a_fixture-b-custom_id-custom_id-custom_id]" time="0.006" /><testcase classname="pytest_cases.tests.cases.doc.test_get_current_cases" name="test_separate_cases_file_with_fix[a-custom_id-a-a_fixture-b-custom_id-custom_id-a_fixture]" time="0.006" /><testcase classname="pytest_cases.tests.cases.doc.test_get_current_cases" name="test_separate_cases_file_with_fix[a-custom_id-b-custom_id-a-custom_id-a-custom_id]" time="0.006" /><testcase classname="pytest_cases.tests.cases.doc.test_get_current_cases" name="test_separate_cases_file_with_fix[a-custom_id-b-custom_id-a-custom_id-a-a_fixture]" time="0.007" /><testcase classname="pytest_cases.tests.cases.doc.test_get_current_cases" name="test_separate_cases_file_with_fix[a-custom_id-b-custom_id-a-custom_id-b-custom_id]" time="0.006" /><testcase classname="pytest_cases.tests.cases.doc.test_get_current_cases" name="test_separate_cases_file_with_fix[a-custom_id-b-custom_id-a-custom_id-b-a_fixture]" time="0.006" /><testcase classname="pytest_cases.tests.cases.doc.test_get_current_cases" name="test_separate_cases_file_with_fix[a-custom_id-b-custom_id-a-custom_id-custom_id-custom_id]" time="0.006" /><testcase classname="pytest_cases.tests.cases.doc.test_get_current_cases" name="test_separate_cases_file_with_fix[a-custom_id-b-custom_id-a-custom_id-custom_id-a_fixture]" time="0.006" /><testcase classname="pytest_cases.tests.cases.doc.test_get_current_cases" name="test_separate_cases_file_with_fix[a-custom_id-b-custom_id-b-custom_id-a-custom_id]" time="0.007" /><testcase classname="pytest_cases.tests.cases.doc.test_get_current_cases" name="test_separate_cases_file_with_fix[a-custom_id-b-custom_id-b-custom_id-a-a_fixture]" time="0.007" /><testcase classname="pytest_cases.tests.cases.doc.test_get_current_cases" name="test_separate_cases_file_with_fix[a-custom_id-b-custom_id-b-custom_id-b-custom_id]" time="0.007" /><testcase classname="pytest_cases.tests.cases.doc.test_get_current_cases" name="test_separate_cases_file_with_fix[a-custom_id-b-custom_id-b-custom_id-b-a_fixture]" time="0.007" /><testcase classname="pytest_cases.tests.cases.doc.test_get_current_cases" name="test_separate_cases_file_with_fix[a-custom_id-b-custom_id-b-custom_id-custom_id-custom_id]" time="0.007" /><testcase classname="pytest_cases.tests.cases.doc.test_get_current_cases" name="test_separate_cases_file_with_fix[a-custom_id-b-custom_id-b-custom_id-custom_id-a_fixture]" time="0.006" /><testcase classname="pytest_cases.tests.cases.doc.test_get_current_cases" name="test_separate_cases_file_with_fix[a-custom_id-b-a_fixture-a-custom_id-a-custom_id]" time="0.006" /><testcase classname="pytest_cases.tests.cases.doc.test_get_current_cases" name="test_separate_cases_file_with_fix[a-custom_id-b-a_fixture-a-custom_id-a-a_fixture]" time="0.006" /><testcase classname="pytest_cases.tests.cases.doc.test_get_current_cases" name="test_separate_cases_file_with_fix[a-custom_id-b-a_fixture-a-custom_id-b-custom_id]" time="0.006" /><testcase classname="pytest_cases.tests.cases.doc.test_get_current_cases" name="test_separate_cases_file_with_fix[a-custom_id-b-a_fixture-a-custom_id-b-a_fixture]" time="0.006" /><testcase classname="pytest_cases.tests.cases.doc.test_get_current_cases" name="test_separate_cases_file_with_fix[a-custom_id-b-a_fixture-a-custom_id-custom_id-custom_id]" time="0.006" /><testcase classname="pytest_cases.tests.cases.doc.test_get_current_cases" name="test_separate_cases_file_with_fix[a-custom_id-b-a_fixture-a-custom_id-custom_id-a_fixture]" time="0.007" /><testcase classname="pytest_cases.tests.cases.doc.test_get_current_cases" name="test_separate_cases_file_with_fix[a-custom_id-b-a_fixture-b-custom_id-a-custom_id]" time="0.006" /><testcase classname="pytest_cases.tests.cases.doc.test_get_current_cases" name="test_separate_cases_file_with_fix[a-custom_id-b-a_fixture-b-custom_id-a-a_fixture]" time="0.006" /><testcase classname="pytest_cases.tests.cases.doc.test_get_current_cases" name="test_separate_cases_file_with_fix[a-custom_id-b-a_fixture-b-custom_id-b-custom_id]" time="0.006" /><testcase classname="pytest_cases.tests.cases.doc.test_get_current_cases" name="test_separate_cases_file_with_fix[a-custom_id-b-a_fixture-b-custom_id-b-a_fixture]" time="0.007" /><testcase classname="pytest_cases.tests.cases.doc.test_get_current_cases" name="test_separate_cases_file_with_fix[a-custom_id-b-a_fixture-b-custom_id-custom_id-custom_id]" time="0.006" /><testcase classname="pytest_cases.tests.cases.doc.test_get_current_cases" name="test_separate_cases_file_with_fix[a-custom_id-b-a_fixture-b-custom_id-custom_id-a_fixture]" time="0.007" /><testcase classname="pytest_cases.tests.cases.doc.test_get_current_cases" name="test_separate_cases_file_with_fix[a-custom_id-custom_id-custom_id-a-custom_id-a-custom_id]" time="0.006" /><testcase classname="pytest_cases.tests.cases.doc.test_get_current_cases" name="test_separate_cases_file_with_fix[a-custom_id-custom_id-custom_id-a-custom_id-a-a_fixture]" time="0.007" /><testcase classname="pytest_cases.tests.cases.doc.test_get_current_cases" name="test_separate_cases_file_with_fix[a-custom_id-custom_id-custom_id-a-custom_id-b-custom_id]" time="0.007" /><testcase classname="pytest_cases.tests.cases.doc.test_get_current_cases" name="test_separate_cases_file_with_fix[a-custom_id-custom_id-custom_id-a-custom_id-b-a_fixture]" time="0.007" /><testcase classname="pytest_cases.tests.cases.doc.test_get_current_cases" name="test_separate_cases_file_with_fix[a-custom_id-custom_id-custom_id-a-custom_id-custom_id-custom_id]" time="0.006" /><testcase classname="pytest_cases.tests.cases.doc.test_get_current_cases" name="test_separate_cases_file_with_fix[a-custom_id-custom_id-custom_id-a-custom_id-custom_id-a_fixture]" time="0.006" /><testcase classname="pytest_cases.tests.cases.doc.test_get_current_cases" name="test_separate_cases_file_with_fix[a-custom_id-custom_id-custom_id-b-custom_id-a-custom_id]" time="0.006" /><testcase classname="pytest_cases.tests.cases.doc.test_get_current_cases" name="test_separate_cases_file_with_fix[a-custom_id-custom_id-custom_id-b-custom_id-a-a_fixture]" time="0.007" /><testcase classname="pytest_cases.tests.cases.doc.test_get_current_cases" name="test_separate_cases_file_with_fix[a-custom_id-custom_id-custom_id-b-custom_id-b-custom_id]" time="0.006" /><testcase classname="pytest_cases.tests.cases.doc.test_get_current_cases" name="test_separate_cases_file_with_fix[a-custom_id-custom_id-custom_id-b-custom_id-b-a_fixture]" time="0.006" /><testcase classname="pytest_cases.tests.cases.doc.test_get_current_cases" name="test_separate_cases_file_with_fix[a-custom_id-custom_id-custom_id-b-custom_id-custom_id-custom_id]" time="0.007" /><testcase classname="pytest_cases.tests.cases.doc.test_get_current_cases" name="test_separate_cases_file_with_fix[a-custom_id-custom_id-custom_id-b-custom_id-custom_id-a_fixture]" time="0.007" /><testcase classname="pytest_cases.tests.cases.doc.test_get_current_cases" name="test_separate_cases_file_with_fix[a-custom_id-custom_id-a_fixture-a-custom_id-a-custom_id]" time="0.006" /><testcase classname="pytest_cases.tests.cases.doc.test_get_current_cases" name="test_separate_cases_file_with_fix[a-custom_id-custom_id-a_fixture-a-custom_id-a-a_fixture]" time="0.006" /><testcase classname="pytest_cases.tests.cases.doc.test_get_current_cases" name="test_separate_cases_file_with_fix[a-custom_id-custom_id-a_fixture-a-custom_id-b-custom_id]" time="0.007" /><testcase classname="pytest_cases.tests.cases.doc.test_get_current_cases" name="test_separate_cases_file_with_fix[a-custom_id-custom_id-a_fixture-a-custom_id-b-a_fixture]" time="0.006" /><testcase classname="pytest_cases.tests.cases.doc.test_get_current_cases" name="test_separate_cases_file_with_fix[a-custom_id-custom_id-a_fixture-a-custom_id-custom_id-custom_id]" time="0.006" /><testcase classname="pytest_cases.tests.cases.doc.test_get_current_cases" name="test_separate_cases_file_with_fix[a-custom_id-custom_id-a_fixture-a-custom_id-custom_id-a_fixture]" time="0.006" /><testcase classname="pytest_cases.tests.cases.doc.test_get_current_cases" name="test_separate_cases_file_with_fix[a-custom_id-custom_id-a_fixture-b-custom_id-a-custom_id]" time="0.006" /><testcase classname="pytest_cases.tests.cases.doc.test_get_current_cases" name="test_separate_cases_file_with_fix[a-custom_id-custom_id-a_fixture-b-custom_id-a-a_fixture]" time="0.007" /><testcase classname="pytest_cases.tests.cases.doc.test_get_current_cases" name="test_separate_cases_file_with_fix[a-custom_id-custom_id-a_fixture-b-custom_id-b-custom_id]" time="0.006" /><testcase classname="pytest_cases.tests.cases.doc.test_get_current_cases" name="test_separate_cases_file_with_fix[a-custom_id-custom_id-a_fixture-b-custom_id-b-a_fixture]" time="0.006" /><testcase classname="pytest_cases.tests.cases.doc.test_get_current_cases" name="test_separate_cases_file_with_fix[a-custom_id-custom_id-a_fixture-b-custom_id-custom_id-custom_id]" time="0.006" /><testcase classname="pytest_cases.tests.cases.doc.test_get_current_cases" name="test_separate_cases_file_with_fix[a-custom_id-custom_id-a_fixture-b-custom_id-custom_id-a_fixture]" time="0.006" /><testcase classname="pytest_cases.tests.cases.doc.test_get_current_cases" name="test_separate_cases_file_with_fix[b-custom_id-a-custom_id-a-custom_id-a-custom_id]" time="0.006" /><testcase classname="pytest_cases.tests.cases.doc.test_get_current_cases" name="test_separate_cases_file_with_fix[b-custom_id-a-custom_id-a-custom_id-a-a_fixture]" time="0.006" /><testcase classname="pytest_cases.tests.cases.doc.test_get_current_cases" name="test_separate_cases_file_with_fix[b-custom_id-a-custom_id-a-custom_id-b-custom_id]" time="0.006" /><testcase classname="pytest_cases.tests.cases.doc.test_get_current_cases" name="test_separate_cases_file_with_fix[b-custom_id-a-custom_id-a-custom_id-b-a_fixture]" time="0.006" /><testcase classname="pytest_cases.tests.cases.doc.test_get_current_cases" name="test_separate_cases_file_with_fix[b-custom_id-a-custom_id-a-custom_id-custom_id-custom_id]" time="0.006" /><testcase classname="pytest_cases.tests.cases.doc.test_get_current_cases" name="test_separate_cases_file_with_fix[b-custom_id-a-custom_id-a-custom_id-custom_id-a_fixture]" time="0.006" /><testcase classname="pytest_cases.tests.cases.doc.test_get_current_cases" name="test_separate_cases_file_with_fix[b-custom_id-a-custom_id-b-custom_id-a-custom_id]" time="0.006" /><testcase classname="pytest_cases.tests.cases.doc.test_get_current_cases" name="test_separate_cases_file_with_fix[b-custom_id-a-custom_id-b-custom_id-a-a_fixture]" time="0.006" /><testcase classname="pytest_cases.tests.cases.doc.test_get_current_cases" name="test_separate_cases_file_with_fix[b-custom_id-a-custom_id-b-custom_id-b-custom_id]" time="0.006" /><testcase classname="pytest_cases.tests.cases.doc.test_get_current_cases" name="test_separate_cases_file_with_fix[b-custom_id-a-custom_id-b-custom_id-b-a_fixture]" time="0.006" /><testcase classname="pytest_cases.tests.cases.doc.test_get_current_cases" name="test_separate_cases_file_with_fix[b-custom_id-a-custom_id-b-custom_id-custom_id-custom_id]" time="0.006" /><testcase classname="pytest_cases.tests.cases.doc.test_get_current_cases" name="test_separate_cases_file_with_fix[b-custom_id-a-custom_id-b-custom_id-custom_id-a_fixture]" time="0.006" /><testcase classname="pytest_cases.tests.cases.doc.test_get_current_cases" name="test_separate_cases_file_with_fix[b-custom_id-a-a_fixture-a-custom_id-a-custom_id]" time="0.006" /><testcase classname="pytest_cases.tests.cases.doc.test_get_current_cases" name="test_separate_cases_file_with_fix[b-custom_id-a-a_fixture-a-custom_id-a-a_fixture]" time="0.007" /><testcase classname="pytest_cases.tests.cases.doc.test_get_current_cases" name="test_separate_cases_file_with_fix[b-custom_id-a-a_fixture-a-custom_id-b-custom_id]" time="0.006" /><testcase classname="pytest_cases.tests.cases.doc.test_get_current_cases" name="test_separate_cases_file_with_fix[b-custom_id-a-a_fixture-a-custom_id-b-a_fixture]" time="0.006" /><testcase classname="pytest_cases.tests.cases.doc.test_get_current_cases" name="test_separate_cases_file_with_fix[b-custom_id-a-a_fixture-a-custom_id-custom_id-custom_id]" time="0.006" /><testcase classname="pytest_cases.tests.cases.doc.test_get_current_cases" name="test_separate_cases_file_with_fix[b-custom_id-a-a_fixture-a-custom_id-custom_id-a_fixture]" time="0.006" /><testcase classname="pytest_cases.tests.cases.doc.test_get_current_cases" name="test_separate_cases_file_with_fix[b-custom_id-a-a_fixture-b-custom_id-a-custom_id]" time="0.007" /><testcase classname="pytest_cases.tests.cases.doc.test_get_current_cases" name="test_separate_cases_file_with_fix[b-custom_id-a-a_fixture-b-custom_id-a-a_fixture]" time="0.006" /><testcase classname="pytest_cases.tests.cases.doc.test_get_current_cases" name="test_separate_cases_file_with_fix[b-custom_id-a-a_fixture-b-custom_id-b-custom_id]" time="0.006" /><testcase classname="pytest_cases.tests.cases.doc.test_get_current_cases" name="test_separate_cases_file_with_fix[b-custom_id-a-a_fixture-b-custom_id-b-a_fixture]" time="0.006" /><testcase classname="pytest_cases.tests.cases.doc.test_get_current_cases" name="test_separate_cases_file_with_fix[b-custom_id-a-a_fixture-b-custom_id-custom_id-custom_id]" time="0.006" /><testcase classname="pytest_cases.tests.cases.doc.test_get_current_cases" name="test_separate_cases_file_with_fix[b-custom_id-a-a_fixture-b-custom_id-custom_id-a_fixture]" time="0.005" /><testcase classname="pytest_cases.tests.cases.doc.test_get_current_cases" name="test_separate_cases_file_with_fix[b-custom_id-b-custom_id-a-custom_id-a-custom_id]" time="0.012" /><testcase classname="pytest_cases.tests.cases.doc.test_get_current_cases" name="test_separate_cases_file_with_fix[b-custom_id-b-custom_id-a-custom_id-a-a_fixture]" time="0.007" /><testcase classname="pytest_cases.tests.cases.doc.test_get_current_cases" name="test_separate_cases_file_with_fix[b-custom_id-b-custom_id-a-custom_id-b-custom_id]" time="0.006" /><testcase classname="pytest_cases.tests.cases.doc.test_get_current_cases" name="test_separate_cases_file_with_fix[b-custom_id-b-custom_id-a-custom_id-b-a_fixture]" time="0.007" /><testcase classname="pytest_cases.tests.cases.doc.test_get_current_cases" name="test_separate_cases_file_with_fix[b-custom_id-b-custom_id-a-custom_id-custom_id-custom_id]" time="0.007" /><testcase classname="pytest_cases.tests.cases.doc.test_get_current_cases" name="test_separate_cases_file_with_fix[b-custom_id-b-custom_id-a-custom_id-custom_id-a_fixture]" time="0.007" /><testcase classname="pytest_cases.tests.cases.doc.test_get_current_cases" name="test_separate_cases_file_with_fix[b-custom_id-b-custom_id-b-custom_id-a-custom_id]" time="0.006" /><testcase classname="pytest_cases.tests.cases.doc.test_get_current_cases" name="test_separate_cases_file_with_fix[b-custom_id-b-custom_id-b-custom_id-a-a_fixture]" time="0.007" /><testcase classname="pytest_cases.tests.cases.doc.test_get_current_cases" name="test_separate_cases_file_with_fix[b-custom_id-b-custom_id-b-custom_id-b-custom_id]" time="0.006" /><testcase classname="pytest_cases.tests.cases.doc.test_get_current_cases" name="test_separate_cases_file_with_fix[b-custom_id-b-custom_id-b-custom_id-b-a_fixture]" time="0.007" /><testcase classname="pytest_cases.tests.cases.doc.test_get_current_cases" name="test_separate_cases_file_with_fix[b-custom_id-b-custom_id-b-custom_id-custom_id-custom_id]" time="0.006" /><testcase classname="pytest_cases.tests.cases.doc.test_get_current_cases" name="test_separate_cases_file_with_fix[b-custom_id-b-custom_id-b-custom_id-custom_id-a_fixture]" time="0.006" /><testcase classname="pytest_cases.tests.cases.doc.test_get_current_cases" name="test_separate_cases_file_with_fix[b-custom_id-b-a_fixture-a-custom_id-a-custom_id]" time="0.007" /><testcase classname="pytest_cases.tests.cases.doc.test_get_current_cases" name="test_separate_cases_file_with_fix[b-custom_id-b-a_fixture-a-custom_id-a-a_fixture]" time="0.006" /><testcase classname="pytest_cases.tests.cases.doc.test_get_current_cases" name="test_separate_cases_file_with_fix[b-custom_id-b-a_fixture-a-custom_id-b-custom_id]" time="0.006" /><testcase classname="pytest_cases.tests.cases.doc.test_get_current_cases" name="test_separate_cases_file_with_fix[b-custom_id-b-a_fixture-a-custom_id-b-a_fixture]" time="0.006" /><testcase classname="pytest_cases.tests.cases.doc.test_get_current_cases" name="test_separate_cases_file_with_fix[b-custom_id-b-a_fixture-a-custom_id-custom_id-custom_id]" time="0.006" /><testcase classname="pytest_cases.tests.cases.doc.test_get_current_cases" name="test_separate_cases_file_with_fix[b-custom_id-b-a_fixture-a-custom_id-custom_id-a_fixture]" time="0.007" /><testcase classname="pytest_cases.tests.cases.doc.test_get_current_cases" name="test_separate_cases_file_with_fix[b-custom_id-b-a_fixture-b-custom_id-a-custom_id]" time="0.006" /><testcase classname="pytest_cases.tests.cases.doc.test_get_current_cases" name="test_separate_cases_file_with_fix[b-custom_id-b-a_fixture-b-custom_id-a-a_fixture]" time="0.006" /><testcase classname="pytest_cases.tests.cases.doc.test_get_current_cases" name="test_separate_cases_file_with_fix[b-custom_id-b-a_fixture-b-custom_id-b-custom_id]" time="0.006" /><testcase classname="pytest_cases.tests.cases.doc.test_get_current_cases" name="test_separate_cases_file_with_fix[b-custom_id-b-a_fixture-b-custom_id-b-a_fixture]" time="0.006" /><testcase classname="pytest_cases.tests.cases.doc.test_get_current_cases" name="test_separate_cases_file_with_fix[b-custom_id-b-a_fixture-b-custom_id-custom_id-custom_id]" time="0.007" /><testcase classname="pytest_cases.tests.cases.doc.test_get_current_cases" name="test_separate_cases_file_with_fix[b-custom_id-b-a_fixture-b-custom_id-custom_id-a_fixture]" time="0.006" /><testcase classname="pytest_cases.tests.cases.doc.test_get_current_cases" name="test_separate_cases_file_with_fix[b-custom_id-custom_id-custom_id-a-custom_id-a-custom_id]" time="0.007" /><testcase classname="pytest_cases.tests.cases.doc.test_get_current_cases" name="test_separate_cases_file_with_fix[b-custom_id-custom_id-custom_id-a-custom_id-a-a_fixture]" time="0.007" /><testcase classname="pytest_cases.tests.cases.doc.test_get_current_cases" name="test_separate_cases_file_with_fix[b-custom_id-custom_id-custom_id-a-custom_id-b-custom_id]" time="0.007" /><testcase classname="pytest_cases.tests.cases.doc.test_get_current_cases" name="test_separate_cases_file_with_fix[b-custom_id-custom_id-custom_id-a-custom_id-b-a_fixture]" time="0.007" /><testcase classname="pytest_cases.tests.cases.doc.test_get_current_cases" name="test_separate_cases_file_with_fix[b-custom_id-custom_id-custom_id-a-custom_id-custom_id-custom_id]" time="0.006" /><testcase classname="pytest_cases.tests.cases.doc.test_get_current_cases" name="test_separate_cases_file_with_fix[b-custom_id-custom_id-custom_id-a-custom_id-custom_id-a_fixture]" time="0.006" /><testcase classname="pytest_cases.tests.cases.doc.test_get_current_cases" name="test_separate_cases_file_with_fix[b-custom_id-custom_id-custom_id-b-custom_id-a-custom_id]" time="0.006" /><testcase classname="pytest_cases.tests.cases.doc.test_get_current_cases" name="test_separate_cases_file_with_fix[b-custom_id-custom_id-custom_id-b-custom_id-a-a_fixture]" time="0.006" /><testcase classname="pytest_cases.tests.cases.doc.test_get_current_cases" name="test_separate_cases_file_with_fix[b-custom_id-custom_id-custom_id-b-custom_id-b-custom_id]" time="0.006" /><testcase classname="pytest_cases.tests.cases.doc.test_get_current_cases" name="test_separate_cases_file_with_fix[b-custom_id-custom_id-custom_id-b-custom_id-b-a_fixture]" time="0.006" /><testcase classname="pytest_cases.tests.cases.doc.test_get_current_cases" name="test_separate_cases_file_with_fix[b-custom_id-custom_id-custom_id-b-custom_id-custom_id-custom_id]" time="0.006" /><testcase classname="pytest_cases.tests.cases.doc.test_get_current_cases" name="test_separate_cases_file_with_fix[b-custom_id-custom_id-custom_id-b-custom_id-custom_id-a_fixture]" time="0.006" /><testcase classname="pytest_cases.tests.cases.doc.test_get_current_cases" name="test_separate_cases_file_with_fix[b-custom_id-custom_id-a_fixture-a-custom_id-a-custom_id]" time="0.006" /><testcase classname="pytest_cases.tests.cases.doc.test_get_current_cases" name="test_separate_cases_file_with_fix[b-custom_id-custom_id-a_fixture-a-custom_id-a-a_fixture]" time="0.006" /><testcase classname="pytest_cases.tests.cases.doc.test_get_current_cases" name="test_separate_cases_file_with_fix[b-custom_id-custom_id-a_fixture-a-custom_id-b-custom_id]" time="0.009" /><testcase classname="pytest_cases.tests.cases.doc.test_get_current_cases" name="test_separate_cases_file_with_fix[b-custom_id-custom_id-a_fixture-a-custom_id-b-a_fixture]" time="0.006" /><testcase classname="pytest_cases.tests.cases.doc.test_get_current_cases" name="test_separate_cases_file_with_fix[b-custom_id-custom_id-a_fixture-a-custom_id-custom_id-custom_id]" time="0.006" /><testcase classname="pytest_cases.tests.cases.doc.test_get_current_cases" name="test_separate_cases_file_with_fix[b-custom_id-custom_id-a_fixture-a-custom_id-custom_id-a_fixture]" time="0.006" /><testcase classname="pytest_cases.tests.cases.doc.test_get_current_cases" name="test_separate_cases_file_with_fix[b-custom_id-custom_id-a_fixture-b-custom_id-a-custom_id]" time="0.006" /><testcase classname="pytest_cases.tests.cases.doc.test_get_current_cases" name="test_separate_cases_file_with_fix[b-custom_id-custom_id-a_fixture-b-custom_id-a-a_fixture]" time="0.007" /><testcase classname="pytest_cases.tests.cases.doc.test_get_current_cases" name="test_separate_cases_file_with_fix[b-custom_id-custom_id-a_fixture-b-custom_id-b-custom_id]" time="0.006" /><testcase classname="pytest_cases.tests.cases.doc.test_get_current_cases" name="test_separate_cases_file_with_fix[b-custom_id-custom_id-a_fixture-b-custom_id-b-a_fixture]" time="0.007" /><testcase classname="pytest_cases.tests.cases.doc.test_get_current_cases" name="test_separate_cases_file_with_fix[b-custom_id-custom_id-a_fixture-b-custom_id-custom_id-custom_id]" time="0.006" /><testcase classname="pytest_cases.tests.cases.doc.test_get_current_cases" name="test_separate_cases_file_with_fix[b-custom_id-custom_id-a_fixture-b-custom_id-custom_id-a_fixture]" time="0.006" /><testcase classname="pytest_cases.tests.cases.doc.test_get_current_cases_negative" name="test_foo[1-2-1-(b1,b2)/P0:2-1-2]" time="0.003" /><testcase classname="pytest_cases.tests.cases.doc.test_get_current_cases_negative" name="test_foo[1-2-1-(b1,b2)/P0:2-foo]" time="0.003" /><testcase classname="pytest_cases.tests.cases.doc.test_get_current_cases_negative" name="test_foo[1-2-1-(b1,b2)/foo_fix]" time="0.003" /><testcase classname="pytest_cases.tests.cases.doc.test_get_current_cases_negative" name="test_foo[1-2-1-(b1,b2)/foo_fix-foo_fix]" time="0.003" /><testcase classname="pytest_cases.tests.cases.doc.test_get_current_cases_negative" name="test_foo[1-2-1-(b1,b2)/3-4]" time="0.003" /><testcase classname="pytest_cases.tests.cases.doc.test_get_current_cases_negative" name="test_foo[1-2-foo-(b1,b2)/P0:2-1-2]" time="0.003" /><testcase classname="pytest_cases.tests.cases.doc.test_get_current_cases_negative" name="test_foo[1-2-foo-(b1,b2)/P0:2-foo]" time="0.004" /><testcase classname="pytest_cases.tests.cases.doc.test_get_current_cases_negative" name="test_foo[1-2-foo-(b1,b2)/foo_fix]" time="0.003" /><testcase classname="pytest_cases.tests.cases.doc.test_get_current_cases_negative" name="test_foo[1-2-foo-(b1,b2)/foo_fix-foo_fix]" time="0.004" /><testcase classname="pytest_cases.tests.cases.doc.test_get_current_cases_negative" name="test_foo[1-2-foo-(b1,b2)/3-4]" time="0.003" /><testcase classname="pytest_cases.tests.cases.doc.test_get_current_cases_negative" name="test_foo[foo-1-(b1,b2)/P0:2-1-2]" time="0.003" /><testcase classname="pytest_cases.tests.cases.doc.test_get_current_cases_negative" name="test_foo[foo-1-(b1,b2)/P0:2-foo]" time="0.003" /><testcase classname="pytest_cases.tests.cases.doc.test_get_current_cases_negative" name="test_foo[foo-1-(b1,b2)/foo_fix]" time="0.003" /><testcase classname="pytest_cases.tests.cases.doc.test_get_current_cases_negative" name="test_foo[foo-1-(b1,b2)/foo_fix-foo_fix]" time="0.003" /><testcase classname="pytest_cases.tests.cases.doc.test_get_current_cases_negative" name="test_foo[foo-1-(b1,b2)/3-4]" time="0.003" /><testcase classname="pytest_cases.tests.cases.doc.test_get_current_cases_negative" name="test_foo[foo-foo-(b1,b2)/P0:2-1-2]" time="0.003" /><testcase classname="pytest_cases.tests.cases.doc.test_get_current_cases_negative" name="test_foo[foo-foo-(b1,b2)/P0:2-foo]" time="0.003" /><testcase classname="pytest_cases.tests.cases.doc.test_get_current_cases_negative" name="test_foo[foo-foo-(b1,b2)/foo_fix]" time="0.003" /><testcase classname="pytest_cases.tests.cases.doc.test_get_current_cases_negative" name="test_foo[foo-foo-(b1,b2)/foo_fix-foo_fix]" time="0.003" /><testcase classname="pytest_cases.tests.cases.doc.test_get_current_cases_negative" name="test_foo[foo-foo-(b1,b2)/3-4]" time="0.003" /><testcase classname="pytest_cases.tests.cases.doc.test_get_current_cases_negative" name="test_foo2[foo2-name=bar]" time="0.002" /><testcase classname="pytest_cases.tests.cases.doc.test_get_current_cases_negative" name="test_foo3[o]" time="0.002" /><testcase classname="pytest_cases.tests.cases.doc.test_get_current_cases_negative" name="test_foo3[r]" time="0.002" /><testcase classname="pytest_cases.tests.cases.doc.test_get_current_cases_params" name="test_foo[TP_acase/casea-CP_simple=joe-FP_simple=john-TP_direct=0-FP_acase/casea]" time="0.003" /><testcase classname="pytest_cases.tests.cases.doc.test_get_current_cases_params" name="test_foo[TP_acase/casea-CP_simple=joe-FP_simple=john-TP_direct=0-FP_acase/caseb-CP_acase/casea]" time="0.003" /><testcase classname="pytest_cases.tests.cases.doc.test_get_current_cases_params" name="test_foo[TP_acase/caseb-CP_acase/casea-CP_simple=joe-FP_simple=john-TP_direct=0-FP_acase/casea]" time="0.003" /><testcase classname="pytest_cases.tests.cases.doc.test_get_current_cases_params" name="test_foo[TP_acase/caseb-CP_acase/casea-CP_simple=joe-FP_simple=john-TP_direct=0-FP_acase/caseb]" time="0.003" /><testcase classname="pytest_cases.tests.cases.doc.test_joss" name="test_evaluation[a-a]" time="0.002" /><testcase classname="pytest_cases.tests.cases.doc.test_joss" name="test_evaluation[a-b-p=0]" time="0.002" /><testcase classname="pytest_cases.tests.cases.doc.test_joss" name="test_evaluation[a-b-p=1]" time="0.002" /><testcase classname="pytest_cases.tests.cases.doc.test_nested" name="test_foo[1]" time="0.001" /><testcase classname="pytest_cases.tests.cases.doc.test_nested" name="test_foo[2]" time="0.001" /><testcase classname="pytest_cases.tests.cases.doc.test_nested" name="test_foo[30]" time="0.001" /><testcase classname="pytest_cases.tests.cases.doc.test_nested" name="test_foo[31]" time="0.001" /><testcase classname="pytest_cases.tests.cases.doc.test_nested" name="test_subfoo[2]" time="0.001" /><testcase classname="pytest_cases.tests.cases.doc.test_nested" name="test_subfoo[3]" time="0.001" /><testcase classname="pytest_cases.tests.cases.doc.test_nested" name="test_class_with_nested_uses_nested" time="0.001" /><testcase classname="pytest_cases.tests.cases.doc.test_nested" name="test_direct_nested_class_reference_works" time="0.001" /><testcase classname="pytest_cases.tests.cases.doc.test_parametrize_alt" name="test_argnames_as_list[sum_one_plus_two]" time="0.002" /><testcase classname="pytest_cases.tests.cases.doc.test_parametrize_alt" name="test_argnames_as_tuple[sum_one_plus_two]" time="0.002" /><testcase classname="pytest_cases.tests.cases.doc.test_parametrize_alt" name="test_argnames_from_invalid_type" time="0.002" /><testcase classname="pytest_cases.tests.cases.doc.test_parametrize_alt" name="test_argnames_element_from_invalid_type" time="0.001" /><testcase classname="pytest_cases.tests.cases.issues.test_issue_117" name="test_something[case-case]" time="0.003" /><testcase classname="pytest_cases.tests.cases.issues.test_issue_125" name="test[one]" time="0.002" /><testcase classname="pytest_cases.tests.cases.issues.test_issue_125" name="test[two]" time="0.002" /><testcase classname="pytest_cases.tests.cases.issues.test_issue_125" name="test[three]" time="0.002" /><testcase classname="pytest_cases.tests.cases.issues.test_issue_126" name="test_functionality[_requirement_10]" time="0.002" /><testcase classname="pytest_cases.tests.cases.issues.test_issue_126" name="test_functionality[_requirement_20]" time="0.002" /><testcase classname="pytest_cases.tests.cases.issues.test_issue_126" name="test_functionality[_requirement_11]" time="0.002" /><testcase classname="pytest_cases.tests.cases.issues.test_issue_126" name="test_functionality[_requirement_21]" time="0.002" /><testcase classname="pytest_cases.tests.cases.issues.test_issue_126" name="test_functionality_again[_requirement_10]" time="0.002" /><testcase classname="pytest_cases.tests.cases.issues.test_issue_126" name="test_functionality_again[_requirement_20]" time="0.002" /><testcase classname="pytest_cases.tests.cases.issues.test_issue_126" name="test_functionality_again[_requirement_11]" time="0.003" /><testcase classname="pytest_cases.tests.cases.issues.test_issue_126" name="test_functionality_again[_requirement_21]" time="0.003" /><testcase classname="pytest_cases.tests.cases.issues.test_issue_126.TestNested" name="test_functionality_again2[_requirement_10]" time="0.003" /><testcase classname="pytest_cases.tests.cases.issues.test_issue_126.TestNested" name="test_functionality_again2[_requirement_20]" time="0.003" /><testcase classname="pytest_cases.tests.cases.issues.test_issue_126.TestNested" name="test_functionality_again2[_requirement_11]" time="0.003" /><testcase classname="pytest_cases.tests.cases.issues.test_issue_126.TestNested" name="test_functionality_again2[_requirement_21]" time="0.003" /><testcase classname="pytest_cases.tests.cases.issues.test_issue_126" name="test_synthesis" time="0.007" /><testcase classname="pytest_cases.tests.cases.issues.test_issue_126_2.TestA" name="test_a_nested" time="0.001" /><testcase classname="pytest_cases.tests.cases.issues.test_issue_126_2.TestA" name="test_foo_nested[a0]" time="0.003" /><testcase classname="pytest_cases.tests.cases.issues.test_issue_126_2.TestA" name="test_foo_nested[b0-a=*]" time="0.003" /><testcase classname="pytest_cases.tests.cases.issues.test_issue_126_2.TestA" name="test_foo_nested[b0-a=**]" time="0.003" /><testcase classname="pytest_cases.tests.cases.issues.test_issue_126_2.TestA" name="test_foo_nested[a1]" time="0.002" /><testcase classname="pytest_cases.tests.cases.issues.test_issue_126_2.TestA" name="test_foo_nested[b1-a=*]" time="0.003" /><testcase classname="pytest_cases.tests.cases.issues.test_issue_126_2.TestA" name="test_foo_nested[b1-a=**]" time="0.003" /><testcase classname="pytest_cases.tests.cases.issues.test_issue_126_2.TestA" name="test_foo_nested2[a0]" time="0.002" /><testcase classname="pytest_cases.tests.cases.issues.test_issue_126_2.TestA" name="test_foo_nested2[b0-a=*]" time="0.002" /><testcase classname="pytest_cases.tests.cases.issues.test_issue_126_2.TestA" name="test_foo_nested2[b0-a=**]" time="0.003" /><testcase classname="pytest_cases.tests.cases.issues.test_issue_126_2.TestA" name="test_foo_nested2[a1]" time="0.003" /><testcase classname="pytest_cases.tests.cases.issues.test_issue_126_2.TestA" name="test_foo_nested2[b1-a=*]" time="0.004" /><testcase classname="pytest_cases.tests.cases.issues.test_issue_126_2.TestA" name="test_foo_nested2[b1-a=**]" time="0.003" /><testcase classname="pytest_cases.tests.cases.issues.test_issue_126_2" name="test_bar" time="0.001" /><testcase classname="pytest_cases.tests.cases.issues.test_issue_126_2" name="test_foo[a0]" time="0.002" /><testcase classname="pytest_cases.tests.cases.issues.test_issue_126_2" name="test_foo[b0-a=*]" time="0.004" /><testcase c
[...]
stcase classname="pytest_cases.tests.pytest_extension.parametrize_plus.test_fixture_ref_custom2" name="test_mark[a]" time="0.001"><skipped message="condition: 5&gt;4" type="pytest.skip">/home/runner/work/python-pytest-cases/python-pytest-cases/pytest_cases/tests/pytest_extension/parametrize_plus/test_fixture_ref_custom2.py:24: condition: 5&gt;4</skipped></testcase><testcase classname="pytest_cases.tests.pytest_extension.parametrize_plus.test_fixture_ref_custom2" name="test_mark[b]" time="0.002" /><testcase classname="pytest_cases.tests.pytest_extension.parametrize_plus.test_fixture_ref_custom2" name="test_id[testID]" time="0.002" /><testcase classname="pytest_cases.tests.pytest_extension.parametrize_plus.test_fixture_ref_custom2" name="test_id[b]" time="0.002" /><testcase classname="pytest_cases.tests.pytest_extension.parametrize_plus.test_fixture_ref_custom2" name="test_synthesis" time="0.006" /><testcase classname="pytest_cases.tests.pytest_extension.parametrize_plus.test_fixture_ref_custom3" name="test_id[#0]" time="0.002" /><testcase classname="pytest_cases.tests.pytest_extension.parametrize_plus.test_fixture_ref_custom3" name="test_id[#1-b=r]" time="0.002" /><testcase classname="pytest_cases.tests.pytest_extension.parametrize_plus.test_fixture_ref_custom3" name="test_id[#1-b=t]" time="0.003" /><testcase classname="pytest_cases.tests.pytest_extension.parametrize_plus.test_fixture_ref_custom3" name="test_id[#2]" time="0.004" /><testcase classname="pytest_cases.tests.pytest_extension.parametrize_plus.test_fixture_ref_custom3" name="test_id[W]" time="0.002" /><testcase classname="pytest_cases.tests.pytest_extension.parametrize_plus.test_fixture_ref_custom3" name="test_id[#4]" time="0.002" /><testcase classname="pytest_cases.tests.pytest_extension.parametrize_plus.test_fixture_ref_custom3" name="test_id[#5]" time="0.002" /><testcase classname="pytest_cases.tests.pytest_extension.parametrize_plus.test_fixture_ref_custom3" name="test_id[#6]" time="0.002" /><testcase classname="pytest_cases.tests.pytest_extension.parametrize_plus.test_fixture_ref_custom3" name="test_synthesis" time="0.006" /><testcase classname="pytest_cases.tests.pytest_extension.parametrize_plus.test_fixture_ref_custom4_tuples" name="test_id_tuple[testID]" time="0.003" /><testcase classname="pytest_cases.tests.pytest_extension.parametrize_plus.test_fixture_ref_custom4_tuples" name="test_id_tuple[b-1]" time="0.003" /><testcase classname="pytest_cases.tests.pytest_extension.parametrize_plus.test_fixture_ref_custom4_tuples" name="test_id_tuple[b-1]" time="0.003" /><testcase classname="pytest_cases.tests.pytest_extension.parametrize_plus.test_fixture_ref_custom4_tuples" name="test_id_tuple[testID3]" time="0.002" /><testcase classname="pytest_cases.tests.pytest_extension.parametrize_plus.test_fixture_ref_custom4_tuples" name="test_id_tuple[testID4]" time="0.002" /><testcase classname="pytest_cases.tests.pytest_extension.parametrize_plus.test_fixture_ref_custom4_tuples" name="test_id_tuple[c-1]" time="0.003" /><testcase classname="pytest_cases.tests.pytest_extension.parametrize_plus.test_fixture_ref_custom4_tuples" name="test_synthesis" time="0.006" /><testcase classname="pytest_cases.tests.pytest_extension.parametrize_plus.test_getcallspecs" name="test_getcallspecs[False]" time="0.002" /><testcase classname="pytest_cases.tests.pytest_extension.parametrize_plus.test_getcallspecs" name="test_getcallspecs[True]" time="0.002" /><testcase classname="pytest_cases.tests.pytest_extension.parametrize_plus.test_lazy_value" name="test_foo_single[val]" time="0.001" /><testcase classname="pytest_cases.tests.pytest_extension.parametrize_plus.test_lazy_value" name="test_foo_single[val_skipped_on_old_pytest]" time="0.000"><skipped message="unconditional skip" type="pytest.skip">/home/runner/work/python-pytest-cases/python-pytest-cases/pytest_cases/tests/pytest_extension/parametrize_plus/test_lazy_value.py:51: unconditional skip</skipped></testcase><testcase classname="pytest_cases.tests.pytest_extension.parametrize_plus.test_lazy_value" name="test_foo_single[B]" time="0.001" /><testcase classname="pytest_cases.tests.pytest_extension.parametrize_plus.test_lazy_value" name="test_foo_single[C]" time="0.001" /><testcase classname="pytest_cases.tests.pytest_extension.parametrize_plus.test_lazy_value" name="test_foo_single[A]" time="0.001" /><testcase classname="pytest_cases.tests.pytest_extension.parametrize_plus.test_lazy_value" name="test_foo_multi[valtuple]" time="0.001" /><testcase classname="pytest_cases.tests.pytest_extension.parametrize_plus.test_lazy_value" name="test_foo_multi[hello]" time="0.001" /><testcase classname="pytest_cases.tests.pytest_extension.parametrize_plus.test_lazy_value" name="test_foo_multi[valtuple_toskip]" time="0.000"><skipped message="unconditional skip" type="pytest.skip">/home/runner/work/python-pytest-cases/python-pytest-cases/pytest_cases/tests/pytest_extension/parametrize_plus/test_lazy_value.py:73: unconditional skip</skipped></testcase><testcase classname="pytest_cases.tests.pytest_extension.parametrize_plus.test_lazy_value" name="test_foo_multi[1-valtuple_toskip]" time="0.001"><skipped message="unconditional skip" type="pytest.skip">/home/runner/work/python-pytest-cases/python-pytest-cases/pytest_cases/tests/pytest_extension/parametrize_plus/test_lazy_value.py:73: unconditional skip</skipped></testcase><testcase classname="pytest_cases.tests.pytest_extension.parametrize_plus.test_lazy_value" name="test_foo_multi[A]" time="0.001" /><testcase classname="pytest_cases.tests.pytest_extension.parametrize_plus.test_lazy_value" name="test_foo_multi[Wrong]" time="0.001"><skipped message="unconditional skip" type="pytest.skip">/home/runner/work/python-pytest-cases/python-pytest-cases/pytest_cases/tests/pytest_extension/parametrize_plus/test_lazy_value.py:73: unconditional skip</skipped></testcase><testcase classname="pytest_cases.tests.pytest_extension.parametrize_plus.test_lazy_value" name="test_foo_multi[1-val]" time="0.001" /><testcase classname="pytest_cases.tests.pytest_extension.parametrize_plus.test_lazy_value" name="test_foo_multi[B]" time="0.001" /><testcase classname="pytest_cases.tests.pytest_extension.parametrize_plus.test_lazy_value" name="test_synthesis2" time="0.006" /><testcase classname="pytest_cases.tests.pytest_extension.parametrize_plus.test_lazy_value__custom_ids" name="test_foo_single[a=val]" time="0.001" /><testcase classname="pytest_cases.tests.pytest_extension.parametrize_plus.test_lazy_value__custom_ids" name="test_foo_single[a=val_skipped_on_old_pytest]" time="0.000"><skipped message="unconditional skip" type="pytest.skip">/home/runner/work/python-pytest-cases/python-pytest-cases/pytest_cases/tests/pytest_extension/parametrize_plus/test_lazy_value__custom_ids.py:63: unconditional skip</skipped></testcase><testcase classname="pytest_cases.tests.pytest_extension.parametrize_plus.test_lazy_value__custom_ids" name="test_foo_single[B]" time="0.001" /><testcase classname="pytest_cases.tests.pytest_extension.parametrize_plus.test_lazy_value__custom_ids" name="test_foo_single[C]" time="0.001" /><testcase classname="pytest_cases.tests.pytest_extension.parametrize_plus.test_lazy_value__custom_ids" name="test_foo_single[a=A]" time="0.001" /><testcase classname="pytest_cases.tests.pytest_extension.parametrize_plus.test_lazy_value__custom_ids" name="test_foo_multi[a=valtuple[0]-b=valtuple[1]]" time="0.001" /><testcase classname="pytest_cases.tests.pytest_extension.parametrize_plus.test_lazy_value__custom_ids" name="test_foo_multi[a=hello[0]-b=hello[1]]" time="0.001" /><testcase classname="pytest_cases.tests.pytest_extension.parametrize_plus.test_lazy_value__custom_ids" name="test_foo_multi[a=valtuple_toskip[0]-b=valtuple_toskip[1]]" time="0.000"><skipped message="unconditional skip" type="pytest.skip">/home/runner/work/python-pytest-cases/python-pytest-cases/pytest_cases/tests/pytest_extension/parametrize_plus/test_lazy_value__custom_ids.py:85: unconditional skip</skipped></testcase><testcase classname="pytest_cases.tests.pytest_extension.parametrize_plus.test_lazy_value__custom_ids" name="test_foo_multi[a=1-b=valtuple_toskip]" time="0.002"><skipped message="unconditional skip" type="pytest.skip">/home/runner/work/python-pytest-cases/python-pytest-cases/pytest_cases/tests/pytest_extension/parametrize_plus/test_lazy_value__custom_ids.py:85: unconditional skip</skipped></testcase><testcase classname="pytest_cases.tests.pytest_extension.parametrize_plus.test_lazy_value__custom_ids" name="test_foo_multi[A]" time="0.001" /><testcase classname="pytest_cases.tests.pytest_extension.parametrize_plus.test_lazy_value__custom_ids" name="test_foo_multi[Wrong]" time="0.000"><skipped message="unconditional skip" type="pytest.skip">/home/runner/work/python-pytest-cases/python-pytest-cases/pytest_cases/tests/pytest_extension/parametrize_plus/test_lazy_value__custom_ids.py:85: unconditional skip</skipped></testcase><testcase classname="pytest_cases.tests.pytest_extension.parametrize_plus.test_lazy_value__custom_ids" name="test_foo_multi[a=1-b=val]" time="0.001" /><testcase classname="pytest_cases.tests.pytest_extension.parametrize_plus.test_lazy_value__custom_ids" name="test_foo_multi[B]" time="0.001" /><testcase classname="pytest_cases.tests.pytest_extension.parametrize_plus.test_lazy_value__custom_ids" name="test_synthesis2" time="0.006" /><testcase classname="pytest_cases.tests.pytest_extension.parametrize_plus.test_lazy_value_and_fixture_ref" name="test_foo_single[val]" time="0.002" /><testcase classname="pytest_cases.tests.pytest_extension.parametrize_plus.test_lazy_value_and_fixture_ref" name="test_foo_single[bfix-5]" time="0.002" /><testcase classname="pytest_cases.tests.pytest_extension.parametrize_plus.test_lazy_value_and_fixture_ref" name="test_foo_single[bfix-7]" time="0.002" /><testcase classname="pytest_cases.tests.pytest_extension.parametrize_plus.test_lazy_value_and_fixture_ref" name="test_foo_single[B]" time="0.002" /><testcase classname="pytest_cases.tests.pytest_extension.parametrize_plus.test_lazy_value_and_fixture_ref" name="test_foo_single[C]" time="0.002" /><testcase classname="pytest_cases.tests.pytest_extension.parametrize_plus.test_lazy_value_and_fixture_ref" name="test_foo_single[A]" time="0.002" /><testcase classname="pytest_cases.tests.pytest_extension.parametrize_plus.test_lazy_value_and_fixture_ref" name="test_synthesis2" time="0.006" /><testcase classname="pytest_cases.tests.pytest_extension.parametrize_plus.test_lazy_value_and_fixture_ref2" name="test_foo_multi[valtuple]" time="0.003" /><testcase classname="pytest_cases.tests.pytest_extension.parametrize_plus.test_lazy_value_and_fixture_ref2" name="test_foo_multi[A]" time="0.002" /><testcase classname="pytest_cases.tests.pytest_extension.parametrize_plus.test_lazy_value_and_fixture_ref2" name="test_foo_multi[Wrong]" time="0.000"><skipped message="unconditional skip" type="pytest.skip">/home/runner/work/python-pytest-cases/python-pytest-cases/pytest_cases/tests/pytest_extension/parametrize_plus/test_lazy_value_and_fixture_ref2.py:75: unconditional skip</skipped></testcase><testcase classname="pytest_cases.tests.pytest_extension.parametrize_plus.test_lazy_value_and_fixture_ref2" name="test_foo_multi[tfix-13]" time="0.003" /><testcase classname="pytest_cases.tests.pytest_extension.parametrize_plus.test_lazy_value_and_fixture_ref2" name="test_foo_multi[tfix-11]" time="0.003" /><testcase classname="pytest_cases.tests.pytest_extension.parametrize_plus.test_lazy_value_and_fixture_ref2" name="test_foo_multi[vfix-val-5]" time="0.003" /><testcase classname="pytest_cases.tests.pytest_extension.parametrize_plus.test_lazy_value_and_fixture_ref2" name="test_foo_multi[vfix-val-7]" time="0.003" /><testcase classname="pytest_cases.tests.pytest_extension.parametrize_plus.test_lazy_value_and_fixture_ref2" name="test_foo_multi[B-5]" time="0.003" /><testcase classname="pytest_cases.tests.pytest_extension.parametrize_plus.test_lazy_value_and_fixture_ref2" name="test_foo_multi[B-7]" time="0.003" /><testcase classname="pytest_cases.tests.pytest_extension.parametrize_plus.test_lazy_value_and_fixture_ref2" name="test_foo_multi[vfix-vfix-5]" time="0.003" /><testcase classname="pytest_cases.tests.pytest_extension.parametrize_plus.test_lazy_value_and_fixture_ref2" name="test_foo_multi[vfix-vfix-7]" time="0.003" /><testcase classname="pytest_cases.tests.pytest_extension.parametrize_plus.test_lazy_value_and_fixture_ref2" name="test_synthesis2" time="0.007" /><testcase classname="pytest_cases.tests.pytest_extension.parametrize_plus.test_lazy_value_and_fixture_ref3" name="test_foo_multi[valtuple]" time="0.003" /><testcase classname="pytest_cases.tests.pytest_extension.parametrize_plus.test_lazy_value_and_fixture_ref3" name="test_foo_multi[A]" time="0.002" /><testcase classname="pytest_cases.tests.pytest_extension.parametrize_plus.test_lazy_value_and_fixture_ref3" name="test_foo_multi[Wrong]" time="0.000"><skipped message="unconditional skip" type="pytest.skip">/home/runner/work/python-pytest-cases/python-pytest-cases/pytest_cases/tests/pytest_extension/parametrize_plus/test_lazy_value_and_fixture_ref3.py:75: unconditional skip</skipped></testcase><testcase classname="pytest_cases.tests.pytest_extension.parametrize_plus.test_lazy_value_and_fixture_ref3" name="test_foo_multi[tfix-val]" time="0.003" /><testcase classname="pytest_cases.tests.pytest_extension.parametrize_plus.test_lazy_value_and_fixture_ref3" name="test_foo_multi[tfix-11]" time="0.003" /><testcase classname="pytest_cases.tests.pytest_extension.parametrize_plus.test_lazy_value_and_fixture_ref3" name="test_foo_multi[vfix-val-5]" time="0.003" /><testcase classname="pytest_cases.tests.pytest_extension.parametrize_plus.test_lazy_value_and_fixture_ref3" name="test_foo_multi[vfix-val-val]" time="0.003" /><testcase classname="pytest_cases.tests.pytest_extension.parametrize_plus.test_lazy_value_and_fixture_ref3" name="test_foo_multi[B-5]" time="0.003" /><testcase classname="pytest_cases.tests.pytest_extension.parametrize_plus.test_lazy_value_and_fixture_ref3" name="test_foo_multi[B-val]" time="0.003" /><testcase classname="pytest_cases.tests.pytest_extension.parametrize_plus.test_lazy_value_and_fixture_ref3" name="test_foo_multi[vfix-vfix-5]" time="0.003" /><testcase classname="pytest_cases.tests.pytest_extension.parametrize_plus.test_lazy_value_and_fixture_ref3" name="test_foo_multi[vfix-vfix-val]" time="0.003" /><testcase classname="pytest_cases.tests.pytest_extension.parametrize_plus.test_lazy_value_and_fixture_ref3" name="test_synthesis2" time="0.007" /><testcase classname="pytest_cases.tests.pytest_extension.parametrize_plus.test_lazy_value_low_level" name="test_value_ref" time="0.001" /><testcase classname="pytest_cases.tests.pytest_extension.parametrize_plus.test_lazy_value_low_level" name="test_lv_clone" time="0.001" /><testcase classname="pytest_cases.tests.pytest_extension.parametrize_plus.test_lazy_value_low_level" name="test_lv_tuple_clone" time="0.001" /><testcase classname="pytest_cases.tests.pytest_extension.parametrize_plus.test_lazy_value_so" name="test_foo[get_param(0)]" time="0.001" /><testcase classname="pytest_cases.tests.pytest_extension.parametrize_plus.test_lazy_value_so" name="test_foo[get_param(1)]" time="0.001" /><testcase classname="pytest_cases.tests.pytest_extension.parametrize_plus.test_lazy_value_so" name="test_foo[get_param(2)]" time="0.001" /><testcase classname="pytest_cases.tests.pytest_extension.parametrize_plus.test_lazy_value_so" name="test_foo[get_param(3)]" time="0.001" /><testcase classname="pytest_cases.tests.pytest_extension.parametrize_plus.test_lazy_value_so" name="test_foo[get_param(4)]" time="0.001" /><testcase classname="pytest_cases.tests.pytest_extension.parametrize_plus.test_lazy_value_so" name="test_foo[get_param(5)]" time="0.001" /><testcase classname="pytest_cases.tests.pytest_extension.parametrize_plus.test_lazy_value_so" name="test_foo[get_param(6)]" time="0.001" /><testcase classname="pytest_cases.tests.pytest_extension.parametrize_plus.test_lazy_value_so" name="test_foo[get_param(7)]" time="0.001" /><testcase classname="pytest_cases.tests.pytest_extension.parametrize_plus.test_lazy_value_so" name="test_foo[get_param(8)]" time="0.001" /><testcase classname="pytest_cases.tests.pytest_extension.parametrize_plus.test_lazy_value_so" name="test_foo[get_param(9)]" time="0.001" /><testcase classname="pytest_cases.tests.pytest_extension.parametrize_plus.test_parametrizing_a_class.TestFoo" name="test_foo[foo=bar]" time="0.001" /><testcase classname="pytest_cases.tests.pytest_extension.parametrize_plus.test_parametrizing_a_class" name="test_synthesis" time="0.006" /><testcase classname="pytest_cases.tests.pytest_extension.parametrize_plus.test_parametrizing_a_class" name="test_fixture_refs_are_not_supported_when_decorating_classes" time="0.001" /><testcase classname="pytest_cases.tests.pytest_extension.parametrize_plus.test_so2" name="test_databases[data_from_datasetA-idx=0]" time="0.002" /><testcase classname="pytest_cases.tests.pytest_extension.parametrize_plus.test_so2" name="test_databases[data_from_datasetB-idx=0]" time="0.002" /><testcase classname="pytest_cases.tests.pytest_extension.parametrize_plus.test_so2" name="test_databases[data_from_datasetB-idx=1]" time="0.002" /><testcase classname="pytest_cases.tests.pytest_extension.parametrize_plus.test_so2" name="test_databases[data_from_datasetB-idx=2]" time="0.003" /><testcase classname="pytest_cases.tests.pytest_extension.parametrize_plus.test_so2" name="test_databases[data_from_datasetA-idx=1]" time="0.002" /><testcase classname="pytest_cases.tests.pytest_extension.parametrize_plus.test_so2" name="test_databases[data_from_datasetA-idx=2]" time="0.003" /><testcase classname="pytest_cases.tests.pytest_extension.parametrize_plus.test_so2_dynamic" name="test_databases[data_from_DA-idx=0]" time="0.002" /><testcase classname="pytest_cases.tests.pytest_extension.parametrize_plus.test_so2_dynamic" name="test_databases[data_from_DB-idx=0]" time="0.002" /><testcase classname="pytest_cases.tests.pytest_extension.parametrize_plus.test_so2_dynamic" name="test_databases[data_from_DB-idx=1]" time="0.002" /><testcase classname="pytest_cases.tests.pytest_extension.parametrize_plus.test_so2_dynamic" name="test_databases[data_from_DA-idx=1]" time="0.002" /><testcase classname="pytest_cases.tests.pytest_extension.parametrize_plus.test_so2_dynamic" name="test_databases[data_from_DA-idx=2]" time="0.003" /><testcase classname="pytest_cases.tests.pytest_extension.parametrize_plus.test_so2_new" name="test_data[from_A-idx=0]" time="0.002" /><testcase classname="pytest_cases.tests.pytest_extension.parametrize_plus.test_so2_new" name="test_data[from_A-idx=1]" time="0.002" /><testcase classname="pytest_cases.tests.pytest_extension.parametrize_plus.test_so2_new" name="test_data[from_A-idx=2]" time="0.002" /><testcase classname="pytest_cases.tests.pytest_extension.parametrize_plus.test_so2_new" name="test_data[from_B-idx=0]" time="0.002" /><testcase classname="pytest_cases.tests.pytest_extension.parametrize_plus.test_so2_new" name="test_data[from_B-idx=1]" time="0.002" /><testcase classname="pytest_cases.tests.pytest_extension.parametrize_plus.test_so2_simplified" name="test_databases[data_from_datasetA-idx=0]" time="0.002" /><testcase classname="pytest_cases.tests.pytest_extension.parametrize_plus.test_so2_simplified" name="test_databases[data_from_datasetB-idx=0]" time="0.002" /><testcase classname="pytest_cases.tests.pytest_extension.parametrize_plus.test_so2_simplified" name="test_databases[data_from_datasetB-idx=1]" time="0.002" /><testcase classname="pytest_cases.tests.pytest_extension.parametrize_plus.test_so2_simplified" name="test_databases[data_from_datasetA-idx=1]" time="0.002" /><testcase classname="pytest_cases.tests.pytest_extension.parametrize_plus.test_so2_simplified" name="test_databases[data_from_datasetA-idx=2]" time="0.050" /></testsuite></testsuites>