<?xml version="1.0" ?>
<coverage branch-rate="0.8058" branches-covered="1079" branches-valid="1339" complexity="0" line-rate="0.862" lines-covered="2524" lines-valid="2928" timestamp="1647878346825" version="6.3.2">
	<!-- Generated by coverage.py: https://coverage.readthedocs.io -->
	<!-- Based on https://raw.githubusercontent.com/cobertura/web/master/htdocs/xml/coverage-04.dtd -->
	<sources>
		<source>/home/runner/work/python-pytest-cases/python-pytest-cases</source>
	</sources>
	<packages>
		<package branch-rate="0.8058" complexity="0" line-rate="0.862" name="src.pytest_cases">
			<classes>
				<class branch-rate="1" complexity="0" filename="src/pytest_cases/__init__.py" line-rate="1" name="__init__.py">
					<methods/>
					<lines>
						<line hits="1" number="5"/>
						<line hits="1" number="6"/>
						<line hits="1" number="8"/>
						<line hits="1" number="9"/>
						<line hits="1" number="10"/>
						<line hits="1" number="12"/>
						<line hits="1" number="14"/>
						<line hits="1" number="17"/>
						<line hits="1" number="20"/>
						<line hits="1" number="29"/>
						<line hits="1" number="33"/>
					</lines>
				</class>
				<class branch-rate="1" complexity="0" filename="src/pytest_cases/_version.py" line-rate="1" name="_version.py">
					<methods/>
					<lines>
						<line hits="1" number="4"/>
						<line hits="1" number="5"/>
					</lines>
				</class>
				<class branch-rate="0.881" complexity="0" filename="src/pytest_cases/case_funcs.py" line-rate="0.8929" name="case_funcs.py">
					<methods/>
					<lines>
						<line hits="1" number="5"/>
						<line hits="1" number="6"/>
						<line hits="1" number="8"/>
						<line hits="1" number="9"/>
						<line hits="1" number="13"/>
						<line hits="1" number="14"/>
						<line hits="1" number="15"/>
						<line hits="1" number="17"/>
						<line hits="1" number="18"/>
						<line hits="1" number="24"/>
						<line hits="1" number="27"/>
						<line hits="1" number="31"/>
						<line branch="true" condition-coverage="100% (2/2)" hits="1" number="34"/>
						<line hits="1" number="44"/>
						<line hits="1" number="46"/>
						<line hits="1" number="51"/>
						<line hits="1" number="52"/>
						<line hits="1" number="53"/>
						<line hits="1" number="54"/>
						<line hits="1" number="56"/>
						<line hits="1" number="57"/>
						<line hits="1" number="59"/>
						<line hits="1" number="60"/>
						<line hits="1" number="70"/>
						<line branch="true" condition-coverage="50% (1/2)" hits="1" missing-branches="72" number="71"/>
						<line hits="0" number="72"/>
						<line hits="0" number="73"/>
						<line hits="1" number="74"/>
						<line hits="1" number="76"/>
						<line hits="1" number="80"/>
						<line hits="1" number="82"/>
						<line branch="true" condition-coverage="100% (2/2)" hits="1" number="86"/>
						<line branch="true" condition-coverage="100% (2/2)" hits="1" number="87"/>
						<line hits="1" number="89"/>
						<line hits="1" number="91"/>
						<line hits="1" number="93"/>
						<line hits="0" number="102"/>
						<line hits="1" number="104"/>
						<line hits="1" number="108"/>
						<line branch="true" condition-coverage="100% (2/2)" hits="1" number="109"/>
						<line hits="1" number="111"/>
						<line hits="1" number="112"/>
						<line hits="1" number="115"/>
						<line branch="true" condition-coverage="50% (1/2)" hits="1" missing-branches="122" number="121"/>
						<line hits="0" number="122"/>
						<line branch="true" condition-coverage="100% (2/2)" hits="1" number="124"/>
						<line hits="1" number="125"/>
						<line branch="true" condition-coverage="100% (2/2)" hits="1" number="127"/>
						<line hits="1" number="130"/>
						<line hits="1" number="134"/>
						<line hits="1" number="137"/>
						<line hits="0" number="141"/>
						<line hits="0" number="142"/>
						<line hits="1" number="145"/>
						<line hits="1" number="159"/>
						<line hits="1" number="160"/>
						<line branch="true" condition-coverage="100% (2/2)" hits="1" number="162"/>
						<line branch="true" condition-coverage="100% (2/2)" hits="1" number="164"/>
						<line hits="1" number="165"/>
						<line hits="1" number="167"/>
						<line branch="true" condition-coverage="100% (2/2)" hits="1" number="170"/>
						<line hits="1" number="171"/>
						<line hits="1" number="173"/>
						<line hits="1" number="179"/>
						<line hits="1" number="198"/>
						<line branch="true" condition-coverage="100% (2/2)" hits="1" number="199"/>
						<line hits="1" number="200"/>
						<line hits="1" number="203"/>
						<line branch="true" condition-coverage="100% (2/2)" hits="1" number="205"/>
						<line hits="1" number="206"/>
						<line hits="1" number="209"/>
						<line hits="1" number="210"/>
						<line hits="1" number="221"/>
						<line hits="1" number="224"/>
						<line hits="1" number="225"/>
						<line hits="1" number="228"/>
						<line hits="1" number="250"/>
						<line branch="true" condition-coverage="100% (2/2)" hits="1" number="253"/>
						<line hits="1" number="254"/>
						<line branch="true" condition-coverage="50% (1/2)" hits="1" missing-branches="275" number="257"/>
						<line branch="true" condition-coverage="50% (1/2)" hits="1" missing-branches="259" number="258"/>
						<line hits="0" number="259"/>
						<line branch="true" condition-coverage="100% (2/2)" hits="1" number="261"/>
						<line branch="true" condition-coverage="50% (1/2)" hits="1" missing-branches="264" number="263"/>
						<line hits="0" number="264"/>
						<line hits="1" number="267"/>
						<line hits="1" number="268"/>
						<line hits="1" number="270"/>
						<line hits="0" number="271"/>
						<line hits="0" number="273"/>
						<line hits="1" number="275"/>
						<line hits="1" number="278"/>
						<line hits="1" number="279"/>
						<line hits="0" number="280"/>
						<line hits="0" number="281"/>
						<line hits="1" number="284"/>
						<line hits="1" number="285"/>
						<line hits="1" number="308"/>
						<line hits="1" number="309"/>
						<line hits="1" number="310"/>
						<line hits="1" number="311"/>
						<line hits="1" number="314"/>
						<line hits="1" number="332"/>
						<line hits="1" number="335"/>
						<line hits="1" number="338"/>
						<line branch="true" condition-coverage="100% (2/2)" hits="1" number="356"/>
						<line hits="1" number="357"/>
						<line branch="true" condition-coverage="100% (2/2)" hits="1" number="358"/>
						<line hits="1" number="359"/>
						<line branch="true" condition-coverage="100% (2/2)" hits="1" number="360"/>
						<line hits="1" number="362"/>
						<line hits="1" number="364"/>
					</lines>
				</class>
				<class branch-rate="0.8724" complexity="0" filename="src/pytest_cases/case_parametrizer_new.py" line-rate="0.9038" name="case_parametrizer_new.py">
					<methods/>
					<lines>
						<line hits="1" number="6"/>
						<line hits="1" number="8"/>
						<line hits="1" number="10"/>
						<line hits="1" number="11"/>
						<line hits="1" number="12"/>
						<line hits="1" number="13"/>
						<line hits="1" number="14"/>
						<line hits="1" number="16"/>
						<line hits="1" number="17"/>
						<line hits="1" number="21"/>
						<line hits="1" number="22"/>
						<line hits="1" number="26"/>
						<line hits="1" number="27"/>
						<line hits="1" number="29"/>
						<line hits="1" number="31"/>
						<line hits="1" number="32"/>
						<line hits="1" number="35"/>
						<line hits="1" number="38"/>
						<line hits="1" number="39"/>
						<line hits="1" number="40"/>
						<line hits="1" number="41"/>
						<line hits="1" number="44"/>
						<line hits="1" number="45"/>
						<line hits="0" number="46"/>
						<line hits="0" number="48"/>
						<line hits="1" number="51"/>
						<line hits="1" number="54"/>
						<line hits="1" number="55"/>
						<line hits="0" number="56"/>
						<line hits="0" number="58"/>
						<line hits="0" number="59"/>
						<line hits="1" number="61"/>
						<line hits="1" number="62"/>
						<line hits="1" number="65"/>
						<line hits="1" number="68"/>
						<line hits="1" number="138"/>
						<line hits="1" number="143"/>
						<line hits="1" number="146"/>
						<line branch="true" condition-coverage="100% (2/2)" hits="1" number="147"/>
						<line hits="1" number="148"/>
						<line hits="1" number="150"/>
						<line hits="1" number="151"/>
						<line branch="true" condition-coverage="100% (2/2)" hits="1" number="153"/>
						<line hits="1" number="158"/>
						<line hits="1" number="163"/>
						<line branch="true" condition-coverage="100% (2/2)" hits="1" number="166"/>
						<line hits="1" number="167"/>
						<line hits="1" number="169"/>
						<line hits="1" number="171"/>
						<line hits="1" number="174"/>
						<line hits="1" number="181"/>
						<line hits="1" number="182"/>
						<line hits="1" number="183"/>
						<line hits="1" number="186"/>
						<line hits="1" number="197"/>
						<line hits="1" number="199"/>
						<line hits="1" number="201"/>
						<line hits="1" number="202"/>
						<line hits="1" number="203"/>
						<line hits="1" number="204"/>
						<line hits="1" number="206"/>
						<line hits="1" number="209"/>
						<line branch="true" condition-coverage="100% (2/2)" hits="1" number="243"/>
						<line hits="1" number="244"/>
						<line hits="1" number="246"/>
						<line hits="1" number="247"/>
						<line hits="1" number="248"/>
						<line hits="1" number="249"/>
						<line branch="true" condition-coverage="50% (1/2)" hits="1" missing-branches="253" number="252"/>
						<line hits="0" number="253"/>
						<line hits="1" number="256"/>
						<line branch="true" condition-coverage="100% (2/2)" hits="1" number="257"/>
						<line branch="true" condition-coverage="50% (1/2)" hits="1" missing-branches="259" number="258"/>
						<line hits="0" number="259"/>
						<line hits="1" number="261"/>
						<line branch="true" condition-coverage="100% (2/2)" hits="1" number="262"/>
						<line branch="true" condition-coverage="50% (1/2)" hits="1" missing-branches="264" number="263"/>
						<line hits="0" number="264"/>
						<line hits="1" number="268"/>
						<line branch="true" condition-coverage="100% (2/2)" hits="1" number="271"/>
						<line hits="1" number="272"/>
						<line branch="true" condition-coverage="100% (2/2)" hits="1" number="274"/>
						<line hits="1" number="275"/>
						<line branch="true" condition-coverage="50% (1/2)" hits="1" missing-branches="279" number="276"/>
						<line hits="1" number="277"/>
						<line hits="0" number="279"/>
						<line hits="1" number="281"/>
						<line hits="1" number="284"/>
						<line branch="true" condition-coverage="100% (2/2)" hits="1" number="285"/>
						<line branch="true" condition-coverage="100% (2/2)" hits="1" number="287"/>
						<line hits="1" number="289"/>
						<line hits="1" number="290"/>
						<line branch="true" condition-coverage="100% (2/2)" hits="1" number="291"/>
						<line branch="true" condition-coverage="50% (1/2)" hits="1" missing-branches="298" number="293"/>
						<line hits="1" number="295"/>
						<line hits="1" number="296"/>
						<line hits="0" number="298"/>
						<line branch="true" condition-coverage="100% (2/2)" hits="1" number="301"/>
						<line hits="1" number="303"/>
						<line branch="true" condition-coverage="100% (2/2)" hits="1" number="305"/>
						<line hits="1" number="306"/>
						<line hits="1" number="308"/>
						<line hits="1" number="309"/>
						<line branch="true" condition-coverage="100% (2/2)" hits="1" number="312"/>
						<line hits="1" number="316"/>
						<line branch="true" condition-coverage="100% (2/2)" hits="1" number="343"/>
						<line branch="true" condition-coverage="100% (2/2)" hits="1" number="347"/>
						<line hits="1" number="349"/>
						<line hits="1" number="351"/>
						<line hits="0" number="352"/>
						<line hits="1" number="354"/>
						<line hits="0" number="355"/>
						<line branch="true" condition-coverage="100% (2/2)" hits="1" number="358"/>
						<line hits="1" number="365"/>
						<line hits="1" number="366"/>
						<line hits="1" number="368"/>
						<line hits="1" number="369"/>
						<line hits="1" number="371"/>
						<line hits="1" number="372"/>
						<line branch="true" condition-coverage="100% (2/2)" hits="1" number="375"/>
						<line hits="1" number="378"/>
						<line hits="0" number="379"/>
						<line hits="1" number="381"/>
						<line hits="0" number="382"/>
						<line branch="true" condition-coverage="100% (2/2)" hits="1" number="385"/>
						<line hits="1" number="389"/>
						<line hits="1" number="390"/>
						<line hits="1" number="392"/>
						<line hits="1" number="394"/>
						<line hits="1" number="397"/>
						<line hits="1" number="400"/>
						<line hits="1" number="424"/>
						<line hits="1" number="427"/>
						<line branch="true" condition-coverage="100% (2/2)" hits="1" number="429"/>
						<line hits="1" number="432"/>
						<line branch="true" condition-coverage="100% (2/2)" hits="1" number="436"/>
						<line hits="1" number="437"/>
						<line hits="1" number="438"/>
						<line hits="1" number="440"/>
						<line hits="1" number="463"/>
						<line hits="1" number="468"/>
						<line branch="true" condition-coverage="100% (2/2)" hits="1" number="469"/>
						<line hits="1" number="470"/>
						<line hits="1" number="471"/>
						<line hits="1" number="473"/>
						<line hits="1" number="476"/>
						<line branch="true" condition-coverage="50% (1/2)" hits="1" missing-branches="508" number="507"/>
						<line hits="0" number="508"/>
						<line hits="1" number="513"/>
						<line hits="1" number="514"/>
						<line hits="1" number="517"/>
						<line hits="1" number="518"/>
						<line hits="1" number="521"/>
						<line hits="1" number="522"/>
						<line hits="1" number="525"/>
						<line hits="1" number="526"/>
						<line branch="true" condition-coverage="100% (2/2)" hits="1" number="527"/>
						<line hits="1" number="528"/>
						<line hits="1" number="529"/>
						<line hits="1" number="530"/>
						<line hits="1" number="531"/>
						<line hits="1" number="535"/>
						<line hits="1" number="537"/>
						<line branch="true" condition-coverage="100% (2/2)" hits="1" number="539"/>
						<line hits="1" number="540"/>
						<line branch="true" condition-coverage="100% (2/2)" hits="1" number="541"/>
						<line branch="true" condition-coverage="100% (2/2)" hits="1" number="543"/>
						<line hits="1" number="544"/>
						<line branch="true" condition-coverage="100% (2/2)" hits="1" number="545"/>
						<line branch="true" condition-coverage="100% (2/2)" hits="1" number="546"/>
						<line hits="1" number="547"/>
						<line branch="true" condition-coverage="50% (1/2)" hits="1" missing-branches="549" number="548"/>
						<line hits="0" number="549"/>
						<line hits="1" number="552"/>
						<line hits="1" number="553"/>
						<line hits="1" number="555"/>
						<line hits="1" number="558"/>
						<line hits="1" number="560"/>
						<line hits="1" number="561"/>
						<line hits="1" number="564"/>
						<line branch="true" condition-coverage="100% (2/2)" hits="1" number="567"/>
						<line hits="1" number="568"/>
						<line branch="true" condition-coverage="100% (2/2)" hits="1" number="570"/>
						<line branch="true" condition-coverage="50% (1/2)" hits="1" missing-branches="573" number="571"/>
						<line hits="0" number="573"/>
						<line hits="1" number="576"/>
						<line branch="true" condition-coverage="50% (1/2)" hits="1" missing-branches="580" number="578"/>
						<line hits="0" number="580"/>
						<line hits="1" number="583"/>
						<line hits="1" number="586"/>
						<line branch="true" condition-coverage="100% (2/2)" hits="1" number="589"/>
						<line hits="1" number="591"/>
						<line hits="1" number="593"/>
						<line hits="1" number="597"/>
						<line branch="true" condition-coverage="100% (2/2)" hits="1" number="599"/>
						<line hits="1" number="601"/>
						<line hits="1" number="604"/>
						<line hits="1" number="606"/>
						<line hits="1" number="607"/>
						<line hits="1" number="610"/>
						<line hits="1" number="613"/>
						<line hits="1" number="614"/>
						<line hits="1" number="616"/>
						<line hits="1" number="619"/>
						<line branch="true" condition-coverage="50% (1/2)" hits="1" missing-branches="638" number="628"/>
						<line hits="1" number="630"/>
						<line hits="1" number="631"/>
						<line hits="1" number="632"/>
						<line hits="1" number="633"/>
						<line hits="1" number="634"/>
						<line hits="1" number="635"/>
						<line hits="0" number="638"/>
						<line hits="0" number="639"/>
						<line hits="0" number="640"/>
						<line hits="0" number="641"/>
						<line hits="0" number="642"/>
						<line hits="0" number="645"/>
						<line hits="1" number="647"/>
						<line hits="1" number="650"/>
						<line hits="1" number="663"/>
						<line hits="1" number="665"/>
						<line hits="1" number="666"/>
						<line hits="1" number="667"/>
						<line hits="1" number="669"/>
						<line hits="1" number="670"/>
						<line hits="1" number="671"/>
						<line hits="1" number="672"/>
						<line hits="1" number="673"/>
						<line hits="0" number="674"/>
						<line hits="0" number="676"/>
						<line hits="1" number="681"/>
						<line hits="1" number="684"/>
						<line hits="1" number="685"/>
						<line branch="true" condition-coverage="50% (1/2)" hits="1" missing-branches="exit" number="686"/>
						<line hits="1" number="687"/>
						<line hits="1" number="690"/>
						<line hits="1" number="691"/>
						<line branch="true" condition-coverage="50% (1/2)" hits="1" missing-branches="exit" number="692"/>
						<line hits="1" number="693"/>
						<line branch="true" condition-coverage="100% (2/2)" hits="1" number="696"/>
						<line hits="1" number="701"/>
						<line hits="1" number="704"/>
						<line branch="true" condition-coverage="50% (1/2)" hits="1" missing-branches="743" number="718"/>
						<line branch="true" condition-coverage="50% (1/2)" hits="1" missing-branches="722" number="721"/>
						<line hits="0" number="722"/>
						<line hits="0" number="729"/>
						<line branch="true" condition-coverage="50% (1/2)" hits="1" missing-branches="731" number="730"/>
						<line hits="0" number="731"/>
						<line hits="0" number="738"/>
						<line hits="1" number="740"/>
						<line hits="0" number="743"/>
						<line hits="1" number="746"/>
						<line branch="true" condition-coverage="100% (2/2)" hits="1" number="765"/>
						<line hits="1" number="766"/>
						<line hits="1" number="768"/>
						<line hits="1" number="772"/>
						<line branch="true" condition-coverage="50% (1/2)" hits="1" missing-branches="784" number="783"/>
						<line hits="0" number="784"/>
						<line hits="1" number="786"/>
						<line hits="1" number="789"/>
						<line branch="true" condition-coverage="100% (2/2)" hits="1" number="792"/>
						<line hits="1" number="793"/>
						<line hits="1" number="798"/>
						<line hits="1" number="799"/>
						<line hits="1" number="800"/>
						<line hits="1" number="801"/>
						<line hits="1" number="803"/>
						<line hits="1" number="804"/>
						<line branch="true" condition-coverage="100% (2/2)" hits="1" number="806"/>
						<line branch="true" condition-coverage="100% (2/2)" hits="1" number="807"/>
						<line hits="1" number="808"/>
						<line hits="1" number="809"/>
						<line branch="true" condition-coverage="100% (2/2)" hits="1" number="811"/>
						<line hits="1" number="812"/>
						<line hits="1" number="813"/>
						<line branch="true" condition-coverage="100% (2/2)" hits="1" number="815"/>
						<line hits="1" number="816"/>
						<line hits="1" number="818"/>
						<line hits="1" number="819"/>
						<line hits="1" number="821"/>
						<line branch="true" condition-coverage="50% (1/2)" hits="1" missing-branches="825" number="824"/>
						<line hits="0" number="825"/>
						<line hits="1" number="828"/>
						<line branch="true" condition-coverage="100% (2/2)" hits="1" number="830"/>
						<line branch="true" condition-coverage="100% (2/2)" hits="1" number="831"/>
						<line hits="1" number="835"/>
						<line hits="1" number="839"/>
						<line hits="1" number="840"/>
						<line hits="0" number="841"/>
						<line hits="0" number="843"/>
						<line branch="true" condition-coverage="100% (2/2)" hits="1" number="845"/>
						<line hits="1" number="846"/>
						<line hits="1" number="848"/>
						<line hits="1" number="851"/>
						<line hits="1" number="853"/>
						<line hits="1" number="854"/>
						<line hits="1" number="855"/>
						<line hits="1" number="856"/>
						<line hits="1" number="857"/>
						<line hits="1" number="859"/>
						<line branch="true" condition-coverage="50% (1/2)" hits="1" missing-branches="869" number="861"/>
						<line branch="true" condition-coverage="50% (1/2)" hits="1" missing-branches="864" number="863"/>
						<line hits="0" number="864"/>
						<line hits="1" number="866"/>
						<line hits="0" number="869"/>
						<line branch="true" condition-coverage="100% (2/2)" hits="1" number="872"/>
						<line hits="1" number="874"/>
						<line hits="1" number="877"/>
						<line hits="1" number="882"/>
						<line hits="1" number="885"/>
						<line hits="1" number="886"/>
						<line hits="1" number="887"/>
						<line hits="0" number="888"/>
						<line hits="0" number="889"/>
						<line branch="true" condition-coverage="100% (2/2)" hits="1" number="891"/>
						<line branch="true" condition-coverage="100% (2/2)" hits="1" number="892"/>
						<line hits="1" number="894"/>
						<line hits="1" number="896"/>
						<line hits="1" number="899"/>
						<line hits="1" number="900"/>
						<line hits="1" number="901"/>
						<line hits="1" number="902"/>
						<line branch="true" condition-coverage="100% (2/2)" hits="1" number="903"/>
						<line branch="true" condition-coverage="100% (2/2)" hits="1" number="906"/>
						<line hits="1" number="907"/>
						<line branch="true" condition-coverage="100% (2/2)" hits="1" number="909"/>
						<line hits="1" number="911"/>
						<line branch="true" condition-coverage="100% (2/2)" hits="1" number="917"/>
						<line hits="1" number="918"/>
						<line branch="true" condition-coverage="100% (2/2)" hits="1" number="919"/>
						<line hits="1" number="921"/>
						<line branch="true" condition-coverage="100% (2/2)" hits="1" number="922"/>
						<line hits="1" number="924"/>
						<line hits="1" number="927"/>
						<line hits="1" number="928"/>
						<line hits="1" number="929"/>
						<line hits="1" number="933"/>
						<line hits="1" number="935"/>
						<line hits="1" number="938"/>
						<line branch="true" condition-coverage="100% (2/2)" hits="1" number="940"/>
						<line branch="true" condition-coverage="100% (2/2)" hits="1" number="943"/>
						<line hits="1" number="944"/>
						<line hits="1" number="945"/>
						<line hits="1" number="950"/>
						<line hits="1" number="954"/>
						<line branch="true" condition-coverage="50% (1/2)" hits="1" missing-branches="956" number="955"/>
						<line hits="0" number="956"/>
						<line hits="1" number="959"/>
						<line branch="true" condition-coverage="100% (2/2)" hits="1" number="960"/>
						<line hits="1" number="961"/>
						<line branch="true" condition-coverage="50% (1/2)" hits="1" missing-branches="963" number="962"/>
						<line hits="0" number="963"/>
						<line hits="1" number="964"/>
						<line hits="1" number="967"/>
						<line branch="true" condition-coverage="100% (2/2)" hits="1" number="968"/>
						<line hits="1" number="969"/>
						<line branch="true" condition-coverage="50% (1/2)" hits="1" missing-branches="971" number="970"/>
						<line hits="0" number="971"/>
						<line hits="1" number="972"/>
						<line hits="1" number="974"/>
						<line hits="1" number="977"/>
						<line hits="1" number="984"/>
						<line hits="1" number="987"/>
						<line hits="1" number="993"/>
						<line branch="true" condition-coverage="50% (1/2)" hits="1" missing-branches="997" number="994"/>
						<line hits="1" number="995"/>
						<line hits="1" number="997"/>
						<line hits="1" number="999"/>
						<line hits="1" number="1002"/>
						<line hits="1" number="1015"/>
						<line hits="1" number="1018"/>
						<line hits="1" number="1019"/>
						<line hits="1" number="1020"/>
						<line branch="true" condition-coverage="100% (2/2)" hits="1" number="1022"/>
						<line branch="true" condition-coverage="50% (1/2)" hits="1" missing-branches="1034" number="1025"/>
						<line hits="1" number="1027"/>
						<line hits="1" number="1029"/>
						<line hits="1" number="1030"/>
						<line branch="true" condition-coverage="100% (2/2)" hits="1" number="1031"/>
						<line hits="1" number="1032"/>
						<line hits="0" number="1034"/>
						<line hits="1" number="1037"/>
						<line hits="1" number="1038"/>
						<line hits="1" number="1039"/>
						<line hits="1" number="1041"/>
						<line hits="1" number="1044"/>
						<line hits="1" number="1047"/>
						<line hits="1" number="1073"/>
						<line hits="1" number="1076"/>
						<line branch="true" condition-coverage="100% (2/2)" hits="1" number="1079"/>
						<line hits="1" number="1082"/>
						<line hits="1" number="1084"/>
						<line branch="true" condition-coverage="100% (2/2)" hits="1" number="1085"/>
						<line hits="1" number="1086"/>
						<line branch="true" condition-coverage="100% (2/2)" hits="1" number="1087"/>
						<line hits="1" number="1088"/>
						<line branch="true" condition-coverage="100% (2/2)" hits="1" number="1090"/>
						<line hits="1" number="1092"/>
						<line hits="1" number="1097"/>
						<line hits="1" number="1100"/>
						<line branch="true" condition-coverage="100% (2/2)" hits="1" number="1101"/>
						<line hits="1" number="1102"/>
						<line branch="true" condition-coverage="100% (2/2)" hits="1" number="1103"/>
						<line hits="1" number="1105"/>
						<line branch="true" condition-coverage="100% (2/2)" hits="1" number="1106"/>
						<line hits="1" number="1107"/>
						<line hits="1" number="1109"/>
						<line hits="1" number="1110"/>
						<line hits="1" number="1111"/>
						<line hits="1" number="1112"/>
						<line hits="1" number="1114"/>
						<line branch="true" condition-coverage="100% (2/2)" hits="1" number="1118"/>
						<line hits="1" number="1119"/>
						<line hits="1" number="1125"/>
						<line branch="true" condition-coverage="100% (2/2)" hits="1" number="1127"/>
						<line hits="1" number="1129"/>
						<line hits="1" number="1131"/>
						<line branch="true" condition-coverage="100% (2/2)" hits="1" number="1132"/>
						<line hits="1" number="1134"/>
						<line hits="1" number="1137"/>
						<line branch="true" condition-coverage="100% (2/2)" hits="1" number="1138"/>
						<line hits="1" number="1140"/>
						<line branch="true" condition-coverage="100% (2/2)" hits="1" number="1141"/>
						<line hits="1" number="1142"/>
						<line branch="true" condition-coverage="100% (2/2)" hits="1" number="1143"/>
						<line hits="1" number="1144"/>
						<line branch="true" condition-coverage="100% (2/2)" hits="1" number="1147"/>
						<line hits="1" number="1148"/>
						<line hits="1" number="1149"/>
						<line hits="1" number="1150"/>
						<line hits="1" number="1151"/>
						<line branch="true" condition-coverage="100% (2/2)" hits="1" number="1154"/>
						<line branch="true" condition-coverage="50% (1/2)" hits="1" missing-branches="1154" number="1155"/>
						<line hits="1" number="1156"/>
						<line hits="1" number="1158"/>
						<line hits="1" number="1161"/>
						<line hits="1" number="1162"/>
						<line hits="1" number="1163"/>
						<line hits="1" number="1164"/>
						<line hits="1" number="1165"/>
						<line hits="1" number="1166"/>
						<line hits="1" number="1169"/>
						<line hits="1" number="1183"/>
						<line branch="true" condition-coverage="100% (2/2)" hits="1" number="1186"/>
						<line hits="1" number="1187"/>
						<line hits="1" number="1190"/>
						<line hits="1" number="1191"/>
					</lines>
				</class>
				<class branch-rate="0.5" complexity="0" filename="src/pytest_cases/common_mini_six.py" line-rate="0.8333" name="common_mini_six.py">
					<methods/>
					<lines>
						<line hits="1" number="5"/>
						<line hits="1" number="7"/>
						<line hits="1" number="8"/>
						<line branch="true" condition-coverage="50% (1/2)" hits="1" missing-branches="13" number="10"/>
						<line hits="1" number="11"/>
						<line hits="0" number="13"/>
					</lines>
				</class>
				<class branch-rate="0.6667" complexity="0" filename="src/pytest_cases/common_others.py" line-rate="0.7045" name="common_others.py">
					<methods/>
					<lines>
						<line hits="1" number="5"/>
						<line hits="1" number="6"/>
						<line hits="1" number="7"/>
						<line hits="1" number="8"/>
						<line hits="1" number="9"/>
						<line hits="1" number="10"/>
						<line hits="1" number="11"/>
						<line hits="1" number="13"/>
						<line hits="1" number="14"/>
						<line hits="1" number="18"/>
						<line hits="1" number="21"/>
						<line branch="true" condition-coverage="50% (1/2)" hits="1" missing-branches="29" number="28"/>
						<line hits="0" number="29"/>
						<line branch="true" condition-coverage="100% (2/2)" hits="1" number="30"/>
						<line hits="1" number="32"/>
						<line hits="1" number="35"/>
						<line hits="1" number="36"/>
						<line hits="1" number="37"/>
						<line hits="0" number="38"/>
						<line hits="0" number="39"/>
						<line hits="1" number="50"/>
						<line hits="1" number="51"/>
						<line hits="1" number="54"/>
						<line hits="1" number="55"/>
						<line hits="1" number="56"/>
						<line hits="1" number="57"/>
						<line hits="0" number="59"/>
						<line hits="0" number="60"/>
						<line hits="1" number="63"/>
						<line branch="true" condition-coverage="100% (2/2)" hits="1" number="85"/>
						<line hits="1" number="86"/>
						<line branch="true" condition-coverage="100% (2/2)" hits="1" number="88"/>
						<line hits="1" number="89"/>
						<line branch="true" condition-coverage="50% (1/2)" hits="1" missing-branches="94" number="91"/>
						<line hits="1" number="92"/>
						<line branch="true" condition-coverage="0% (0/2)" hits="0" missing-branches="95,97" number="94"/>
						<line hits="0" number="95"/>
						<line hits="0" number="97"/>
						<line hits="1" number="101"/>
						<line hits="1" number="159"/>
						<line branch="true" condition-coverage="100% (2/2)" hits="1" number="162"/>
						<line hits="1" number="163"/>
						<line branch="true" condition-coverage="100% (2/2)" hits="1" number="166"/>
						<line hits="1" number="169"/>
						<line hits="1" number="171"/>
						<line hits="1" number="173"/>
						<line hits="1" number="174"/>
						<line hits="1" number="175"/>
						<line hits="1" number="176"/>
						<line hits="1" number="177"/>
						<line hits="1" number="178"/>
						<line hits="1" number="180"/>
						<line hits="1" number="181"/>
						<line hits="1" number="183"/>
						<line branch="true" condition-coverage="100% (2/2)" hits="1" number="184"/>
						<line hits="1" number="186"/>
						<line branch="true" condition-coverage="100% (2/2)" hits="1" number="189"/>
						<line hits="1" number="190"/>
						<line branch="true" condition-coverage="100% (2/2)" hits="1" number="194"/>
						<line branch="true" condition-coverage="50% (1/2)" hits="1" missing-branches="196" number="195"/>
						<line hits="0" number="196"/>
						<line branch="true" condition-coverage="100% (2/2)" hits="1" number="200"/>
						<line branch="true" condition-coverage="50% (1/2)" hits="1" missing-branches="203" number="202"/>
						<line hits="0" number="203"/>
						<line branch="true" condition-coverage="50% (1/2)" hits="1" missing-branches="208" number="207"/>
						<line branch="true" condition-coverage="0% (0/2)" hits="0" missing-branches="209,214" number="208"/>
						<line hits="0" number="209"/>
						<line hits="1" number="214"/>
						<line hits="1" number="217"/>
						<line hits="1" number="221"/>
						<line branch="true" condition-coverage="100% (2/2)" hits="1" number="223"/>
						<line hits="1" number="224"/>
						<line hits="1" number="226"/>
						<line hits="1" number="229"/>
						<line hits="1" number="231"/>
						<line hits="1" number="234"/>
						<line hits="1" number="242"/>
						<line hits="1" number="243"/>
						<line hits="1" number="244"/>
						<line hits="1" number="245"/>
						<line branch="true" condition-coverage="50% (1/2)" hits="1" missing-branches="248" number="247"/>
						<line hits="0" number="248"/>
						<line branch="true" condition-coverage="100% (2/2)" hits="1" number="250"/>
						<line hits="1" number="251"/>
						<line hits="1" number="253"/>
						<line hits="1" number="256"/>
						<line branch="true" condition-coverage="100% (2/2)" hits="1" number="261"/>
						<line hits="1" number="269"/>
						<line branch="true" condition-coverage="100% (2/2)" hits="1" number="271"/>
						<line branch="true" condition-coverage="100% (2/2)" hits="1" number="273"/>
						<line hits="1" number="274"/>
						<line hits="1" number="276"/>
						<line hits="1" number="277"/>
						<line hits="1" number="278"/>
						<line branch="true" condition-coverage="50% (1/2)" hits="1" missing-branches="283" number="282"/>
						<line hits="0" number="283"/>
						<line branch="true" condition-coverage="100% (2/2)" hits="1" number="285"/>
						<line hits="1" number="287"/>
						<line branch="true" condition-coverage="50% (1/2)" hits="1" missing-branches="292" number="291"/>
						<line hits="0" number="292"/>
						<line branch="true" condition-coverage="0% (0/2)" hits="0" missing-branches="295,297" number="293"/>
						<line hits="0" number="295"/>
						<line hits="0" number="297"/>
						<line branch="true" condition-coverage="0% (0/2)" hits="0" missing-branches="300,307" number="298"/>
						<line branch="true" condition-coverage="0% (0/2)" hits="0" missing-branches="302,304" number="300"/>
						<line hits="0" number="302"/>
						<line hits="0" number="304"/>
						<line hits="0" number="307"/>
						<line hits="1" number="309"/>
						<line hits="1" number="310"/>
						<line hits="0" number="311"/>
						<line hits="0" number="312"/>
						<line branch="true" condition-coverage="100% (2/2)" hits="1" number="314"/>
						<line hits="1" number="316"/>
						<line hits="1" number="319"/>
						<line branch="true" condition-coverage="100% (2/2)" hits="1" number="336"/>
						<line hits="1" number="340"/>
						<line hits="1" number="344"/>
						<line branch="true" condition-coverage="50% (1/2)" hits="1" missing-branches="346" number="345"/>
						<line hits="0" number="346"/>
						<line hits="0" number="347"/>
						<line hits="1" number="352"/>
						<line branch="true" condition-coverage="100% (2/2)" hits="1" number="354"/>
						<line hits="1" number="355"/>
						<line branch="true" condition-coverage="50% (1/2)" hits="1" missing-branches="358" number="356"/>
						<line branch="true" condition-coverage="0% (0/2)" hits="0" missing-branches="360,362" number="358"/>
						<line hits="0" number="360"/>
						<line hits="0" number="362"/>
						<line branch="true" condition-coverage="100% (2/2)" hits="1" number="365"/>
						<line hits="1" number="367"/>
						<line hits="1" number="369"/>
						<line hits="1" number="372"/>
						<line branch="true" condition-coverage="0% (0/2)" hits="0" missing-branches="383,385" number="382"/>
						<line hits="0" number="383"/>
						<line hits="0" number="385"/>
						<line hits="1" number="388"/>
						<line branch="true" condition-coverage="0% (0/2)" hits="0" missing-branches="399,401" number="398"/>
						<line hits="0" number="399"/>
						<line hits="0" number="401"/>
						<line hits="1" number="404"/>
						<line hits="1" number="406"/>
						<line branch="true" condition-coverage="100% (2/2)" hits="1" number="411"/>
						<line hits="1" number="413"/>
						<line branch="true" condition-coverage="50% (1/2)" hits="1" missing-branches="462" number="416"/>
						<line hits="1" number="418"/>
						<line hits="1" number="420"/>
						<line branch="true" condition-coverage="50% (1/2)" hits="1" missing-branches="430" number="429"/>
						<line hits="0" number="430"/>
						<line branch="true" condition-coverage="100% (2/2)" hits="1" number="432"/>
						<line branch="true" condition-coverage="100% (2/2)" hits="1" number="433"/>
						<line branch="true" condition-coverage="100% (2/2)" hits="1" number="434"/>
						<line hits="1" number="435"/>
						<line hits="1" number="436"/>
						<line branch="true" condition-coverage="100% (2/2)" hits="1" number="438"/>
						<line hits="1" number="439"/>
						<line hits="1" number="440"/>
						<line branch="true" condition-coverage="100% (2/2)" hits="1" number="442"/>
						<line hits="1" number="443"/>
						<line hits="1" number="444"/>
						<line hits="1" number="445"/>
						<line hits="1" number="447"/>
						<line branch="true" condition-coverage="50% (1/2)" hits="1" missing-branches="453" number="452"/>
						<line hits="0" number="453"/>
						<line branch="true" condition-coverage="100% (2/2)" hits="1" number="456"/>
						<line hits="1" number="457"/>
						<line hits="1" number="459"/>
						<line hits="0" number="462"/>
						<line hits="0" number="464"/>
						<line hits="0" number="466"/>
						<line branch="true" condition-coverage="0% (0/2)" hits="0" missing-branches="472,474" number="471"/>
						<line hits="0" number="472"/>
						<line hits="0" number="474"/>
						<line hits="0" number="475"/>
						<line hits="0" number="476"/>
						<line hits="0" number="478"/>
						<line branch="true" condition-coverage="0% (0/2)" hits="0" missing-branches="481,483" number="480"/>
						<line branch="true" condition-coverage="0% (0/2)" hits="0" missing-branches="480,482" number="481"/>
						<line hits="0" number="482"/>
						<line hits="0" number="483"/>
						<line branch="true" condition-coverage="50% (1/2)" hits="1" missing-branches="490" number="486"/>
						<line hits="1" number="487"/>
						<line hits="1" number="488"/>
						<line hits="0" number="490"/>
						<line hits="0" number="492"/>
						<line hits="0" number="493"/>
						<line hits="0" number="494"/>
						<line hits="0" number="496"/>
						<line hits="0" number="499"/>
						<line hits="1" number="503"/>
						<line hits="1" number="520"/>
						<line hits="1" number="536"/>
						<line hits="1" number="537"/>
						<line hits="1" number="538"/>
						<line hits="0" number="539"/>
						<line hits="0" number="540"/>
						<line hits="1" number="543"/>
						<line hits="1" number="546"/>
						<line hits="1" number="547"/>
						<line hits="0" number="548"/>
						<line hits="0" number="549"/>
						<line hits="1" number="552"/>
						<line branch="true" condition-coverage="50% (1/2)" hits="1" missing-branches="556" number="555"/>
						<line hits="0" number="556"/>
						<line branch="true" condition-coverage="100% (2/2)" hits="1" number="558"/>
						<line hits="1" number="560"/>
						<line branch="true" condition-coverage="100% (2/2)" hits="1" number="562"/>
						<line hits="1" number="563"/>
						<line branch="true" condition-coverage="100% (2/2)" hits="1" number="564"/>
						<line hits="1" number="566"/>
						<line hits="1" number="570"/>
						<line branch="true" condition-coverage="100% (2/2)" hits="1" number="573"/>
						<line hits="1" number="574"/>
						<line hits="1" number="575"/>
						<line branch="true" condition-coverage="50% (1/2)" hits="1" missing-branches="584" number="578"/>
						<line hits="1" number="579"/>
						<line hits="1" number="581"/>
						<line hits="1" number="582"/>
						<line hits="0" number="584"/>
						<line hits="0" number="586"/>
						<line hits="0" number="587"/>
					</lines>
				</class>
				<class branch-rate="0.7313" complexity="0" filename="src/pytest_cases/common_pytest.py" line-rate="0.8161" name="common_pytest.py">
					<methods/>
					<lines>
						<line hits="1" number="5"/>
						<line hits="1" number="7"/>
						<line hits="1" number="8"/>
						<line hits="1" number="9"/>
						<line hits="1" number="10"/>
						<line hits="1" number="12"/>
						<line hits="1" number="14"/>
						<line hits="1" number="15"/>
						<line hits="1" number="19"/>
						<line hits="1" number="21"/>
						<line hits="1" number="22"/>
						<line hits="1" number="26"/>
						<line hits="1" number="27"/>
						<line hits="1" number="29"/>
						<line hits="1" number="30"/>
						<line hits="1" number="31"/>
						<line hits="1" number="34"/>
						<line branch="true" condition-coverage="50% (1/2)" hits="1" missing-branches="49" number="38"/>
						<line hits="1" number="39"/>
						<line hits="1" number="40"/>
						<line branch="true" condition-coverage="100% (2/2)" hits="1" number="42"/>
						<line hits="1" number="43"/>
						<line hits="1" number="46"/>
						<line hits="1" number="47"/>
						<line hits="0" number="49"/>
						<line hits="0" number="51"/>
						<line branch="true" condition-coverage="0% (0/2)" hits="0" missing-branches="54,57" number="52"/>
						<line hits="0" number="54"/>
						<line branch="true" condition-coverage="0% (0/2)" hits="0" missing-branches="58,61" number="57"/>
						<line hits="0" number="58"/>
						<line branch="true" condition-coverage="0% (0/2)" hits="0" missing-branches="62,64" number="61"/>
						<line hits="0" number="62"/>
						<line hits="0" number="64"/>
						<line hits="0" number="65"/>
						<line hits="1" number="68"/>
						<line branch="true" condition-coverage="0% (0/2)" hits="0" missing-branches="74,76" number="73"/>
						<line hits="0" number="74"/>
						<line hits="0" number="76"/>
						<line hits="0" number="77"/>
						<line hits="1" number="80"/>
						<line hits="1" number="81"/>
						<line branch="true" condition-coverage="100% (2/2)" hits="1" number="83"/>
						<line hits="1" number="87"/>
						<line hits="1" number="95"/>
						<line hits="1" number="96"/>
						<line hits="1" number="97"/>
						<line hits="1" number="98"/>
						<line hits="1" number="100"/>
						<line hits="1" number="103"/>
						<line branch="true" condition-coverage="100% (2/2)" hits="1" number="116"/>
						<line branch="true" condition-coverage="50% (1/2)" hits="1" missing-branches="122" number="120"/>
						<line hits="0" number="122"/>
						<line hits="0" number="123"/>
						<line hits="1" number="125"/>
						<line hits="1" number="128"/>
						<line hits="1" number="132"/>
						<line hits="1" number="133"/>
						<line hits="0" number="134"/>
						<line hits="0" number="135"/>
						<line hits="1" number="138"/>
						<line hits="1" number="142"/>
						<line hits="1" number="143"/>
						<line hits="0" number="144"/>
						<line hits="0" number="145"/>
						<line hits="1" number="148"/>
						<line branch="true" condition-coverage="100% (2/2)" hits="1" number="156"/>
						<line hits="1" number="157"/>
						<line hits="1" number="161"/>
						<line branch="true" condition-coverage="100% (2/2)" hits="1" number="172"/>
						<line hits="1" number="173"/>
						<line hits="1" number="174"/>
						<line hits="1" number="175"/>
						<line hits="1" number="176"/>
						<line hits="0" number="177"/>
						<line hits="0" number="178"/>
						<line hits="0" number="179"/>
						<line hits="0" number="180"/>
						<line hits="0" number="181"/>
						<line branch="true" condition-coverage="100% (2/2)" hits="1" number="183"/>
						<line hits="1" number="185"/>
						<line hits="1" number="187"/>
						<line branch="true" condition-coverage="50% (1/2)" hits="1" missing-branches="193" number="188"/>
						<line hits="1" number="190"/>
						<line hits="0" number="193"/>
						<line hits="1" number="196"/>
						<line hits="1" number="204"/>
						<line hits="1" number="205"/>
						<line hits="1" number="213"/>
						<line hits="1" number="214"/>
						<line hits="1" number="215"/>
						<line hits="1" number="216"/>
						<line hits="1" number="217"/>
						<line hits="1" number="218"/>
						<line hits="1" number="221"/>
						<line branch="true" condition-coverage="50% (1/2)" hits="1" missing-branches="230" number="227"/>
						<line hits="1" number="228"/>
						<line hits="0" number="230"/>
						<line hits="1" number="233"/>
						<line hits="1" number="241"/>
						<line hits="1" number="242"/>
						<line branch="true" condition-coverage="100% (2/2)" hits="1" number="243"/>
						<line hits="1" number="244"/>
						<line hits="1" number="245"/>
						<line hits="1" number="246"/>
						<line hits="1" number="250"/>
						<line branch="true" condition-coverage="100% (2/2)" hits="1" number="259"/>
						<line hits="1" number="262"/>
						<line branch="true" condition-coverage="100% (2/2)" hits="1" number="279"/>
						<line hits="1" number="282"/>
						<line branch="true" condition-coverage="50% (1/2)" hits="1" missing-branches="286" number="285"/>
						<line branch="true" condition-coverage="0% (0/2)" hits="0" missing-branches="287,288" number="286"/>
						<line hits="0" number="287"/>
						<line hits="0" number="288"/>
						<line hits="1" number="290"/>
						<line branch="true" condition-coverage="100% (2/2)" hits="1" number="293"/>
						<line branch="true" condition-coverage="100% (2/2)" hits="1" number="294"/>
						<line hits="1" number="295"/>
						<line hits="1" number="296"/>
						<line hits="1" number="299"/>
						<line hits="1" number="313"/>
						<line hits="1" number="315"/>
						<line hits="1" number="316"/>
						<line branch="true" condition-coverage="100% (2/2)" hits="1" number="318"/>
						<line branch="true" condition-coverage="100% (2/2)" hits="1" number="319"/>
						<line hits="1" number="322"/>
						<line hits="1" number="325"/>
						<line hits="1" number="327"/>
						<line hits="1" number="329"/>
						<line hits="1" number="330"/>
						<line branch="true" condition-coverage="100% (2/2)" hits="1" number="332"/>
						<line hits="1" number="333"/>
						<line branch="true" condition-coverage="50% (1/2)" hits="1" missing-branches="336" number="335"/>
						<line hits="0" number="336"/>
						<line hits="1" number="338"/>
						<line hits="1" number="341"/>
						<line branch="true" condition-coverage="50% (1/2)" hits="1" missing-branches="353" number="352"/>
						<line hits="0" number="353"/>
						<line hits="1" number="355"/>
						<line branch="true" condition-coverage="50% (1/2)" hits="1" missing-branches="357" number="356"/>
						<line hits="0" number="357"/>
						<line branch="true" condition-coverage="100% (2/2)" hits="1" number="358"/>
						<line hits="1" number="359"/>
						<line branch="true" condition-coverage="100% (2/2)" hits="1" number="360"/>
						<line hits="1" number="361"/>
						<line hits="1" number="362"/>
						<line hits="1" number="364"/>
						<line branch="true" condition-coverage="100% (2/2)" hits="1" number="365"/>
						<line branch="true" condition-coverage="50% (1/2)" hits="1" missing-branches="367" number="366"/>
						<line hits="0" number="367"/>
						<line hits="1" number="369"/>
						<line hits="1" number="370"/>
						<line hits="1" number="371"/>
						<line hits="1" number="408"/>
						<line hits="1" number="417"/>
						<line hits="1" number="418"/>
						<line hits="1" number="419"/>
						<line branch="true" condition-coverage="50% (1/2)" hits="1" missing-branches="421" number="420"/>
						<line hits="0" number="421"/>
						<line hits="1" number="422"/>
						<line branch="true" condition-coverage="100% (2/2)" hits="1" number="423"/>
						<line hits="1" number="424"/>
						<line hits="1" number="426"/>
						<line hits="1" number="427"/>
						<line hits="1" number="428"/>
						<line branch="true" condition-coverage="50% (1/2)" hits="1" missing-branches="431" number="430"/>
						<line hits="0" number="431"/>
						<line hits="1" number="434"/>
						<line hits="1" number="437"/>
						<line branch="true" condition-coverage="100% (2/2)" hits="1" number="439"/>
						<line hits="1" number="441"/>
						<line hits="1" number="443"/>
						<line hits="1" number="445"/>
						<line hits="1" number="446"/>
						<line hits="1" number="449"/>
						<line hits="1" number="452"/>
						<line hits="1" number="453"/>
						<line hits="1" number="455"/>
						<line hits="1" number="456"/>
						<line hits="1" number="458"/>
						<line hits="1" number="459"/>
						<line hits="1" number="461"/>
						<line hits="1" number="463"/>
						<line hits="1" number="465"/>
						<line hits="1" number="466"/>
						<line hits="1" number="516"/>
						<line hits="0" number="517"/>
						<line hits="0" number="518"/>
						<line hits="0" number="519"/>
						<line hits="0" number="520"/>
						<line hits="1" number="523"/>
						<line hits="1" number="525"/>
						<line hits="1" number="527"/>
						<line hits="1" number="528"/>
						<line hits="1" number="530"/>
						<line hits="1" number="531"/>
						<line hits="1" number="533"/>
						<line hits="1" number="534"/>
						<line branch="true" condition-coverage="50% (1/2)" hits="1" missing-branches="563" number="557"/>
						<line hits="1" number="558"/>
						<line hits="1" number="560"/>
						<line hits="1" number="561"/>
						<line hits="0" number="563"/>
						<line branch="true" condition-coverage="0% (0/2)" hits="0" missing-branches="566,570" number="565"/>
						<line hits="0" number="566"/>
						<line branch="true" condition-coverage="0% (0/2)" hits="0" missing-branches="571,576" number="570"/>
						<line hits="0" number="571"/>
						<line hits="0" number="576"/>
						<line hits="1" number="581"/>
						<line hits="1" number="594"/>
						<line hits="1" number="597"/>
						<line branch="true" condition-coverage="100% (2/2)" hits="1" number="603"/>
						<line hits="1" number="605"/>
						<line branch="true" condition-coverage="100% (2/2)" hits="1" number="607"/>
						<line hits="1" number="611"/>
						<line hits="1" number="614"/>
						<line hits="1" number="615"/>
						<line branch="true" condition-coverage="100% (2/2)" hits="1" number="656"/>
						<line hits="1" number="657"/>
						<line hits="1" number="659"/>
						<line hits="1" number="660"/>
						<line branch="true" condition-coverage="100% (2/2)" hits="1" number="663"/>
						<line hits="1" number="665"/>
						<line hits="1" number="666"/>
						<line hits="1" number="668"/>
						<line hits="1" number="679"/>
						<line hits="1" number="680"/>
						<line hits="1" number="681"/>
						<line hits="1" number="683"/>
						<line branch="true" condition-coverage="100% (2/2)" hits="1" number="685"/>
						<line branch="true" condition-coverage="100% (2/2)" hits="1" number="686"/>
						<line hits="1" number="687"/>
						<line hits="1" number="689"/>
						<line branch="true" condition-coverage="100% (2/2)" hits="1" number="690"/>
						<line hits="1" number="691"/>
						<line branch="true" condition-coverage="100% (2/2)" hits="1" number="693"/>
						<line hits="1" number="695"/>
						<line hits="1" number="697"/>
						<line hits="1" number="699"/>
						<line hits="1" number="701"/>
						<line hits="1" number="703"/>
						<line hits="1" number="705"/>
						<line branch="true" condition-coverage="100% (2/2)" hits="1" number="710"/>
						<line branch="true" condition-coverage="100% (2/2)" hits="1" number="711"/>
						<line branch="true" condition-coverage="50% (1/2)" hits="1" missing-branches="715" number="712"/>
						<line branch="true" condition-coverage="100% (2/2)" hits="1" number="713"/>
						<line hits="0" number="715"/>
						<line branch="true" condition-coverage="0% (0/2)" hits="0" missing-branches="717,722" number="716"/>
						<line branch="true" condition-coverage="0% (0/2)" hits="0" missing-branches="718,721" number="717"/>
						<line hits="0" number="718"/>
						<line hits="0" number="719"/>
						<line hits="0" number="721"/>
						<line hits="0" number="722"/>
						<line hits="1" number="724"/>
						<line hits="1" number="725"/>
						<line branch="true" condition-coverage="50% (1/2)" hits="1" missing-branches="732" number="729"/>
						<line branch="true" condition-coverage="0% (0/2)" hits="0" missing-branches="exit,733" number="732"/>
						<line hits="0" number="733"/>
						<line hits="1" number="736"/>
						<line hits="1" number="739"/>
						<line branch="true" condition-coverage="100% (2/2)" hits="1" number="742"/>
						<line branch="true" condition-coverage="50% (1/2)" hits="1" missing-branches="744" number="743"/>
						<line hits="0" number="744"/>
						<line branch="true" condition-coverage="100% (2/2)" hits="1" number="745"/>
						<line hits="1" number="748"/>
						<line hits="1" number="751"/>
						<line branch="true" condition-coverage="100% (2/2)" hits="1" number="753"/>
						<line hits="1" number="754"/>
						<line hits="1" number="755"/>
						<line hits="1" number="768"/>
						<line hits="1" number="771"/>
						<line hits="1" number="779"/>
						<line hits="1" number="782"/>
						<line hits="1" number="785"/>
						<line branch="true" condition-coverage="100% (2/2)" hits="1" number="796"/>
						<line hits="1" number="799"/>
						<line branch="true" condition-coverage="100% (2/2)" hits="1" number="802"/>
						<line branch="true" condition-coverage="100% (2/2)" hits="1" number="805"/>
						<line hits="1" number="808"/>
						<line hits="1" number="811"/>
						<line hits="1" number="812"/>
						<line hits="1" number="815"/>
						<line branch="true" condition-coverage="100% (2/2)" hits="1" number="818"/>
						<line hits="1" number="820"/>
						<line hits="1" number="823"/>
						<line hits="1" number="824"/>
						<line branch="true" condition-coverage="50% (1/2)" hits="1" missing-branches="826" number="825"/>
						<line hits="0" number="826"/>
						<line branch="true" condition-coverage="100% (2/2)" hits="1" number="830"/>
						<line branch="true" condition-coverage="100% (2/2)" hits="1" number="832"/>
						<line hits="1" number="833"/>
						<line hits="1" number="835"/>
						<line hits="1" number="837"/>
						<line branch="true" condition-coverage="100% (2/2)" hits="1" number="840"/>
						<line branch="true" condition-coverage="100% (2/2)" hits="1" number="841"/>
						<line hits="1" number="843"/>
						<line hits="1" number="845"/>
						<line hits="1" number="847"/>
						<line hits="1" number="850"/>
						<line hits="1" number="917"/>
						<line hits="1" number="924"/>
						<line hits="1" number="925"/>
						<line hits="1" number="927"/>
						<line hits="1" number="930"/>
						<line hits="1" number="932"/>
						<line hits="1" number="933"/>
						<line hits="1" number="934"/>
						<line hits="1" number="935"/>
						<line hits="1" number="936"/>
						<line hits="1" number="938"/>
						<line hits="1" number="940"/>
					</lines>
				</class>
				<class branch-rate="0.7162" complexity="0" filename="src/pytest_cases/common_pytest_lazy_values.py" line-rate="0.7933" name="common_pytest_lazy_values.py">
					<methods/>
					<lines>
						<line hits="1" number="5"/>
						<line hits="1" number="6"/>
						<line hits="1" number="8"/>
						<line hits="1" number="9"/>
						<line hits="1" number="13"/>
						<line hits="1" number="14"/>
						<line hits="1" number="18"/>
						<line hits="1" number="19"/>
						<line hits="1" number="23"/>
						<line branch="true" condition-coverage="100% (2/2)" hits="1" number="27"/>
						<line hits="1" number="31"/>
						<line hits="1" number="33"/>
						<line hits="1" number="37"/>
						<line hits="0" number="39"/>
						<line hits="1" number="42"/>
						<line hits="0" number="44"/>
						<line hits="1" number="46"/>
						<line hits="1" number="52"/>
						<line hits="1" number="54"/>
						<line hits="1" number="56"/>
						<line branch="true" condition-coverage="100% (2/2)" hits="1" number="57"/>
						<line hits="1" number="58"/>
						<line hits="1" number="59"/>
						<line hits="1" number="61"/>
						<line branch="true" condition-coverage="100% (2/2)" hits="1" number="64"/>
						<line hits="1" number="67"/>
						<line hits="1" number="70"/>
						<line hits="1" number="72"/>
						<line hits="0" number="75"/>
						<line hits="1" number="77"/>
						<line hits="1" number="79"/>
						<line hits="1" number="82"/>
						<line hits="1" number="87"/>
						<line branch="true" condition-coverage="50% (1/2)" hits="1" missing-branches="101" number="88"/>
						<line hits="1" number="96"/>
						<line branch="true" condition-coverage="50% (1/2)" hits="1" missing-branches="99" number="97"/>
						<line hits="1" number="98"/>
						<line hits="0" number="99"/>
						<line hits="0" number="101"/>
						<line hits="1" number="105"/>
						<line hits="1" number="108"/>
						<line branch="true" condition-coverage="100% (2/2)" hits="1" number="110"/>
						<line branch="true" condition-coverage="50% (1/2)" hits="1" missing-branches="116" number="111"/>
						<line branch="true" condition-coverage="100% (2/2)" hits="1" number="112"/>
						<line branch="true" condition-coverage="50% (1/2)" hits="1" missing-branches="114" number="113"/>
						<line hits="0" number="114"/>
						<line hits="0" number="116"/>
						<line hits="1" number="117"/>
						<line branch="true" condition-coverage="100% (2/2)" hits="1" number="121"/>
						<line branch="true" condition-coverage="50% (1/2)" hits="1" missing-branches="141" number="135"/>
						<line hits="1" number="136"/>
						<line hits="1" number="137"/>
						<line hits="0" number="141"/>
						<line hits="1" number="143"/>
						<line hits="1" number="148"/>
						<line hits="1" number="150"/>
						<line hits="1" number="151"/>
						<line hits="1" number="152"/>
						<line hits="1" number="155"/>
						<line hits="1" number="160"/>
						<line hits="1" number="161"/>
						<line hits="1" number="162"/>
						<line hits="1" number="163"/>
						<line hits="1" number="164"/>
						<line hits="1" number="166"/>
						<line hits="1" number="168"/>
						<line hits="1" number="170"/>
						<line hits="1" number="181"/>
						<line branch="true" condition-coverage="100% (2/2)" hits="1" number="183"/>
						<line branch="true" condition-coverage="50% (1/2)" hits="1" missing-branches="188" number="184"/>
						<line hits="1" number="186"/>
						<line hits="0" number="188"/>
						<line hits="1" number="190"/>
						<line hits="1" number="192"/>
						<line hits="1" number="194"/>
						<line branch="true" condition-coverage="100% (2/2)" hits="1" number="196"/>
						<line hits="1" number="197"/>
						<line hits="1" number="200"/>
						<line branch="true" condition-coverage="100% (2/2)" hits="1" number="201"/>
						<line hits="1" number="202"/>
						<line hits="1" number="205"/>
						<line branch="true" condition-coverage="50% (1/2)" hits="1" missing-branches="210" number="207"/>
						<line hits="1" number="208"/>
						<line hits="0" number="210"/>
						<line hits="1" number="212"/>
						<line hits="1" number="225"/>
						<line branch="true" condition-coverage="100% (2/2)" hits="1" number="227"/>
						<line hits="1" number="229"/>
						<line hits="1" number="231"/>
						<line hits="1" number="233"/>
						<line hits="1" number="235"/>
						<line branch="true" condition-coverage="100% (2/2)" hits="1" number="246"/>
						<line branch="true" condition-coverage="100% (2/2)" hits="1" number="248"/>
						<line branch="true" condition-coverage="100% (2/2)" hits="1" number="249"/>
						<line hits="1" number="250"/>
						<line hits="1" number="255"/>
						<line hits="1" number="258"/>
						<line branch="true" condition-coverage="50% (1/2)" hits="1" missing-branches="261" number="260"/>
						<line hits="0" number="261"/>
						<line hits="1" number="264"/>
						<line hits="1" number="266"/>
						<line hits="1" number="267"/>
						<line hits="1" number="269"/>
						<line branch="true" condition-coverage="100% (2/2)" hits="1" number="270"/>
						<line branch="true" condition-coverage="100% (2/2)" hits="1" number="273"/>
						<line branch="true" condition-coverage="50% (1/2)" hits="1" missing-branches="283" number="277"/>
						<line hits="1" number="278"/>
						<line hits="1" number="279"/>
						<line hits="0" number="283"/>
						<line hits="1" number="285"/>
						<line hits="1" number="290"/>
						<line hits="1" number="293"/>
						<line hits="1" number="297"/>
						<line hits="1" number="298"/>
						<line hits="1" number="300"/>
						<line hits="1" number="302"/>
						<line hits="1" number="304"/>
						<line branch="true" condition-coverage="50% (1/2)" hits="1" missing-branches="309" number="308"/>
						<line hits="0" number="309"/>
						<line hits="1" number="311"/>
						<line hits="1" number="313"/>
						<line branch="true" condition-coverage="100% (2/2)" hits="1" number="317"/>
						<line hits="1" number="319"/>
						<line hits="1" number="320"/>
						<line hits="1" number="322"/>
						<line hits="1" number="329"/>
						<line branch="true" condition-coverage="100% (2/2)" hits="1" number="332"/>
						<line hits="1" number="345"/>
						<line hits="1" number="346"/>
						<line hits="1" number="348"/>
						<line hits="1" number="353"/>
						<line hits="1" number="354"/>
						<line hits="1" number="357"/>
						<line hits="1" number="361"/>
						<line hits="1" number="362"/>
						<line hits="1" number="364"/>
						<line hits="1" number="366"/>
						<line hits="1" number="368"/>
						<line hits="1" number="369"/>
						<line hits="1" number="371"/>
						<line hits="1" number="373"/>
						<line hits="1" number="375"/>
						<line hits="1" number="381"/>
						<line hits="1" number="383"/>
						<line hits="1" number="394"/>
						<line hits="1" number="397"/>
						<line hits="0" number="399"/>
						<line hits="1" number="401"/>
						<line branch="true" condition-coverage="100% (2/2)" hits="1" number="407"/>
						<line hits="1" number="408"/>
						<line hits="1" number="412"/>
						<line hits="1" number="414"/>
						<line hits="1" number="417"/>
						<line hits="1" number="418"/>
						<line hits="1" number="419"/>
						<line hits="0" number="420"/>
						<line hits="0" number="421"/>
						<line branch="true" condition-coverage="50% (1/2)" hits="1" missing-branches="441" number="428"/>
						<line branch="true" condition-coverage="100% (2/2)" hits="1" number="432"/>
						<line hits="1" number="433"/>
						<line branch="true" condition-coverage="100% (2/2)" hits="1" number="435"/>
						<line hits="1" number="436"/>
						<line hits="0" number="441"/>
						<line branch="true" condition-coverage="0% (0/2)" hits="0" missing-branches="445,462" number="443"/>
						<line hits="0" number="445"/>
						<line hits="0" number="447"/>
						<line hits="0" number="449"/>
						<line hits="0" number="450"/>
						<line hits="0" number="451"/>
						<line hits="0" number="453"/>
						<line hits="0" number="455"/>
						<line hits="0" number="457"/>
						<line hits="0" number="460"/>
						<line branch="true" condition-coverage="0% (0/2)" hits="0" missing-branches="463,474" number="462"/>
						<line hits="0" number="466"/>
						<line branch="true" condition-coverage="0% (0/2)" hits="0" missing-branches="469,472" number="467"/>
						<line hits="0" number="469"/>
						<line hits="0" number="472"/>
						<line branch="true" condition-coverage="0% (0/2)" hits="0" missing-branches="475,486" number="474"/>
						<line hits="0" number="477"/>
						<line branch="true" condition-coverage="0% (0/2)" hits="0" missing-branches="480,483" number="478"/>
						<line hits="0" number="480"/>
						<line hits="0" number="483"/>
						<line hits="1" number="486"/>
						<line hits="1" number="508"/>
						<line hits="1" number="511"/>
						<line hits="1" number="513"/>
						<line hits="1" number="515"/>
						<line hits="0" number="516"/>
						<line hits="0" number="517"/>
						<line hits="1" number="520"/>
						<line hits="1" number="526"/>
						<line hits="1" number="528"/>
						<line hits="0" number="529"/>
						<line hits="0" number="530"/>
						<line hits="1" number="533"/>
						<line hits="1" number="542"/>
						<line hits="1" number="543"/>
						<line hits="0" number="544"/>
						<line hits="0" number="545"/>
						<line branch="true" condition-coverage="100% (2/2)" hits="1" number="547"/>
						<line hits="1" number="548"/>
						<line hits="1" number="550"/>
						<line hits="1" number="553"/>
						<line hits="1" number="561"/>
						<line hits="1" number="562"/>
						<line hits="1" number="563"/>
						<line hits="1" number="564"/>
					</lines>
				</class>
				<class branch-rate="0.5758" complexity="0" filename="src/pytest_cases/common_pytest_marks.py" line-rate="0.7267" name="common_pytest_marks.py">
					<methods/>
					<lines>
						<line hits="1" number="5"/>
						<line hits="1" number="7"/>
						<line hits="1" number="8"/>
						<line hits="1" number="10"/>
						<line hits="1" number="11"/>
						<line hits="1" number="15"/>
						<line hits="1" number="16"/>
						<line hits="1" number="20"/>
						<line hits="1" number="22"/>
						<line hits="1" number="23"/>
						<line hits="1" number="27"/>
						<line hits="1" number="30"/>
						<line hits="1" number="31"/>
						<line hits="1" number="32"/>
						<line hits="1" number="33"/>
						<line hits="1" number="34"/>
						<line hits="1" number="35"/>
						<line hits="1" number="36"/>
						<line hits="1" number="37"/>
						<line hits="1" number="38"/>
						<line hits="1" number="39"/>
						<line hits="1" number="40"/>
						<line hits="1" number="41"/>
						<line hits="1" number="42"/>
						<line hits="1" number="43"/>
						<line hits="1" number="44"/>
						<line hits="1" number="45"/>
						<line hits="1" number="48"/>
						<line branch="true" condition-coverage="100% (2/2)" hits="1" number="55"/>
						<line hits="1" number="56"/>
						<line hits="1" number="57"/>
						<line hits="1" number="61"/>
						<line hits="0" number="63"/>
						<line hits="1" number="66"/>
						<line hits="1" number="71"/>
						<line branch="true" condition-coverage="100% (2/2)" hits="1" number="74"/>
						<line hits="1" number="80"/>
						<line hits="1" number="82"/>
						<line hits="1" number="83"/>
						<line hits="1" number="84"/>
						<line hits="1" number="85"/>
						<line hits="1" number="86"/>
						<line hits="1" number="87"/>
						<line branch="true" condition-coverage="0% (0/2)" hits="0" missing-branches="90,92" number="89"/>
						<line hits="0" number="90"/>
						<line hits="1" number="92"/>
						<line hits="1" number="93"/>
						<line hits="1" number="94"/>
						<line hits="1" number="95"/>
						<line hits="1" number="96"/>
						<line hits="0" number="97"/>
						<line hits="0" number="99"/>
						<line branch="true" condition-coverage="100% (2/2)" hits="1" number="103"/>
						<line hits="1" number="104"/>
						<line hits="1" number="106"/>
						<line hits="0" number="107"/>
						<line hits="0" number="108"/>
						<line hits="1" number="112"/>
						<line hits="1" number="114"/>
						<line hits="1" number="115"/>
						<line hits="1" number="117"/>
						<line hits="1" number="120"/>
						<line branch="true" condition-coverage="100% (2/2)" hits="1" number="131"/>
						<line hits="1" number="134"/>
						<line hits="1" number="146"/>
						<line hits="1" number="147"/>
						<line hits="1" number="148"/>
						<line hits="1" number="149"/>
						<line branch="true" condition-coverage="100% (2/2)" hits="1" number="152"/>
						<line hits="0" number="153"/>
						<line hits="0" number="154"/>
						<line branch="true" condition-coverage="100% (2/2)" hits="1" number="157"/>
						<line hits="1" number="158"/>
						<line hits="1" number="160"/>
						<line hits="1" number="163"/>
						<line branch="true" condition-coverage="50% (1/2)" hits="1" missing-branches="168" number="165"/>
						<line hits="1" number="166"/>
						<line branch="true" condition-coverage="0% (0/2)" hits="0" missing-branches="exit,exit" number="168"/>
						<line hits="1" number="171"/>
						<line hits="1" number="173"/>
						<line branch="true" condition-coverage="100% (2/2)" hits="1" number="174"/>
						<line branch="true" condition-coverage="100% (2/2)" hits="1" number="175"/>
						<line hits="1" number="180"/>
						<line branch="true" condition-coverage="50% (1/2)" hits="1" missing-branches="182" number="181"/>
						<line hits="0" number="182"/>
						<line hits="1" number="184"/>
						<line hits="1" number="187"/>
						<line hits="1" number="188"/>
						<line branch="true" condition-coverage="50% (1/2)" hits="1" missing-branches="195" number="189"/>
						<line branch="true" condition-coverage="100% (2/2)" hits="1" number="191"/>
						<line hits="1" number="192"/>
						<line hits="0" number="195"/>
						<line hits="0" number="196"/>
						<line hits="0" number="197"/>
						<line hits="0" number="198"/>
						<line hits="1" number="199"/>
						<line hits="1" number="202"/>
						<line hits="1" number="210"/>
						<line branch="true" condition-coverage="100% (2/2)" hits="1" number="211"/>
						<line branch="true" condition-coverage="100% (2/2)" hits="1" number="212"/>
						<line hits="1" number="215"/>
						<line branch="true" condition-coverage="50% (1/2)" hits="1" missing-branches="218" number="216"/>
						<line branch="true" condition-coverage="0% (0/2)" hits="0" missing-branches="219,220" number="218"/>
						<line hits="0" number="219"/>
						<line hits="0" number="220"/>
						<line branch="true" condition-coverage="0% (0/2)" hits="0" missing-branches="222,227" number="221"/>
						<line hits="0" number="222"/>
						<line hits="0" number="227"/>
						<line branch="true" condition-coverage="0% (0/2)" hits="0" missing-branches="229,231" number="228"/>
						<line hits="0" number="229"/>
						<line hits="0" number="230"/>
						<line hits="0" number="231"/>
						<line hits="1" number="233"/>
						<line hits="1" number="242"/>
						<line branch="true" condition-coverage="50% (1/2)" hits="1" missing-branches="248" number="245"/>
						<line hits="0" number="248"/>
						<line branch="true" condition-coverage="0% (0/2)" hits="0" missing-branches="250,252" number="249"/>
						<line hits="0" number="250"/>
						<line branch="true" condition-coverage="0% (0/2)" hits="0" missing-branches="253,256" number="252"/>
						<line hits="0" number="253"/>
						<line hits="0" number="256"/>
						<line hits="0" number="261"/>
						<line hits="1" number="264"/>
						<line branch="true" condition-coverage="50% (1/2)" hits="1" missing-branches="266" number="265"/>
						<line hits="0" number="266"/>
						<line hits="1" number="269"/>
						<line hits="1" number="272"/>
						<line hits="1" number="275"/>
						<line hits="1" number="289"/>
						<line hits="1" number="290"/>
						<line hits="1" number="292"/>
						<line hits="1" number="293"/>
						<line branch="true" condition-coverage="100% (2/2)" hits="1" number="294"/>
						<line hits="1" number="296"/>
						<line branch="true" condition-coverage="50% (1/2)" hits="1" missing-branches="307" number="298"/>
						<line branch="true" condition-coverage="100% (2/2)" hits="1" number="299"/>
						<line hits="1" number="301"/>
						<line hits="1" number="303"/>
						<line hits="1" number="304"/>
						<line hits="0" number="307"/>
						<line branch="true" condition-coverage="0% (0/2)" hits="0" missing-branches="310,312" number="309"/>
						<line hits="0" number="310"/>
						<line hits="0" number="312"/>
						<line hits="0" number="313"/>
						<line hits="0" number="318"/>
						<line hits="0" number="320"/>
						<line hits="0" number="321"/>
						<line hits="1" number="322"/>
						<line hits="1" number="325"/>
						<line branch="true" condition-coverage="100% (2/2)" hits="1" number="334"/>
						<line hits="1" number="335"/>
						<line hits="1" number="337"/>
						<line hits="1" number="339"/>
						<line hits="1" number="340"/>
						<line hits="1" number="342"/>
						<line hits="1" number="345"/>
						<line branch="true" condition-coverage="50% (1/2)" hits="1" missing-branches="350" number="348"/>
						<line branch="true" condition-coverage="100% (2/2)" hits="1" number="349"/>
						<line branch="true" condition-coverage="0% (0/2)" hits="0" missing-branches="351,353" number="350"/>
						<line hits="0" number="351"/>
						<line branch="true" condition-coverage="0% (0/2)" hits="0" missing-branches="exit,exit" number="353"/>
					</lines>
				</class>
				<class branch-rate="1" complexity="0" filename="src/pytest_cases/filters.py" line-rate="0.8649" name="filters.py">
					<methods/>
					<lines>
						<line hits="1" number="5"/>
						<line hits="1" number="7"/>
						<line branch="true" condition-coverage="100% (2/2)" hits="1" number="10"/>
						<line hits="1" number="19"/>
						<line hits="1" number="20"/>
						<line hits="1" number="22"/>
						<line hits="1" number="23"/>
						<line hits="1" number="25"/>
						<line branch="true" condition-coverage="100% (2/2)" hits="1" number="26"/>
						<line hits="1" number="30"/>
						<line hits="0" number="31"/>
						<line hits="1" number="33"/>
						<line branch="true" condition-coverage="100% (2/2)" hits="1" number="34"/>
						<line hits="1" number="38"/>
						<line hits="0" number="39"/>
						<line hits="1" number="41"/>
						<line branch="true" condition-coverage="100% (2/2)" hits="1" number="42"/>
						<line hits="1" number="47"/>
						<line hits="1" number="56"/>
						<line hits="1" number="57"/>
						<line hits="1" number="61"/>
						<line hits="1" number="64"/>
						<line hits="1" number="73"/>
						<line hits="1" number="74"/>
						<line hits="1" number="76"/>
						<line hits="1" number="79"/>
						<line hits="1" number="88"/>
						<line hits="1" number="89"/>
						<line hits="1" number="91"/>
						<line hits="1" number="94"/>
						<line hits="1" number="103"/>
						<line hits="1" number="104"/>
						<line hits="1" number="106"/>
						<line hits="1" number="109"/>
						<line hits="0" number="118"/>
						<line hits="0" number="119"/>
						<line hits="0" number="121"/>
					</lines>
				</class>
				<class branch-rate="0.7917" complexity="0" filename="src/pytest_cases/fixture__creation.py" line-rate="0.8302" name="fixture__creation.py">
					<methods/>
					<lines>
						<line hits="1" number="5"/>
						<line hits="1" number="7"/>
						<line hits="1" number="8"/>
						<line hits="1" number="10"/>
						<line hits="1" number="12"/>
						<line hits="1" number="13"/>
						<line hits="1" number="17"/>
						<line branch="true" condition-coverage="100% (2/2)" hits="1" number="20"/>
						<line hits="1" number="24"/>
						<line hits="0" number="25"/>
						<line hits="0" number="26"/>
						<line hits="0" number="27"/>
						<line hits="1" number="29"/>
						<line hits="0" number="30"/>
						<line hits="1" number="34"/>
						<line hits="1" number="35"/>
						<line hits="1" number="36"/>
						<line hits="1" number="39"/>
						<line hits="1" number="61"/>
						<line branch="true" condition-coverage="100% (2/2)" hits="1" number="62"/>
						<line branch="true" condition-coverage="50% (1/2)" hits="1" missing-branches="64" number="63"/>
						<line hits="0" number="64"/>
						<line branch="true" condition-coverage="50% (1/2)" hits="1" missing-branches="66" number="65"/>
						<line hits="0" number="66"/>
						<line hits="1" number="67"/>
						<line branch="true" condition-coverage="100% (2/2)" hits="1" number="69"/>
						<line hits="1" number="71"/>
						<line hits="1" number="72"/>
						<line hits="1" number="74"/>
						<line branch="true" condition-coverage="100% (2/2)" hits="1" number="76"/>
						<line branch="true" condition-coverage="100% (2/2)" hits="1" number="77"/>
						<line hits="1" number="78"/>
						<line branch="true" condition-coverage="50% (1/2)" hits="1" missing-branches="82" number="81"/>
						<line hits="0" number="82"/>
						<line branch="true" condition-coverage="50% (1/2)" hits="1" missing-branches="85" number="84"/>
						<line hits="0" number="85"/>
						<line branch="true" condition-coverage="50% (1/2)" hits="1" missing-branches="97" number="87"/>
						<line hits="1" number="89"/>
						<line hits="1" number="90"/>
						<line branch="true" condition-coverage="100% (2/2)" hits="1" number="91"/>
						<line hits="1" number="92"/>
						<line hits="1" number="93"/>
						<line hits="1" number="95"/>
						<line hits="0" number="97"/>
						<line hits="1" number="99"/>
						<line hits="1" number="102"/>
						<line hits="1" number="110"/>
						<line hits="1" number="111"/>
						<line hits="1" number="114"/>
						<line hits="1" number="123"/>
						<line branch="true" condition-coverage="100% (2/2)" hits="1" number="124"/>
						<line hits="1" number="125"/>
						<line hits="1" number="126"/>
					</lines>
				</class>
				<class branch-rate="0.9375" complexity="0" filename="src/pytest_cases/fixture_core1_unions.py" line-rate="0.9412" name="fixture_core1_unions.py">
					<methods/>
					<lines>
						<line hits="1" number="5"/>
						<line hits="1" number="7"/>
						<line hits="1" number="8"/>
						<line hits="1" number="10"/>
						<line hits="1" number="12"/>
						<line hits="1" number="14"/>
						<line hits="1" number="15"/>
						<line hits="1" number="19"/>
						<line hits="1" number="20"/>
						<line hits="1" number="21"/>
						<line hits="1" number="25"/>
						<line hits="1" number="26"/>
						<line hits="1" number="28"/>
						<line branch="true" condition-coverage="100% (2/2)" hits="1" number="31"/>
						<line hits="1" number="32"/>
						<line hits="1" number="33"/>
						<line branch="true" condition-coverage="100% (2/2)" hits="1" number="36"/>
						<line hits="1" number="37"/>
						<line hits="0" number="38"/>
						<line hits="1" number="41"/>
						<line hits="1" number="45"/>
						<line branch="true" condition-coverage="100% (2/2)" hits="1" number="49"/>
						<line hits="1" number="53"/>
						<line hits="1" number="58"/>
						<line hits="1" number="60"/>
						<line hits="1" number="65"/>
						<line hits="1" number="67"/>
						<line hits="1" number="72"/>
						<line hits="1" number="74"/>
						<line branch="true" condition-coverage="100% (2/2)" hits="1" number="85"/>
						<line hits="1" number="87"/>
						<line hits="1" number="88"/>
						<line hits="1" number="89"/>
						<line hits="0" number="90"/>
						<line hits="0" number="91"/>
						<line hits="1" number="94"/>
						<line branch="true" condition-coverage="100% (2/2)" hits="1" number="97"/>
						<line hits="1" number="99"/>
						<line hits="1" number="101"/>
						<line hits="1" number="113"/>
						<line hits="1" number="114"/>
						<line hits="1" number="115"/>
						<line hits="1" number="117"/>
						<line hits="1" number="119"/>
						<line hits="1" number="121"/>
						<line hits="1" number="123"/>
						<line hits="1" number="125"/>
						<line hits="1" number="127"/>
						<line hits="1" number="129"/>
						<line hits="1" number="131"/>
						<line hits="1" number="133"/>
						<line hits="0" number="134"/>
						<line hits="1" number="137"/>
						<line hits="1" number="140"/>
						<line branch="true" condition-coverage="100% (2/2)" hits="1" number="141"/>
						<line branch="true" condition-coverage="100% (2/2)" hits="1" number="142"/>
						<line hits="1" number="143"/>
						<line hits="1" number="144"/>
						<line hits="1" number="145"/>
						<line branch="true" condition-coverage="100% (2/2)" hits="1" number="148"/>
						<line hits="1" number="153"/>
						<line hits="1" number="155"/>
						<line hits="1" number="156"/>
						<line hits="1" number="158"/>
						<line hits="1" number="159"/>
						<line hits="1" number="163"/>
						<line hits="1" number="172"/>
						<line branch="true" condition-coverage="100% (2/2)" hits="1" number="173"/>
						<line hits="1" number="174"/>
						<line branch="true" condition-coverage="50% (1/2)" hits="1" missing-branches="178" number="176"/>
						<line hits="0" number="178"/>
[...]
						<line branch="true" condition-coverage="100% (2/2)" hits="1" number="227"/>
						<line hits="1" number="228"/>
						<line hits="1" number="232"/>
						<line hits="1" number="249"/>
						<line hits="1" number="251"/>
						<line hits="1" number="252"/>
						<line hits="1" number="254"/>
						<line branch="true" condition-coverage="100% (2/2)" hits="1" number="256"/>
						<line hits="1" number="257"/>
						<line branch="true" condition-coverage="100% (2/2)" hits="1" number="258"/>
						<line hits="1" number="259"/>
						<line hits="1" number="261"/>
						<line hits="1" number="263"/>
						<line branch="true" condition-coverage="100% (2/2)" hits="1" number="280"/>
						<line hits="1" number="281"/>
						<line hits="1" number="284"/>
						<line branch="true" condition-coverage="100% (2/2)" hits="1" number="285"/>
						<line hits="1" number="286"/>
						<line branch="true" condition-coverage="100% (2/2)" hits="1" number="289"/>
						<line hits="1" number="290"/>
						<line branch="true" condition-coverage="100% (2/2)" hits="1" number="293"/>
						<line hits="1" number="294"/>
						<line hits="1" number="295"/>
						<line hits="1" number="298"/>
						<line branch="true" condition-coverage="100% (2/2)" hits="1" number="299"/>
						<line hits="1" number="301"/>
						<line hits="1" number="302"/>
						<line hits="1" number="305"/>
						<line hits="1" number="306"/>
						<line branch="true" condition-coverage="100% (2/2)" hits="1" number="308"/>
						<line hits="1" number="312"/>
						<line branch="true" condition-coverage="100% (2/2)" hits="1" number="317"/>
						<line hits="1" number="319"/>
						<line hits="1" number="322"/>
						<line hits="1" number="326"/>
						<line hits="1" number="327"/>
						<line hits="1" number="331"/>
						<line hits="1" number="334"/>
						<line hits="1" number="338"/>
						<line hits="1" number="339"/>
						<line hits="1" number="382"/>
						<line hits="1" number="384"/>
						<line branch="true" condition-coverage="100% (2/2)" hits="1" number="385"/>
						<line branch="true" condition-coverage="100% (2/2)" hits="1" number="386"/>
						<line hits="1" number="387"/>
						<line hits="1" number="389"/>
						<line hits="1" number="390"/>
						<line hits="1" number="391"/>
						<line hits="1" number="392"/>
						<line branch="true" condition-coverage="100% (2/2)" hits="1" number="395"/>
						<line branch="true" condition-coverage="100% (2/2)" hits="1" number="396"/>
						<line hits="1" number="397"/>
						<line hits="1" number="399"/>
						<line branch="true" condition-coverage="50% (1/2)" hits="1" missing-branches="402" number="401"/>
						<line hits="0" number="402"/>
						<line branch="true" condition-coverage="100% (2/2)" hits="1" number="403"/>
						<line branch="true" condition-coverage="50% (1/2)" hits="1" missing-branches="exit" number="405"/>
						<line hits="1" number="406"/>
						<line branch="true" condition-coverage="100% (2/2)" hits="1" number="409"/>
						<line hits="1" number="410"/>
						<line hits="1" number="412"/>
						<line branch="true" condition-coverage="50% (1/2)" hits="1" missing-branches="423" number="422"/>
						<line hits="0" number="423"/>
						<line hits="1" number="429"/>
						<line hits="1" number="432"/>
						<line hits="1" number="433"/>
						<line branch="true" condition-coverage="100% (2/2)" hits="1" number="436"/>
						<line hits="1" number="438"/>
						<line hits="1" number="439"/>
						<line hits="1" number="447"/>
						<line hits="1" number="448"/>
						<line hits="1" number="450"/>
						<line hits="1" number="451"/>
						<line hits="1" number="455"/>
						<line hits="1" number="457"/>
						<line hits="1" number="460"/>
						<line branch="true" condition-coverage="100% (2/2)" hits="1" number="462"/>
						<line hits="1" number="463"/>
						<line branch="true" condition-coverage="100% (2/2)" hits="1" number="464"/>
						<line hits="1" number="466"/>
						<line branch="true" condition-coverage="100% (2/2)" hits="1" number="467"/>
						<line hits="1" number="469"/>
						<line hits="1" number="470"/>
						<line hits="1" number="473"/>
						<line hits="1" number="475"/>
						<line hits="1" number="477"/>
						<line hits="1" number="486"/>
						<line branch="true" condition-coverage="100% (2/2)" hits="1" number="489"/>
						<line hits="1" number="490"/>
						<line branch="true" condition-coverage="100% (2/2)" hits="1" number="493"/>
						<line branch="true" condition-coverage="100% (2/2)" hits="1" number="494"/>
						<line hits="1" number="495"/>
						<line hits="1" number="497"/>
						<line hits="1" number="499"/>
						<line hits="1" number="501"/>
						<line hits="1" number="505"/>
						<line hits="1" number="516"/>
						<line branch="true" condition-coverage="100% (2/2)" hits="1" number="517"/>
						<line hits="1" number="519"/>
						<line hits="1" number="520"/>
						<line hits="1" number="522"/>
						<line branch="true" condition-coverage="100% (2/2)" hits="1" number="523"/>
						<line hits="1" number="524"/>
						<line branch="true" condition-coverage="100% (2/2)" hits="1" number="525"/>
						<line branch="true" condition-coverage="100% (2/2)" hits="1" number="527"/>
						<line hits="1" number="529"/>
						<line hits="1" number="530"/>
						<line branch="true" condition-coverage="100% (2/2)" hits="1" number="533"/>
						<line hits="1" number="535"/>
						<line hits="1" number="537"/>
						<line hits="1" number="540"/>
						<line branch="true" condition-coverage="100% (2/2)" hits="1" number="543"/>
						<line hits="1" number="556"/>
						<line hits="1" number="558"/>
						<line hits="1" number="565"/>
						<line hits="1" number="567"/>
						<line hits="1" number="569"/>
						<line hits="1" number="572"/>
						<line hits="1" number="583"/>
						<line hits="1" number="587"/>
						<line hits="0" number="590"/>
						<line hits="0" number="591"/>
						<line hits="1" number="593"/>
						<line hits="1" number="595"/>
						<line hits="1" number="596"/>
						<line branch="true" condition-coverage="100% (2/2)" hits="1" number="597"/>
						<line hits="1" number="603"/>
						<line branch="true" condition-coverage="50% (1/2)" hits="1" missing-branches="615" number="610"/>
						<line branch="true" condition-coverage="100% (2/2)" hits="1" number="612"/>
						<line hits="0" number="615"/>
						<line hits="1" number="619"/>
						<line hits="1" number="620"/>
						<line hits="1" number="622"/>
						<line hits="1" number="628"/>
						<line hits="1" number="630"/>
						<line hits="1" number="636"/>
						<line branch="true" condition-coverage="100% (2/2)" hits="1" number="638"/>
						<line hits="1" number="640"/>
						<line branch="true" condition-coverage="50% (1/2)" hits="1" missing-branches="651" number="642"/>
						<line branch="true" condition-coverage="50% (1/2)" hits="1" missing-branches="651" number="643"/>
						<line hits="1" number="645"/>
						<line hits="1" number="648"/>
						<line hits="0" number="651"/>
						<line hits="1" number="654"/>
						<line hits="1" number="655"/>
						<line hits="1" number="657"/>
						<line branch="true" condition-coverage="100% (2/2)" hits="1" number="669"/>
						<line hits="1" number="671"/>
						<line hits="1" number="672"/>
						<line hits="1" number="673"/>
						<line branch="true" condition-coverage="50% (1/2)" hits="1" missing-branches="675" number="674"/>
						<line hits="0" number="675"/>
						<line hits="1" number="681"/>
						<line hits="1" number="684"/>
						<line branch="true" condition-coverage="100% (2/2)" hits="1" number="687"/>
						<line hits="1" number="689"/>
						<line hits="1" number="691"/>
						<line hits="1" number="696"/>
						<line hits="1" number="698"/>
						<line hits="1" number="707"/>
						<line hits="1" number="710"/>
						<line hits="1" number="713"/>
						<line hits="1" number="719"/>
						<line branch="true" condition-coverage="50% (1/2)" hits="1" missing-branches="724" number="720"/>
						<line hits="1" number="722"/>
						<line branch="true" condition-coverage="50% (1/2)" hits="1" missing-branches="730" number="724"/>
						<line hits="1" number="726"/>
						<line hits="0" number="730"/>
						<line hits="1" number="733"/>
						<line hits="1" number="738"/>
						<line hits="1" number="739"/>
						<line branch="true" condition-coverage="50% (1/2)" hits="1" missing-branches="744" number="741"/>
						<line hits="1" number="742"/>
						<line hits="0" number="744"/>
						<line hits="1" number="747"/>
						<line hits="1" number="762"/>
						<line branch="true" condition-coverage="50% (1/2)" hits="1" missing-branches="765" number="764"/>
						<line hits="0" number="765"/>
						<line hits="1" number="768"/>
						<line hits="1" number="770"/>
						<line branch="true" condition-coverage="100% (2/2)" hits="1" number="772"/>
						<line branch="true" condition-coverage="50% (1/2)" hits="1" missing-branches="772" number="773"/>
						<line hits="1" number="774"/>
						<line branch="true" condition-coverage="100% (2/2)" hits="1" number="779"/>
						<line hits="1" number="782"/>
						<line hits="1" number="784"/>
						<line hits="1" number="787"/>
						<line hits="1" number="790"/>
						<line hits="1" number="793"/>
						<line hits="1" number="794"/>
						<line hits="1" number="795"/>
						<line hits="1" number="796"/>
						<line hits="1" number="797"/>
						<line branch="true" condition-coverage="100% (2/2)" hits="1" number="800"/>
						<line hits="1" number="801"/>
						<line branch="true" condition-coverage="50% (1/2)" hits="1" missing-branches="804" number="803"/>
						<line hits="0" number="804"/>
						<line hits="0" number="805"/>
						<line hits="0" number="806"/>
						<line hits="1" number="808"/>
						<line hits="1" number="811"/>
						<line hits="1" number="819"/>
						<line hits="1" number="822"/>
						<line branch="true" condition-coverage="100% (2/2)" hits="1" number="825"/>
						<line hits="1" number="828"/>
						<line hits="1" number="830"/>
						<line branch="true" condition-coverage="0% (0/2)" hits="0" missing-branches="exit,exit" number="831"/>
						<line branch="true" condition-coverage="100% (2/2)" hits="1" number="836"/>
						<line hits="1" number="839"/>
						<line hits="1" number="841"/>
						<line hits="0" number="842"/>
						<line hits="1" number="846"/>
						<line branch="true" condition-coverage="100% (2/2)" hits="1" number="857"/>
						<line hits="1" number="859"/>
						<line branch="true" condition-coverage="100% (2/2)" hits="1" number="867"/>
						<line branch="true" condition-coverage="50% (1/2)" hits="1" missing-branches="870" number="869"/>
						<line hits="0" number="870"/>
						<line hits="1" number="871"/>
						<line hits="1" number="872"/>
						<line branch="true" condition-coverage="100% (2/2)" hits="1" number="875"/>
						<line branch="true" condition-coverage="50% (1/2)" hits="1" missing-branches="877" number="876"/>
						<line hits="0" number="877"/>
						<line hits="1" number="878"/>
						<line hits="1" number="879"/>
						<line branch="true" condition-coverage="50% (1/2)" hits="1" missing-branches="881" number="880"/>
						<line hits="0" number="881"/>
						<line hits="1" number="884"/>
						<line hits="1" number="887"/>
						<line branch="true" condition-coverage="100% (2/2)" hits="1" number="890"/>
						<line hits="1" number="908"/>
						<line hits="1" number="910"/>
						<line hits="1" number="911"/>
						<line hits="1" number="912"/>
						<line hits="1" number="913"/>
						<line hits="1" number="917"/>
						<line hits="1" number="920"/>
						<line hits="1" number="922"/>
						<line branch="true" condition-coverage="0% (0/2)" hits="0" missing-branches="exit,exit" number="924"/>
						<line hits="1" number="928"/>
						<line hits="1" number="929"/>
						<line hits="1" number="931"/>
						<line hits="1" number="932"/>
						<line hits="1" number="934"/>
						<line branch="true" condition-coverage="100% (2/2)" hits="1" number="941"/>
						<line hits="1" number="943"/>
						<line hits="1" number="945"/>
						<line hits="1" number="949"/>
						<line hits="1" number="958"/>
						<line hits="1" number="962"/>
						<line branch="true" condition-coverage="100% (2/2)" hits="1" number="963"/>
						<line hits="1" number="964"/>
						<line hits="1" number="967"/>
						<line hits="1" number="968"/>
						<line branch="true" condition-coverage="50% (1/2)" hits="1" missing-branches="971" number="970"/>
						<line hits="0" number="971"/>
						<line hits="0" number="972"/>
						<line hits="0" number="973"/>
						<line hits="0" number="974"/>
						<line hits="1" number="977"/>
						<line hits="1" number="978"/>
						<line hits="1" number="981"/>
						<line branch="true" condition-coverage="50% (1/2)" hits="1" missing-branches="988" number="987"/>
						<line branch="true" condition-coverage="0% (0/2)" hits="0" missing-branches="exit,994" number="988"/>
						<line branch="true" condition-coverage="100% (2/2)" hits="1" number="994"/>
						<line hits="1" number="995"/>
						<line hits="1" number="998"/>
						<line hits="1" number="999"/>
						<line hits="1" number="1001"/>
						<line hits="1" number="1004"/>
						<line hits="1" number="1015"/>
						<line hits="1" number="1016"/>
						<line hits="1" number="1018"/>
						<line hits="1" number="1019"/>
						<line hits="1" number="1022"/>
						<line hits="1" number="1038"/>
						<line branch="true" condition-coverage="50% (1/2)" hits="1" missing-branches="1040" number="1039"/>
						<line hits="0" number="1040"/>
						<line hits="1" number="1043"/>
						<line branch="true" condition-coverage="100% (2/2)" hits="1" number="1045"/>
						<line hits="1" number="1046"/>
						<line hits="1" number="1047"/>
						<line hits="0" number="1048"/>
						<line hits="0" number="1049"/>
						<line branch="true" condition-coverage="100% (2/2)" hits="1" number="1051"/>
						<line hits="1" number="1052"/>
						<line branch="true" condition-coverage="100% (2/2)" hits="1" number="1056"/>
						<line hits="1" number="1057"/>
						<line branch="true" condition-coverage="100% (2/2)" hits="1" number="1060"/>
						<line branch="true" condition-coverage="100% (2/2)" hits="1" number="1061"/>
						<line branch="true" condition-coverage="100% (2/2)" hits="1" number="1063"/>
						<line hits="1" number="1064"/>
						<line hits="1" number="1068"/>
						<line branch="true" condition-coverage="50% (1/2)" hits="1" missing-branches="1070" number="1069"/>
						<line hits="0" number="1070"/>
						<line hits="1" number="1072"/>
						<line hits="1" number="1073"/>
						<line hits="1" number="1076"/>
						<line hits="1" number="1077"/>
						<line hits="1" number="1078"/>
						<line branch="true" condition-coverage="100% (2/2)" hits="1" number="1085"/>
						<line branch="true" condition-coverage="100% (2/2)" hits="1" number="1086"/>
						<line branch="true" condition-coverage="100% (2/2)" hits="1" number="1087"/>
						<line hits="1" number="1089"/>
						<line hits="1" number="1090"/>
						<line hits="1" number="1091"/>
						<line hits="1" number="1094"/>
						<line hits="1" number="1095"/>
						<line hits="1" number="1096"/>
						<line hits="1" number="1228"/>
						<line hits="0" number="1232"/>
						<line hits="1" number="1235"/>
						<line hits="1" number="1240"/>
						<line hits="1" number="1243"/>
						<line hits="1" number="1246"/>
						<line hits="1" number="1249"/>
						<line branch="true" condition-coverage="100% (2/2)" hits="1" number="1252"/>
						<line branch="true" condition-coverage="100% (2/2)" hits="1" number="1253"/>
						<line hits="1" number="1254"/>
						<line hits="1" number="1257"/>
						<line hits="1" number="1258"/>
						<line hits="1" number="1261"/>
						<line branch="true" condition-coverage="100% (2/2)" hits="1" number="1286"/>
						<line branch="true" condition-coverage="100% (2/2)" hits="1" number="1288"/>
						<line hits="1" number="1289"/>
						<line hits="1" number="1291"/>
						<line hits="1" number="1292"/>
						<line hits="1" number="1294"/>
						<line branch="true" condition-coverage="50% (1/2)" hits="1" missing-branches="1297" number="1296"/>
						<line hits="0" number="1297"/>
						<line branch="true" condition-coverage="50% (1/2)" hits="1" missing-branches="1308" number="1298"/>
						<line branch="true" condition-coverage="50% (1/2)" hits="1" missing-branches="1301" number="1300"/>
						<line hits="0" number="1301"/>
						<line hits="1" number="1304"/>
						<line hits="0" number="1308"/>
						<line branch="true" condition-coverage="100% (2/2)" hits="1" number="1311"/>
						<line hits="1" number="1313"/>
						<line hits="1" number="1314"/>
						<line hits="1" number="1317"/>
						<line hits="1" number="1319"/>
						<line hits="0" number="1320"/>
						<line hits="0" number="1321"/>
						<line branch="true" condition-coverage="50% (1/2)" hits="1" missing-branches="1324" number="1323"/>
						<line hits="0" number="1324"/>
						<line branch="true" condition-coverage="50% (1/2)" hits="1" missing-branches="exit" number="1325"/>
						<line branch="true" condition-coverage="50% (1/2)" hits="1" missing-branches="1328" number="1327"/>
						<line hits="0" number="1328"/>
						<line hits="1" number="1332"/>
						<line hits="1" number="1337"/>
						<line branch="true" condition-coverage="100% (2/2)" hits="1" number="1338"/>
						<line hits="1" number="1339"/>
						<line branch="true" condition-coverage="100% (2/2)" hits="1" number="1340"/>
						<line hits="1" number="1343"/>
						<line hits="1" number="1344"/>
						<line hits="1" number="1354"/>
						<line hits="1" number="1357"/>
						<line hits="1" number="1358"/>
						<line hits="1" number="1359"/>
						<line hits="1" number="1375"/>
						<line branch="true" condition-coverage="100% (2/2)" hits="1" number="1376"/>
						<line hits="1" number="1379"/>
						<line hits="1" number="1389"/>
						<line branch="true" condition-coverage="100% (2/2)" hits="1" number="1390"/>
						<line hits="1" number="1391"/>
						<line hits="1" number="1392"/>
						<line hits="1" number="1393"/>
						<line hits="1" number="1396"/>
						<line hits="1" number="1397"/>
						<line hits="1" number="1398"/>
						<line branch="true" condition-coverage="100% (2/2)" hits="1" number="1399"/>
						<line hits="1" number="1400"/>
						<line hits="1" number="1401"/>
						<line hits="1" number="1404"/>
						<line hits="1" number="1405"/>
						<line hits="1" number="1406"/>
						<line hits="1" number="1407"/>
						<line hits="1" number="1416"/>
						<line hits="1" number="1417"/>
						<line branch="true" condition-coverage="100% (2/2)" hits="1" number="1418"/>
						<line hits="1" number="1420"/>
						<line hits="1" number="1426"/>
						<line hits="1" number="1429"/>
						<line hits="1" number="1432"/>
						<line hits="1" number="1436"/>
						<line hits="1" number="1438"/>
						<line hits="1" number="1439"/>
						<line branch="true" condition-coverage="50% (1/2)" hits="1" missing-branches="1441" number="1440"/>
						<line hits="0" number="1441"/>
						<line hits="1" number="1445"/>
						<line hits="1" number="1461"/>
						<line branch="true" condition-coverage="100% (2/2)" hits="1" number="1463"/>
						<line hits="1" number="1465"/>
						<line hits="1" number="1466"/>
						<line hits="1" number="1468"/>
						<line hits="1" number="1469"/>
						<line branch="true" condition-coverage="100% (2/2)" hits="1" number="1470"/>
						<line branch="true" condition-coverage="100% (2/2)" hits="1" number="1471"/>
						<line hits="1" number="1472"/>
						<line hits="1" number="1473"/>
						<line hits="1" number="1474"/>
						<line hits="1" number="1475"/>
						<line hits="1" number="1479"/>
						<line hits="1" number="1482"/>
						<line hits="1" number="1505"/>
					</lines>
				</class>
			</classes>
		</package>
	</packages>
</coverage>
