<?xml version="1.0" ?>
<coverage branch-rate="0.7892" branches-covered="951" branches-valid="1205" complexity="0" line-rate="0.8603" lines-covered="2420" lines-valid="2813" timestamp="1621611008896" version="5.5">
	<!-- Generated by coverage.py: https://coverage.readthedocs.io -->
	<!-- Based on https://raw.githubusercontent.com/cobertura/web/master/htdocs/xml/coverage-04.dtd -->
	<sources>
		<source>/home/runner/work/python-pytest-cases/python-pytest-cases</source>
	</sources>
	<packages>
		<package branch-rate="0.7892" complexity="0" line-rate="0.8603" name="pytest_cases">
			<classes>
				<class branch-rate="1" complexity="0" filename="pytest_cases/__init__.py" line-rate="1" name="__init__.py">
					<methods/>
					<lines>
						<line hits="1" number="5"/>
						<line hits="1" number="6"/>
						<line hits="1" number="8"/>
						<line hits="1" number="11"/>
						<line hits="1" number="12"/>
						<line hits="1" number="13"/>
						<line hits="1" number="16"/>
						<line hits="1" number="18"/>
						<line hits="1" number="21"/>
						<line hits="1" number="24"/>
						<line hits="1" number="32"/>
					</lines>
				</class>
				<class branch-rate="1" complexity="0" filename="pytest_cases/_version.py" line-rate="1" name="_version.py">
					<methods/>
					<lines>
						<line hits="1" number="4"/>
						<line hits="1" number="5"/>
					</lines>
				</class>
				<class branch-rate="0.85" complexity="0" filename="pytest_cases/case_funcs.py" line-rate="0.9074" name="case_funcs.py">
					<methods/>
					<lines>
						<line hits="1" number="5"/>
						<line hits="1" number="6"/>
						<line hits="1" number="8"/>
						<line hits="1" number="9"/>
						<line hits="1" number="13"/>
						<line hits="1" number="14"/>
						<line hits="1" number="15"/>
						<line hits="1" number="17"/>
						<line hits="1" number="18"/>
						<line hits="1" number="24"/>
						<line hits="1" number="27"/>
						<line hits="1" number="31"/>
						<line hits="1" number="34"/>
						<line hits="1" number="44"/>
						<line hits="1" number="46"/>
						<line hits="1" number="51"/>
						<line hits="1" number="52"/>
						<line hits="1" number="53"/>
						<line hits="1" number="54"/>
						<line hits="1" number="56"/>
						<line hits="1" number="57"/>
						<line hits="1" number="59"/>
						<line hits="1" number="60"/>
						<line hits="1" number="70"/>
						<line branch="true" condition-coverage="50% (1/2)" hits="1" missing-branches="72" number="71"/>
						<line hits="0" number="72"/>
						<line hits="0" number="73"/>
						<line hits="1" number="74"/>
						<line hits="1" number="76"/>
						<line hits="1" number="80"/>
						<line hits="1" number="82"/>
						<line branch="true" condition-coverage="100% (2/2)" hits="1" number="86"/>
						<line branch="true" condition-coverage="100% (2/2)" hits="1" number="87"/>
						<line hits="1" number="89"/>
						<line hits="1" number="91"/>
						<line hits="1" number="93"/>
						<line hits="0" number="102"/>
						<line hits="1" number="104"/>
						<line hits="1" number="108"/>
						<line branch="true" condition-coverage="100% (2/2)" hits="1" number="109"/>
						<line hits="1" number="111"/>
						<line hits="1" number="112"/>
						<line hits="1" number="115"/>
						<line branch="true" condition-coverage="50% (1/2)" hits="1" missing-branches="122" number="121"/>
						<line hits="0" number="122"/>
						<line branch="true" condition-coverage="50% (1/2)" hits="1" missing-branches="127" number="124"/>
						<line hits="1" number="125"/>
						<line branch="true" condition-coverage="100% (2/2)" hits="1" number="127"/>
						<line hits="1" number="130"/>
						<line hits="1" number="134"/>
						<line hits="1" number="137"/>
						<line hits="0" number="141"/>
						<line hits="0" number="142"/>
						<line hits="1" number="145"/>
						<line hits="1" number="159"/>
						<line hits="1" number="160"/>
						<line branch="true" condition-coverage="100% (2/2)" hits="1" number="162"/>
						<line branch="true" condition-coverage="100% (2/2)" hits="1" number="164"/>
						<line hits="1" number="165"/>
						<line hits="1" number="167"/>
						<line branch="true" condition-coverage="100% (2/2)" hits="1" number="170"/>
						<line hits="1" number="171"/>
						<line hits="1" number="173"/>
						<line hits="1" number="179"/>
						<line hits="1" number="198"/>
						<line branch="true" condition-coverage="100% (2/2)" hits="1" number="199"/>
						<line hits="1" number="200"/>
						<line hits="1" number="203"/>
						<line branch="true" condition-coverage="100% (2/2)" hits="1" number="205"/>
						<line hits="1" number="206"/>
						<line hits="1" number="209"/>
						<line hits="1" number="210"/>
						<line hits="1" number="221"/>
						<line hits="1" number="224"/>
						<line hits="1" number="225"/>
						<line hits="1" number="228"/>
						<line hits="1" number="250"/>
						<line branch="true" condition-coverage="100% (2/2)" hits="1" number="253"/>
						<line hits="1" number="254"/>
						<line branch="true" condition-coverage="50% (1/2)" hits="1" missing-branches="275" number="257"/>
						<line branch="true" condition-coverage="50% (1/2)" hits="1" missing-branches="259" number="258"/>
						<line hits="0" number="259"/>
						<line branch="true" condition-coverage="100% (2/2)" hits="1" number="261"/>
						<line branch="true" condition-coverage="50% (1/2)" hits="1" missing-branches="264" number="263"/>
						<line hits="0" number="264"/>
						<line hits="1" number="267"/>
						<line hits="1" number="268"/>
						<line hits="1" number="270"/>
						<line hits="0" number="271"/>
						<line hits="0" number="273"/>
						<line hits="1" number="275"/>
						<line hits="1" number="278"/>
						<line hits="1" number="279"/>
						<line hits="1" number="302"/>
						<line hits="1" number="303"/>
						<line hits="1" number="304"/>
						<line hits="1" number="305"/>
						<line hits="1" number="308"/>
						<line hits="1" number="326"/>
						<line hits="1" number="329"/>
						<line hits="1" number="332"/>
						<line branch="true" condition-coverage="100% (2/2)" hits="1" number="350"/>
						<line hits="1" number="351"/>
						<line branch="true" condition-coverage="100% (2/2)" hits="1" number="352"/>
						<line hits="1" number="353"/>
						<line branch="true" condition-coverage="100% (2/2)" hits="1" number="354"/>
						<line hits="1" number="356"/>
						<line hits="1" number="358"/>
					</lines>
				</class>
				<class branch-rate="0.8519" complexity="0" filename="pytest_cases/case_parametrizer_new.py" line-rate="0.9079" name="case_parametrizer_new.py">
					<methods/>
					<lines>
						<line hits="1" number="6"/>
						<line hits="1" number="8"/>
						<line hits="1" number="9"/>
						<line hits="1" number="10"/>
						<line hits="1" number="11"/>
						<line hits="1" number="12"/>
						<line hits="1" number="14"/>
						<line hits="1" number="15"/>
						<line hits="1" number="19"/>
						<line hits="1" number="20"/>
						<line hits="1" number="22"/>
						<line hits="1" number="24"/>
						<line hits="1" number="25"/>
						<line hits="1" number="28"/>
						<line hits="1" number="31"/>
						<line hits="1" number="32"/>
						<line hits="1" number="33"/>
						<line hits="1" number="34"/>
						<line hits="1" number="37"/>
						<line hits="1" number="38"/>
						<line hits="0" number="39"/>
						<line hits="0" number="41"/>
						<line hits="1" number="44"/>
						<line hits="1" number="47"/>
						<line hits="1" number="48"/>
						<line hits="0" number="49"/>
						<line hits="0" number="51"/>
						<line hits="1" number="53"/>
						<line hits="1" number="54"/>
						<line hits="1" number="57"/>
						<line hits="1" number="60"/>
						<line hits="1" number="130"/>
						<line hits="1" number="135"/>
						<line hits="1" number="138"/>
						<line branch="true" condition-coverage="100% (2/2)" hits="1" number="139"/>
						<line hits="1" number="140"/>
						<line hits="1" number="142"/>
						<line hits="1" number="143"/>
						<line branch="true" condition-coverage="100% (2/2)" hits="1" number="145"/>
						<line hits="1" number="150"/>
						<line hits="1" number="155"/>
						<line branch="true" condition-coverage="100% (2/2)" hits="1" number="158"/>
						<line hits="1" number="159"/>
						<line hits="1" number="161"/>
						<line hits="1" number="163"/>
						<line hits="1" number="166"/>
						<line hits="1" number="173"/>
						<line hits="1" number="174"/>
						<line hits="1" number="175"/>
						<line hits="1" number="178"/>
						<line hits="1" number="189"/>
						<line hits="1" number="191"/>
						<line hits="1" number="193"/>
						<line hits="1" number="194"/>
						<line hits="1" number="195"/>
						<line hits="1" number="196"/>
						<line hits="1" number="198"/>
						<line hits="1" number="201"/>
						<line branch="true" condition-coverage="100% (2/2)" hits="1" number="234"/>
						<line hits="1" number="235"/>
						<line hits="1" number="237"/>
						<line hits="1" number="238"/>
						<line hits="1" number="239"/>
						<line hits="1" number="240"/>
						<line branch="true" condition-coverage="50% (1/2)" hits="1" missing-branches="244" number="243"/>
						<line hits="0" number="244"/>
						<line hits="1" number="247"/>
						<line branch="true" condition-coverage="100% (2/2)" hits="1" number="248"/>
						<line branch="true" condition-coverage="50% (1/2)" hits="1" missing-branches="250" number="249"/>
						<line hits="0" number="250"/>
						<line hits="1" number="252"/>
						<line branch="true" condition-coverage="100% (2/2)" hits="1" number="253"/>
						<line branch="true" condition-coverage="50% (1/2)" hits="1" missing-branches="255" number="254"/>
						<line hits="0" number="255"/>
						<line hits="1" number="259"/>
						<line hits="1" number="262"/>
						<line hits="1" number="263"/>
						<line hits="1" number="266"/>
						<line branch="true" condition-coverage="100% (2/2)" hits="1" number="267"/>
						<line branch="true" condition-coverage="100% (2/2)" hits="1" number="269"/>
						<line hits="1" number="271"/>
						<line hits="1" number="272"/>
						<line branch="true" condition-coverage="100% (2/2)" hits="1" number="273"/>
						<line branch="true" condition-coverage="50% (1/2)" hits="1" missing-branches="280" number="275"/>
						<line hits="1" number="277"/>
						<line hits="1" number="278"/>
						<line hits="0" number="280"/>
						<line branch="true" condition-coverage="100% (2/2)" hits="1" number="283"/>
						<line hits="1" number="285"/>
						<line branch="true" condition-coverage="100% (2/2)" hits="1" number="287"/>
						<line hits="1" number="288"/>
						<line hits="1" number="289"/>
						<line hits="1" number="290"/>
						<line branch="true" condition-coverage="100% (2/2)" hits="1" number="293"/>
						<line hits="1" number="297"/>
						<line branch="true" condition-coverage="100% (2/2)" hits="1" number="324"/>
						<line hits="1" number="328"/>
						<line hits="1" number="330"/>
						<line hits="1" number="332"/>
						<line hits="0" number="333"/>
						<line hits="1" number="336"/>
						<line hits="1" number="343"/>
						<line hits="1" number="344"/>
						<line hits="1" number="346"/>
						<line hits="1" number="347"/>
						<line hits="1" number="350"/>
						<line hits="1" number="352"/>
						<line hits="1" number="353"/>
						<line hits="1" number="356"/>
						<line hits="1" number="360"/>
						<line hits="1" number="362"/>
						<line hits="1" number="365"/>
						<line hits="1" number="368"/>
						<line hits="1" number="392"/>
						<line hits="1" number="395"/>
						<line branch="true" condition-coverage="100% (2/2)" hits="1" number="397"/>
						<line hits="1" number="400"/>
						<line branch="true" condition-coverage="50% (1/2)" hits="1" missing-branches="405" number="404"/>
						<line hits="0" number="405"/>
						<line hits="0" number="406"/>
						<line hits="1" number="408"/>
						<line hits="1" number="431"/>
						<line hits="1" number="436"/>
						<line branch="true" condition-coverage="100% (2/2)" hits="1" number="437"/>
						<line hits="1" number="438"/>
						<line hits="1" number="439"/>
						<line hits="1" number="441"/>
						<line hits="1" number="444"/>
						<line branch="true" condition-coverage="50% (1/2)" hits="1" missing-branches="476" number="475"/>
						<line hits="0" number="476"/>
						<line hits="1" number="481"/>
						<line hits="1" number="482"/>
						<line hits="1" number="485"/>
						<line hits="1" number="486"/>
						<line hits="1" number="489"/>
						<line hits="1" number="490"/>
						<line hits="1" number="493"/>
						<line hits="1" number="494"/>
						<line branch="true" condition-coverage="100% (2/2)" hits="1" number="495"/>
						<line hits="1" number="496"/>
						<line hits="1" number="497"/>
						<line hits="1" number="498"/>
						<line hits="1" number="499"/>
						<line hits="1" number="503"/>
						<line hits="1" number="505"/>
						<line branch="true" condition-coverage="100% (2/2)" hits="1" number="507"/>
						<line hits="1" number="508"/>
						<line branch="true" condition-coverage="100% (2/2)" hits="1" number="509"/>
						<line branch="true" condition-coverage="50% (1/2)" hits="1" missing-branches="526" number="511"/>
						<line hits="1" number="512"/>
						<line branch="true" condition-coverage="100% (2/2)" hits="1" number="513"/>
						<line branch="true" condition-coverage="100% (2/2)" hits="1" number="514"/>
						<line hits="1" number="515"/>
						<line branch="true" condition-coverage="50% (1/2)" hits="1" missing-branches="517" number="516"/>
						<line hits="0" number="517"/>
						<line hits="1" number="520"/>
						<line hits="1" number="521"/>
						<line hits="1" number="523"/>
						<line hits="1" number="526"/>
						<line hits="1" number="528"/>
						<line hits="1" number="529"/>
						<line hits="1" number="532"/>
						<line branch="true" condition-coverage="100% (2/2)" hits="1" number="535"/>
						<line hits="1" number="536"/>
						<line branch="true" condition-coverage="100% (2/2)" hits="1" number="538"/>
						<line branch="true" condition-coverage="50% (1/2)" hits="1" missing-branches="541" number="539"/>
						<line hits="0" number="541"/>
						<line hits="1" number="544"/>
						<line branch="true" condition-coverage="50% (1/2)" hits="1" missing-branches="548" number="546"/>
						<line hits="0" number="548"/>
						<line hits="1" number="551"/>
						<line hits="1" number="554"/>
						<line branch="true" condition-coverage="100% (2/2)" hits="1" number="557"/>
						<line hits="1" number="559"/>
						<line hits="1" number="561"/>
						<line hits="1" number="565"/>
						<line branch="true" condition-coverage="100% (2/2)" hits="1" number="567"/>
						<line hits="1" number="569"/>
						<line hits="1" number="572"/>
						<line hits="1" number="574"/>
						<line hits="1" number="575"/>
						<line hits="1" number="578"/>
						<line hits="1" number="581"/>
						<line hits="1" number="582"/>
						<line hits="1" number="584"/>
						<line hits="1" number="587"/>
						<line branch="true" condition-coverage="50% (1/2)" hits="1" missing-branches="606" number="596"/>
						<line hits="1" number="598"/>
						<line hits="1" number="599"/>
						<line hits="1" number="600"/>
						<line hits="1" number="601"/>
						<line hits="1" number="602"/>
						<line hits="1" number="603"/>
						<line hits="0" number="606"/>
						<line hits="0" number="607"/>
						<line hits="0" number="608"/>
						<line hits="0" number="609"/>
						<line hits="0" number="610"/>
						<line hits="0" number="613"/>
						<line hits="1" number="615"/>
						<line hits="1" number="618"/>
						<line hits="1" number="630"/>
						<line hits="1" number="631"/>
						<line hits="1" number="632"/>
						<line hits="1" number="633"/>
						<line hits="1" number="635"/>
						<line hits="1" number="636"/>
						<line hits="1" number="637"/>
						<line hits="1" number="638"/>
						<line hits="1" number="639"/>
						<line hits="0" number="640"/>
						<line hits="0" number="642"/>
						<line hits="1" number="647"/>
						<line hits="1" number="650"/>
						<line hits="1" number="651"/>
						<line branch="true" condition-coverage="50% (1/2)" hits="1" missing-branches="exit" number="652"/>
						<line hits="1" number="653"/>
						<line hits="1" number="656"/>
						<line hits="1" number="657"/>
						<line branch="true" condition-coverage="50% (1/2)" hits="1" missing-branches="exit" number="658"/>
						<line hits="1" number="659"/>
						<line hits="1" number="662"/>
						<line hits="1" number="666"/>
						<line hits="1" number="669"/>
						<line branch="true" condition-coverage="50% (1/2)" hits="1" missing-branches="708" number="683"/>
						<line branch="true" condition-coverage="50% (1/2)" hits="1" missing-branches="687" number="686"/>
						<line hits="0" number="687"/>
						<line hits="0" number="694"/>
						<line branch="true" condition-coverage="50% (1/2)" hits="1" missing-branches="696" number="695"/>
						<line hits="0" number="696"/>
						<line hits="0" number="703"/>
						<line hits="1" number="705"/>
						<line hits="0" number="708"/>
						<line hits="1" number="711"/>
						<line branch="true" condition-coverage="100% (2/2)" hits="1" number="730"/>
						<line hits="1" number="731"/>
						<line hits="1" number="733"/>
						<line hits="1" number="737"/>
						<line branch="true" condition-coverage="50% (1/2)" hits="1" missing-branches="749" number="748"/>
						<line hits="0" number="749"/>
						<line hits="1" number="751"/>
						<line hits="1" number="754"/>
						<line branch="true" condition-coverage="100% (2/2)" hits="1" number="757"/>
						<line hits="1" number="758"/>
						<line hits="1" number="763"/>
						<line hits="1" number="764"/>
						<line hits="1" number="765"/>
						<line hits="1" number="766"/>
						<line hits="1" number="768"/>
						<line hits="1" number="769"/>
						<line branch="true" condition-coverage="100% (2/2)" hits="1" number="771"/>
						<line branch="true" condition-coverage="100% (2/2)" hits="1" number="772"/>
						<line hits="1" number="773"/>
						<line hits="1" number="774"/>
						<line branch="true" condition-coverage="100% (2/2)" hits="1" number="775"/>
						<line hits="1" number="776"/>
						<line hits="1" number="777"/>
						<line branch="true" condition-coverage="100% (2/2)" hits="1" number="779"/>
						<line hits="1" number="780"/>
						<line hits="1" number="782"/>
						<line hits="1" number="783"/>
						<line hits="1" number="785"/>
						<line branch="true" condition-coverage="50% (1/2)" hits="1" missing-branches="789" number="788"/>
						<line hits="0" number="789"/>
						<line hits="1" number="792"/>
						<line branch="true" condition-coverage="100% (2/2)" hits="1" number="794"/>
						<line branch="true" condition-coverage="100% (2/2)" hits="1" number="795"/>
						<line hits="1" number="797"/>
						<line hits="1" number="800"/>
						<line hits="1" number="802"/>
						<line hits="1" number="804"/>
						<line hits="1" number="805"/>
						<line hits="1" number="806"/>
						<line hits="1" number="808"/>
						<line hits="1" number="809"/>
						<line hits="1" number="810"/>
						<line branch="true" condition-coverage="50% (1/2)" hits="1" missing-branches="820" number="812"/>
						<line branch="true" condition-coverage="50% (1/2)" hits="1" missing-branches="815" number="814"/>
						<line hits="0" number="815"/>
						<line hits="1" number="817"/>
						<line hits="0" number="820"/>
						<line branch="true" condition-coverage="100% (2/2)" hits="1" number="823"/>
						<line hits="1" number="825"/>
						<line hits="1" number="828"/>
						<line hits="1" number="847"/>
						<line hits="1" number="848"/>
						<line hits="1" number="849"/>
						<line hits="1" number="850"/>
						<line hits="1" number="851"/>
						<line hits="1" number="853"/>
						<line hits="1" number="856"/>
						<line branch="true" condition-coverage="100% (2/2)" hits="1" number="857"/>
						<line branch="true" condition-coverage="100% (2/2)" hits="1" number="858"/>
						<line hits="1" number="859"/>
						<line hits="1" number="862"/>
						<line branch="true" condition-coverage="100% (2/2)" hits="1" number="863"/>
						<line branch="true" condition-coverage="100% (2/2)" hits="1" number="866"/>
						<line hits="1" number="868"/>
						<line branch="true" condition-coverage="100% (2/2)" hits="1" number="872"/>
						<line branch="true" condition-coverage="100% (2/2)" hits="1" number="874"/>
						<line hits="1" number="875"/>
						<line branch="true" condition-coverage="50% (1/2)" hits="1" missing-branches="883" number="877"/>
						<line branch="true" condition-coverage="100% (2/2)" hits="1" number="878"/>
						<line hits="1" number="879"/>
						<line hits="1" number="880"/>
						<line hits="0" number="883"/>
						<line branch="true" condition-coverage="100% (2/2)" hits="1" number="886"/>
						<line hits="1" number="887"/>
						<line hits="1" number="892"/>
						<line hits="1" number="894"/>
						<line hits="1" number="897"/>
						<line hits="1" number="899"/>
						<line hits="1" number="900"/>
						<line hits="1" number="901"/>
						<line hits="1" number="902"/>
						<line hits="1" number="903"/>
						<line hits="1" number="906"/>
						<line hits="1" number="907"/>
						<line hits="1" number="908"/>
						<line hits="1" number="909"/>
						<line hits="1" number="911"/>
						<line branch="true" condition-coverage="100% (2/2)" hits="1" number="914"/>
						<line hits="1" number="916"/>
						<line hits="1" number="917"/>
						<line branch="true" condition-coverage="100% (2/2)" hits="1" number="920"/>
						<line branch="true" condition-coverage="100% (2/2)" hits="1" number="922"/>
						<line hits="1" number="923"/>
						<line hits="1" number="924"/>
						<line hits="1" number="927"/>
						<line branch="true" condition-coverage="100% (2/2)" hits="1" number="929"/>
						<line branch="true" condition-coverage="100% (2/2)" hits="1" number="931"/>
						<line hits="1" number="934"/>
						<line hits="1" number="935"/>
						<line hits="1" number="938"/>
						<line branch="true" condition-coverage="100% (2/2)" hits="1" number="939"/>
						<line hits="1" number="940"/>
						<line hits="1" number="942"/>
						<line branch="true" condition-coverage="50% (1/2)" hits="1" missing-branches="953" number="948"/>
						<line hits="1" number="950"/>
						<line hits="1" number="953"/>
						<line branch="true" condition-coverage="100% (2/2)" hits="1" number="954"/>
						<line hits="1" number="956"/>
						<line hits="1" number="957"/>
						<line hits="1" number="960"/>
						<line branch="true" condition-coverage="100% (2/2)" hits="1" number="962"/>
						<line hits="1" number="963"/>
						<line branch="true" condition-coverage="100% (2/2)" hits="1" number="966"/>
						<line branch="true" condition-coverage="100% (2/2)" hits="1" number="967"/>
						<line hits="1" number="969"/>
						<line branch="true" condition-coverage="100% (2/2)" hits="1" number="973"/>
						<line hits="1" number="975"/>
						<line hits="1" number="976"/>
						<line branch="true" condition-coverage="100% (2/2)" hits="1" number="977"/>
						<line hits="1" number="978"/>
						<line branch="true" condition-coverage="100% (2/2)" hits="1" number="980"/>
						<line hits="1" number="982"/>
						<line hits="1" number="983"/>
						<line hits="1" number="987"/>
						<line hits="1" number="988"/>
						<line branch="true" condition-coverage="100% (2/2)" hits="1" number="991"/>
						<line branch="true" condition-coverage="50% (1/2)" hits="1" missing-branches="993" number="992"/>
						<line hits="0" number="993"/>
						<line branch="true" condition-coverage="100% (2/2)" hits="1" number="994"/>
						<line hits="1" number="995"/>
						<line branch="true" condition-coverage="50% (1/2)" hits="1" missing-branches="998" number="997"/>
						<line hits="0" number="998"/>
						<line hits="1" number="999"/>
						<line hits="1" number="1001"/>
						<line hits="1" number="1004"/>
						<line hits="1" number="1005"/>
						<line hits="1" number="1006"/>
						<line hits="1" number="1007"/>
						<line hits="1" number="1008"/>
						<line hits="1" number="1009"/>
						<line hits="1" number="1012"/>
						<line hits="1" number="1026"/>
						<line branch="true" condition-coverage="100% (2/2)" hits="1" number="1029"/>
						<line hits="1" number="1030"/>
						<line hits="1" number="1033"/>
						<line hits="1" number="1034"/>
					</lines>
				</class>
				<class branch-rate="0.5" complexity="0" filename="pytest_cases/common_mini_six.py" line-rate="0.4615" name="common_mini_six.py">
					<methods/>
					<lines>
						<line hits="1" number="5"/>
						<line hits="1" number="7"/>
						<line hits="1" number="8"/>
						<line branch="true" condition-coverage="50% (1/2)" hits="1" missing-branches="13" number="10"/>
						<line hits="1" number="11"/>
						<line hits="0" number="13"/>
						<line hits="1" number="52"/>
						<line hits="0" number="57"/>
						<line hits="0" number="59"/>
						<line hits="0" number="60"/>
						<line hits="0" number="62"/>
						<line hits="0" number="64"/>
						<line hits="0" number="65"/>
					</lines>
				</class>
				<class branch-rate="0.6346" complexity="0" filename="pytest_cases/common_others.py" line-rate="0.7005" name="common_others.py">
					<methods/>
					<lines>
						<line hits="1" number="5"/>
						<line hits="1" number="6"/>
						<line hits="1" number="7"/>
						<line hits="1" number="8"/>
						<line hits="1" number="9"/>
						<line hits="1" number="10"/>
						<line hits="1" number="12"/>
						<line hits="1" number="13"/>
						<line hits="1" number="17"/>
						<line hits="1" number="20"/>
						<line branch="true" condition-coverage="50% (1/2)" hits="1" missing-branches="28" number="27"/>
						<line hits="0" number="28"/>
						<line branch="true" condition-coverage="100% (2/2)" hits="1" number="29"/>
						<line hits="1" number="31"/>
						<line hits="1" number="34"/>
						<line hits="1" number="35"/>
						<line hits="1" number="36"/>
						<line hits="0" number="37"/>
						<line hits="0" number="38"/>
						<line hits="1" number="49"/>
						<line hits="1" number="50"/>
						<line hits="1" number="51"/>
						<line hits="0" number="52"/>
						<line hits="0" number="53"/>
						<line hits="1" number="56"/>
						<line branch="true" condition-coverage="100% (2/2)" hits="1" number="78"/>
						<line hits="1" number="79"/>
						<line branch="true" condition-coverage="100% (2/2)" hits="1" number="81"/>
						<line hits="1" number="82"/>
						<line branch="true" condition-coverage="50% (1/2)" hits="1" missing-branches="87" number="84"/>
						<line hits="1" number="85"/>
						<line branch="true" condition-coverage="0% (0/2)" hits="0" missing-branches="88,90" number="87"/>
						<line hits="0" number="88"/>
						<line hits="0" number="90"/>
						<line hits="1" number="94"/>
						<line hits="1" number="152"/>
						<line hits="1" number="155"/>
						<line hits="1" number="156"/>
						<line hits="1" number="159"/>
						<line hits="1" number="162"/>
						<line hits="1" number="164"/>
						<line hits="1" number="166"/>
						<line hits="1" number="167"/>
						<line hits="1" number="168"/>
						<line hits="1" number="169"/>
						<line hits="1" number="170"/>
						<line hits="1" number="171"/>
						<line hits="1" number="173"/>
						<line hits="1" number="174"/>
						<line hits="1" number="176"/>
						<line branch="true" condition-coverage="100% (2/2)" hits="1" number="177"/>
						<line hits="1" number="179"/>
						<line branch="true" condition-coverage="100% (2/2)" hits="1" number="182"/>
						<line hits="1" number="183"/>
						<line branch="true" condition-coverage="100% (2/2)" hits="1" number="187"/>
						<line branch="true" condition-coverage="50% (1/2)" hits="1" missing-branches="189" number="188"/>
						<line hits="0" number="189"/>
						<line branch="true" condition-coverage="100% (2/2)" hits="1" number="193"/>
						<line branch="true" condition-coverage="50% (1/2)" hits="1" missing-branches="196" number="195"/>
						<line hits="0" number="196"/>
						<line branch="true" condition-coverage="50% (1/2)" hits="1" missing-branches="201" number="200"/>
						<line branch="true" condition-coverage="0% (0/2)" hits="0" missing-branches="202,207" number="201"/>
						<line hits="0" number="202"/>
						<line hits="1" number="207"/>
						<line hits="1" number="210"/>
						<line hits="1" number="214"/>
						<line branch="true" condition-coverage="100% (2/2)" hits="1" number="216"/>
						<line hits="1" number="217"/>
						<line hits="1" number="219"/>
						<line hits="1" number="222"/>
						<line hits="1" number="224"/>
						<line hits="1" number="227"/>
						<line hits="1" number="235"/>
						<line hits="1" number="236"/>
						<line hits="1" number="237"/>
						<line hits="1" number="238"/>
						<line branch="true" condition-coverage="50% (1/2)" hits="1" missing-branches="241" number="240"/>
						<line hits="0" number="241"/>
						<line branch="true" condition-coverage="100% (2/2)" hits="1" number="243"/>
						<line hits="1" number="244"/>
						<line hits="1" number="246"/>
						<line hits="1" number="249"/>
						<line branch="true" condition-coverage="100% (2/2)" hits="1" number="254"/>
						<line hits="1" number="262"/>
						<line branch="true" condition-coverage="100% (2/2)" hits="1" number="264"/>
						<line branch="true" condition-coverage="100% (2/2)" hits="1" number="266"/>
						<line hits="1" number="267"/>
						<line hits="1" number="269"/>
						<line hits="1" number="270"/>
						<line hits="1" number="271"/>
						<line branch="true" condition-coverage="50% (1/2)" hits="1" missing-branches="276" number="275"/>
						<line hits="0" number="276"/>
						<line branch="true" condition-coverage="100% (2/2)" hits="1" number="278"/>
						<line hits="1" number="280"/>
						<line branch="true" condition-coverage="50% (1/2)" hits="1" missing-branches="285" number="284"/>
						<line hits="0" number="285"/>
						<line branch="true" condition-coverage="0% (0/2)" hits="0" missing-branches="288,290" number="286"/>
						<line hits="0" number="288"/>
						<line hits="0" number="290"/>
						<line branch="true" condition-coverage="0% (0/2)" hits="0" missing-branches="293,300" number="291"/>
						<line branch="true" condition-coverage="0% (0/2)" hits="0" missing-branches="295,297" number="293"/>
						<line hits="0" number="295"/>
						<line hits="0" number="297"/>
						<line hits="0" number="300"/>
						<line hits="1" number="302"/>
						<line hits="1" number="303"/>
						<line hits="0" number="304"/>
						<line hits="0" number="305"/>
						<line branch="true" condition-coverage="100% (2/2)" hits="1" number="307"/>
						<line hits="1" number="309"/>
						<line hits="1" number="312"/>
						<line branch="true" condition-coverage="100% (2/2)" hits="1" number="329"/>
						<line hits="1" number="333"/>
						<line hits="1" number="337"/>
						<line branch="true" condition-coverage="50% (1/2)" hits="1" missing-branches="339" number="338"/>
						<line hits="0" number="339"/>
						<line hits="0" number="340"/>
						<line hits="1" number="345"/>
						<line branch="true" condition-coverage="100% (2/2)" hits="1" number="347"/>
						<line hits="1" number="348"/>
						<line branch="true" condition-coverage="50% (1/2)" hits="1" missing-branches="351" number="349"/>
						<line branch="true" condition-coverage="0% (0/2)" hits="0" missing-branches="353,355" number="351"/>
						<line hits="0" number="353"/>
						<line hits="0" number="355"/>
						<line branch="true" condition-coverage="100% (2/2)" hits="1" number="358"/>
						<line hits="1" number="360"/>
						<line hits="1" number="362"/>
						<line hits="1" number="365"/>
						<line branch="true" condition-coverage="0% (0/2)" hits="0" missing-branches="376,378" number="375"/>
						<line hits="0" number="376"/>
						<line hits="0" number="378"/>
						<line hits="1" number="381"/>
						<line branch="true" condition-coverage="0% (0/2)" hits="0" missing-branches="392,394" number="391"/>
						<line hits="0" number="392"/>
						<line hits="0" number="394"/>
						<line hits="1" number="397"/>
						<line hits="1" number="399"/>
						<line hits="1" number="404"/>
						<line hits="1" number="406"/>
						<line branch="true" condition-coverage="50% (1/2)" hits="1" missing-branches="455" number="409"/>
						<line hits="1" number="411"/>
						<line hits="1" number="413"/>
						<line branch="true" condition-coverage="50% (1/2)" hits="1" missing-branches="423" number="422"/>
						<line hits="0" number="423"/>
						<line branch="true" condition-coverage="100% (2/2)" hits="1" number="425"/>
						<line branch="true" condition-coverage="100% (2/2)" hits="1" number="426"/>
						<line branch="true" condition-coverage="100% (2/2)" hits="1" number="427"/>
						<line hits="1" number="428"/>
						<line hits="1" number="429"/>
						<line branch="true" condition-coverage="50% (1/2)" hits="1" missing-branches="452" number="431"/>
						<line hits="1" number="432"/>
						<line hits="1" number="433"/>
						<line branch="true" condition-coverage="100% (2/2)" hits="1" number="435"/>
						<line hits="1" number="436"/>
						<line hits="1" number="437"/>
						<line hits="1" number="438"/>
						<line hits="1" number="440"/>
						<line branch="true" condition-coverage="50% (1/2)" hits="1" missing-branches="446" number="445"/>
						<line hits="0" number="446"/>
						<line branch="true" condition-coverage="100% (2/2)" hits="1" number="449"/>
						<line hits="1" number="450"/>
						<line hits="1" number="452"/>
						<line hits="0" number="455"/>
						<line hits="0" number="457"/>
						<line hits="0" number="459"/>
						<line branch="true" condition-coverage="0% (0/2)" hits="0" missing-branches="465,467" number="464"/>
						<line hits="0" number="465"/>
						<line hits="0" number="467"/>
						<line hits="0" number="468"/>
						<line hits="0" number="469"/>
						<line hits="0" number="471"/>
						<line branch="true" condition-coverage="0% (0/2)" hits="0" missing-branches="474,476" number="473"/>
						<line branch="true" condition-coverage="0% (0/2)" hits="0" missing-branches="473,475" number="474"/>
						<line hits="0" number="475"/>
						<line hits="0" number="476"/>
						<line branch="true" condition-coverage="50% (1/2)" hits="1" missing-branches="483" number="479"/>
						<line hits="1" number="480"/>
						<line hits="1" number="481"/>
						<line hits="0" number="483"/>
						<line hits="0" number="485"/>
						<line hits="0" number="486"/>
						<line hits="0" number="487"/>
						<line hits="0" number="489"/>
						<line hits="0" number="492"/>
						<line hits="1" number="496"/>
						<line hits="1" number="513"/>
						<line hits="1" number="529"/>
						<line hits="1" number="530"/>
						<line hits="1" number="531"/>
						<line hits="0" number="532"/>
						<line hits="0" number="533"/>
						<line hits="1" number="536"/>
						<line hits="1" number="539"/>
						<line hits="1" number="540"/>
						<line hits="0" number="541"/>
						<line hits="0" number="542"/>
						<line hits="1" number="545"/>
						<line branch="true" condition-coverage="50% (1/2)" hits="1" missing-branches="549" number="548"/>
						<line hits="0" number="549"/>
						<line branch="true" condition-coverage="100% (2/2)" hits="1" number="550"/>
						<line hits="1" number="551"/>
						<line branch="true" condition-coverage="100% (2/2)" hits="1" number="552"/>
						<line hits="1" number="554"/>
						<line hits="1" number="558"/>
						<line branch="true" condition-coverage="100% (2/2)" hits="1" number="561"/>
						<line hits="1" number="562"/>
						<line hits="1" number="563"/>
					</lines>
				</class>
				<class branch-rate="0.7121" complexity="0" filename="pytest_cases/common_pytest.py" line-rate="0.8095" name="common_pytest.py">
					<methods/>
					<lines>
						<line hits="1" number="5"/>
						<line hits="1" number="7"/>
						<line hits="1" number="8"/>
						<line hits="1" number="9"/>
						<line hits="1" number="10"/>
						<line hits="1" number="12"/>
						<line hits="1" number="14"/>
						<line hits="1" number="15"/>
						<line hits="1" number="19"/>
						<line hits="1" number="20"/>
						<line hits="1" number="22"/>
						<line hits="1" number="23"/>
						<line hits="1" number="27"/>
						<line hits="1" number="28"/>
						<line hits="1" number="30"/>
						<line hits="1" number="31"/>
						<line hits="1" number="32"/>
						<line hits="1" number="35"/>
						<line branch="true" condition-coverage="50% (1/2)" hits="1" missing-branches="50" number="39"/>
						<line hits="1" number="40"/>
						<line hits="1" number="41"/>
						<line branch="true" condition-coverage="100% (2/2)" hits="1" number="43"/>
						<line hits="1" number="44"/>
						<line hits="1" number="47"/>
						<line hits="1" number="48"/>
						<line hits="0" number="50"/>
						<line hits="0" number="52"/>
						<line branch="true" condition-coverage="0% (0/2)" hits="0" missing-branches="55,58" number="53"/>
						<line hits="0" number="55"/>
						<line branch="true" condition-coverage="0% (0/2)" hits="0" missing-branches="59,62" number="58"/>
						<line hits="0" number="59"/>
						<line branch="true" condition-coverage="0% (0/2)" hits="0" missing-branches="63,65" number="62"/>
						<line hits="0" number="63"/>
						<line hits="0" number="65"/>
						<line hits="0" number="66"/>
						<line hits="1" number="69"/>
						<line branch="true" condition-coverage="0% (0/2)" hits="0" missing-branches="75,77" number="74"/>
						<line hits="0" number="75"/>
						<line hits="0" number="77"/>
						<line hits="0" number="78"/>
						<line hits="1" number="81"/>
						<line hits="1" number="82"/>
						<line branch="true" condition-coverage="100% (2/2)" hits="1" number="84"/>
						<line hits="1" number="88"/>
						<line hits="1" number="96"/>
						<line hits="1" number="97"/>
						<line hits="1" number="98"/>
						<line hits="1" number="99"/>
						<line hits="1" number="101"/>
						<line hits="1" number="104"/>
						<line branch="true" condition-coverage="100% (2/2)" hits="1" number="117"/>
						<line branch="true" condition-coverage="50% (1/2)" hits="1" missing-branches="123" number="121"/>
						<line hits="0" number="123"/>
						<line hits="0" number="124"/>
						<line hits="1" number="126"/>
						<line hits="1" number="129"/>
						<line hits="1" number="133"/>
						<line hits="1" number="134"/>
						<line hits="0" number="135"/>
						<line hits="0" number="136"/>
						<line hits="1" number="139"/>
						<line branch="true" condition-coverage="50% (1/2)" hits="1" missing-branches="148" number="147"/>
						<line hits="0" number="148"/>
						<line hits="1" number="152"/>
						<line branch="true" condition-coverage="100% (2/2)" hits="1" number="163"/>
						<line hits="1" number="164"/>
						<line hits="1" number="165"/>
						<line hits="1" number="166"/>
						<line hits="1" number="167"/>
						<line hits="0" number="168"/>
						<line hits="0" number="169"/>
						<line hits="0" number="170"/>
						<line hits="0" number="171"/>
						<line hits="0" number="172"/>
						<line branch="true" condition-coverage="100% (2/2)" hits="1" number="174"/>
						<line hits="1" number="176"/>
						<line hits="1" number="178"/>
						<line branch="true" condition-coverage="50% (1/2)" hits="1" missing-branches="184" number="179"/>
						<line hits="1" number="181"/>
						<line hits="0" number="184"/>
						<line hits="1" number="187"/>
						<line hits="1" number="195"/>
						<line hits="1" number="196"/>
						<line hits="1" number="204"/>
						<line hits="1" number="205"/>
						<line hits="1" number="206"/>
						<line hits="1" number="207"/>
						<line hits="1" number="208"/>
						<line hits="1" number="209"/>
						<line hits="1" number="212"/>
						<line branch="true" condition-coverage="50% (1/2)" hits="1" missing-branches="221" number="218"/>
						<line hits="1" number="219"/>
						<line hits="0" number="221"/>
						<line hits="1" number="224"/>
						<line hits="1" number="232"/>
						<line hits="1" number="233"/>
						<line branch="true" condition-coverage="100% (2/2)" hits="1" number="234"/>
						<line hits="1" number="235"/>
						<line hits="1" number="236"/>
						<line hits="1" number="240"/>
						<line branch="true" condition-coverage="100% (2/2)" hits="1" number="249"/>
						<line hits="1" number="252"/>
						<line branch="true" condition-coverage="100% (2/2)" hits="1" number="269"/>
						<line hits="1" number="272"/>
						<line branch="true" condition-coverage="50% (1/2)" hits="1" missing-branches="276" number="275"/>
						<line branch="true" condition-coverage="0% (0/2)" hits="0" missing-branches="277,278" number="276"/>
						<line hits="0" number="277"/>
						<line hits="0" number="278"/>
						<line hits="1" number="280"/>
						<line branch="true" condition-coverage="100% (2/2)" hits="1" number="283"/>
						<line branch="true" condition-coverage="100% (2/2)" hits="1" number="284"/>
						<line hits="1" number="285"/>
						<line hits="1" number="286"/>
						<line hits="1" number="289"/>
						<line hits="1" number="303"/>
						<line hits="1" number="305"/>
						<line hits="1" number="306"/>
						<line branch="true" condition-coverage="100% (2/2)" hits="1" number="308"/>
						<line branch="true" condition-coverage="100% (2/2)" hits="1" number="309"/>
						<line hits="1" number="312"/>
						<line hits="1" number="315"/>
						<line hits="1" number="317"/>
						<line hits="1" number="319"/>
						<line hits="1" number="320"/>
						<line branch="true" condition-coverage="100% (2/2)" hits="1" number="322"/>
						<line hits="1" number="323"/>
						<line branch="true" condition-coverage="50% (1/2)" hits="1" missing-branches="326" number="325"/>
						<line hits="0" number="326"/>
						<line hits="1" number="328"/>
						<line hits="1" number="331"/>
						<line branch="true" condition-coverage="50% (1/2)" hits="1" missing-branches="343" number="342"/>
						<line hits="0" number="343"/>
						<line hits="1" number="345"/>
						<line branch="true" condition-coverage="50% (1/2)" hits="1" missing-branches="347" number="346"/>
						<line hits="0" number="347"/>
						<line branch="true" condition-coverage="100% (2/2)" hits="1" number="348"/>
						<line hits="1" number="349"/>
						<line branch="true" condition-coverage="100% (2/2)" hits="1" number="350"/>
						<line hits="1" number="351"/>
						<line hits="1" number="352"/>
						<line hits="1" number="354"/>
						<line branch="true" condition-coverage="100% (2/2)" hits="1" number="355"/>
						<line branch="true" condition-coverage="50% (1/2)" hits="1" missing-branches="357" number="356"/>
						<line hits="0" number="357"/>
						<line hits="1" number="359"/>
						<line hits="1" number="360"/>
						<line hits="1" number="361"/>
						<line hits="1" number="398"/>
						<line hits="1" number="407"/>
						<line hits="1" number="408"/>
						<line hits="1" number="409"/>
						<line branch="true" condition-coverage="50% (1/2)" hits="1" missing-branches="411" number="410"/>
						<line hits="0" number="411"/>
						<line hits="1" number="412"/>
						<line branch="true" condition-coverage="100% (2/2)" hits="1" number="413"/>
						<line hits="1" number="414"/>
						<line hits="1" number="416"/>
						<line hits="1" number="417"/>
						<line hits="1" number="418"/>
						<line branch="true" condition-coverage="50% (1/2)" hits="1" missing-branches="421" number="420"/>
						<line hits="0" number="421"/>
						<line hits="1" number="424"/>
						<line hits="1" number="427"/>
						<line branch="true" condition-coverage="100% (2/2)" hits="1" number="429"/>
						<line hits="1" number="431"/>
						<line hits="1" number="433"/>
						<line hits="1" number="435"/>
						<line hits="1" number="436"/>
						<line hits="1" number="439"/>
						<line hits="1" number="442"/>
						<line hits="1" number="443"/>
						<line hits="1" number="445"/>
						<line hits="1" number="446"/>
						<line hits="1" number="448"/>
						<line hits="1" number="449"/>
						<line hits="1" number="451"/>
						<line hits="1" number="453"/>
						<line hits="1" number="455"/>
						<line hits="1" number="456"/>
						<line hits="1" number="506"/>
						<line hits="0" number="507"/>
						<line hits="0" number="508"/>
						<line hits="0" number="509"/>
						<line hits="0" number="510"/>
						<line hits="1" number="513"/>
						<line hits="1" number="514"/>
						<line hits="1" number="520"/>
						<line hits="0" number="521"/>
						<line hits="1" number="524"/>
						<line hits="1" number="525"/>
						<line hits="1" number="528"/>
						<line branch="true" condition-coverage="50% (1/2)" hits="1" missing-branches="535" number="530"/>
						<line hits="1" number="531"/>
						<line branch="true" condition-coverage="0% (0/2)" hits="0" missing-branches="536,541" number="535"/>
						<line hits="0" number="536"/>
						<line hits="0" number="541"/>
						<line hits="1" number="546"/>
						<line hits="1" number="559"/>
						<line hits="1" number="562"/>
						<line branch="true" condition-coverage="100% (2/2)" hits="1" number="568"/>
						<line hits="1" number="570"/>
						<line branch="true" condition-coverage="100% (2/2)" hits="1" number="572"/>
						<line hits="1" number="576"/>
						<line hits="1" number="579"/>
						<line hits="1" number="580"/>
						<line hits="1" number="621"/>
						<line hits="1" number="622"/>
						<line hits="1" number="624"/>
						<line hits="1" number="625"/>
						<line hits="1" number="628"/>
						<line hits="1" number="630"/>
						<line hits="1" number="631"/>
						<line hits="1" number="633"/>
						<line branch="true" condition-coverage="50% (1/2)" hits="1" missing-branches="636" number="634"/>
						<line branch="true" condition-coverage="0% (0/2)" hits="0" missing-branches="637,639" number="636"/>
						<line hits="0" number="637"/>
						<line hits="1" number="639"/>
						<line hits="1" number="640"/>
						<line hits="1" number="641"/>
						<line hits="1" number="643"/>
						<line branch="true" condition-coverage="100% (2/2)" hits="1" number="645"/>
						<line branch="true" condition-coverage="100% (2/2)" hits="1" number="646"/>
						<line hits="1" number="647"/>
						<line hits="1" number="649"/>
						<line branch="true" condition-coverage="100% (2/2)" hits="1" number="650"/>
						<line hits="1" number="651"/>
						<line branch="true" condition-coverage="100% (2/2)" hits="1" number="653"/>
						<line hits="1" number="655"/>
						<line hits="1" number="657"/>
						<line hits="1" number="659"/>
						<line hits="1" number="661"/>
						<line hits="1" number="663"/>
						<line hits="1" number="665"/>
						<line branch="true" condition-coverage="100% (2/2)" hits="1" number="670"/>
						<line branch="true" condition-coverage="100% (2/2)" hits="1" number="671"/>
						<line branch="true" condition-coverage="50% (1/2)" hits="1" missing-branches="675" number="672"/>
						<line branch="true" condition-coverage="100% (2/2)" hits="1" number="673"/>
						<line hits="0" number="675"/>
						<line branch="true" condition-coverage="0% (0/2)" hits="0" missing-branches="677,682" number="676"/>
						<line branch="true" condition-coverage="0% (0/2)" hits="0" missing-branches="678,681" number="677"/>
						<line hits="0" number="678"/>
						<line hits="0" number="679"/>
						<line hits="0" number="681"/>
						<line hits="0" number="682"/>
						<line hits="1" number="684"/>
						<line hits="1" number="685"/>
						<line branch="true" condition-coverage="50% (1/2)" hits="1" missing-branches="692" number="689"/>
						<line branch="true" condition-coverage="0% (0/2)" hits="0" missing-branches="exit,693" number="692"/>
						<line hits="0" number="693"/>
						<line hits="1" number="696"/>
						<line hits="1" number="699"/>
						<line branch="true" condition-coverage="100% (2/2)" hits="1" number="702"/>
						<line branch="true" condition-coverage="50% (1/2)" hits="1" missing-branches="704" number="703"/>
						<line hits="0" number="704"/>
						<line branch="true" condition-coverage="100% (2/2)" hits="1" number="705"/>
						<line hits="1" number="708"/>
						<line hits="1" number="711"/>
						<line branch="true" condition-coverage="100% (2/2)" hits="1" number="713"/>
						<line hits="1" number="714"/>
						<line hits="1" number="715"/>
						<line hits="1" number="728"/>
						<line hits="1" number="731"/>
						<line hits="1" number="739"/>
						<line hits="1" number="742"/>
						<line hits="1" number="745"/>
						<line branch="true" condition-coverage="100% (2/2)" hits="1" number="756"/>
						<line hits="1" number="759"/>
						<line branch="true" condition-coverage="100% (2/2)" hits="1" number="762"/>
						<line branch="true" condition-coverage="100% (2/2)" hits="1" number="765"/>
						<line hits="1" number="768"/>
						<line hits="1" number="771"/>
						<line hits="1" number="772"/>
						<line hits="1" number="775"/>
						<line branch="true" condition-coverage="100% (2/2)" hits="1" number="778"/>
						<line hits="1" number="780"/>
						<line hits="1" number="783"/>
						<line hits="1" number="784"/>
						<line branch="true" condition-coverage="50% (1/2)" hits="1" missing-branches="786" number="785"/>
						<line hits="0" number="786"/>
						<line branch="true" condition-coverage="100% (2/2)" hits="1" number="790"/>
						<line branch="true" condition-coverage="100% (2/2)" hits="1" number="792"/>
						<line hits="1" number="793"/>
						<line hits="1" number="795"/>
						<line hits="1" number="797"/>
						<line branch="true" condition-coverage="100% (2/2)" hits="1" number="800"/>
						<line branch="true" condition-coverage="100% (2/2)" hits="1" number="801"/>
						<line hits="1" number="803"/>
						<line hits="1" number="805"/>
						<line hits="1" number="807"/>
						<line hits="1" number="810"/>
						<line hits="1" number="877"/>
						<line hits="1" number="884"/>
						<line hits="1" number="885"/>
						<line hits="1" number="887"/>
					</lines>
				</class>
				<class branch-rate="0.7407" complexity="0" filename="pytest_cases/common_pytest_lazy_values.py" line-rate="0.7951" name="common_pytest_lazy_values.py">
					<methods/>
					<lines>
						<line hits="1" number="5"/>
						<line hits="1" number="6"/>
						<line hits="1" number="8"/>
						<line hits="1" number="9"/>
						<line hits="1" number="13"/>
						<line hits="1" number="14"/>
						<line hits="1" number="18"/>
						<line hits="1" number="19"/>
						<line hits="1" number="23"/>
						<line hits="1" number="27"/>
						<line hits="1" number="31"/>
						<line hits="1" number="33"/>
						<line hits="1" number="37"/>
						<line hits="0" number="39"/>
						<line hits="1" number="42"/>
						<line hits="0" number="44"/>
						<line hits="1" number="46"/>
						<line hits="1" number="52"/>
						<line hits="1" number="54"/>
						<line hits="1" number="56"/>
						<line branch="true" condition-coverage="100% (2/2)" hits="1" number="57"/>
						<line hits="1" number="58"/>
						<line hits="1" number="59"/>
						<line hits="1" number="61"/>
						<line branch="true" condition-coverage="100% (2/2)" hits="1" number="64"/>
						<line hits="1" number="67"/>
						<line hits="1" number="70"/>
						<line hits="1" number="72"/>
						<line hits="0" number="75"/>
						<line hits="1" number="77"/>
						<line hits="1" number="79"/>
						<line hits="1" number="82"/>
						<line hits="1" number="87"/>
						<line branch="true" condition-coverage="50% (1/2)" hits="1" missing-branches="101" number="88"/>
						<line hits="1" number="96"/>
						<line branch="true" condition-coverage="50% (1/2)" hits="1" missing-branches="99" number="97"/>
						<line hits="1" number="98"/>
						<line hits="0" number="99"/>
						<line hits="0" number="101"/>
						<line hits="1" number="105"/>
						<line hits="1" number="108"/>
						<line branch="true" condition-coverage="100% (2/2)" hits="1" number="110"/>
						<line branch="true" condition-coverage="50% (1/2)" hits="1" missing-branches="116" number="111"/>
						<line branch="true" condition-coverage="100% (2/2)" hits="1" number="112"/>
						<line branch="true" condition-coverage="50% (1/2)" hits="1" missing-branches="114" number="113"/>
						<line hits="0" number="114"/>
						<line hits="0" number="116"/>
						<line hits="1" number="117"/>
						<line hits="1" number="121"/>
						<line branch="true" condition-coverage="50% (1/2)" hits="1" missing-branches="141" number="135"/>
						<line hits="1" number="136"/>
						<line hits="1" number="137"/>
						<line hits="0" number="141"/>
						<line hits="1" number="143"/>
						<line hits="1" number="148"/>
						<line hits="1" number="150"/>
						<line hits="1" number="151"/>
						<line hits="1" number="152"/>
						<line hits="1" number="155"/>
						<line hits="1" number="160"/>
						<line hits="1" number="161"/>
						<line hits="1" number="162"/>
						<line hits="1" number="163"/>
						<line hits="1" number="164"/>
						<line hits="1" number="166"/>
						<line hits="1" number="168"/>
						<line hits="1" number="170"/>
						<line hits="1" number="181"/>
						<line branch="true" condition-coverage="100% (2/2)" hits="1" number="183"/>
						<line branch="true" condition-coverage="50% (1/2)" hits="1" missing-branches="188" number="184"/>
						<line hits="1" number="186"/>
						<line hits="0" number="188"/>
						<line hits="1" number="190"/>
						<line hits="1" number="192"/>
						<line hits="1" number="194"/>
						<line branch="true" condition-coverage="100% (2/2)" hits="1" number="196"/>
						<line hits="1" number="197"/>
						<line hits="1" number="200"/>
						<line branch="true" condition-coverage="100% (2/2)" hits="1" number="201"/>
						<line hits="1" number="202"/>
						<line hits="1" number="205"/>
						<line branch="true" condition-coverage="50% (1/2)" hits="1" missing-branches="210" number="207"/>
						<line hits="1" number="208"/>
						<line hits="0" number="210"/>
						<line hits="1" number="212"/>
						<line hits="1" number="225"/>
						<line branch="true" condition-coverage="100% (2/2)" hits="1" number="227"/>
						<line hits="1" number="229"/>
						<line hits="1" number="231"/>
						<line hits="1" number="233"/>
						<line hits="1" number="235"/>
						<line branch="true" condition-coverage="100% (2/2)" hits="1" number="246"/>
						<line branch="true" condition-coverage="100% (2/2)" hits="1" number="248"/>
						<line branch="true" condition-coverage="100% (2/2)" hits="1" number="249"/>
						<line hits="1" number="250"/>
						<line hits="1" number="255"/>
						<line hits="1" number="258"/>
						<line branch="true" condition-coverage="50% (1/2)" hits="1" missing-branches="261" number="260"/>
						<line hits="0" number="261"/>
						<line hits="1" number="264"/>
						<line hits="1" number="266"/>
						<line hits="1" number="267"/>
						<line hits="1" number="269"/>
						<line branch="true" condition-coverage="100% (2/2)" hits="1" number="270"/>
						<line hits="1" number="273"/>
						<line branch="true" condition-coverage="50% (1/2)" hits="1" missing-branches="283" number="277"/>
						<line hits="1" number="278"/>
						<line hits="1" number="279"/>
						<line hits="0" number="283"/>
						<line hits="1" number="285"/>
						<line hits="1" number="290"/>
						<line hits="1" number="293"/>
						<line hits="1" number="297"/>
						<line hits="1" number="298"/>
						<line hits="1" number="300"/>
						<line hits="1" number="302"/>
						<line hits="1" number="304"/>
						<line hits="1" number="306"/>
						<line branch="true" condition-coverage="100% (2/2)" hits="1" number="310"/>
						<line hits="1" number="312"/>
						<line hits="1" number="313"/>
						<line hits="1" number="315"/>
						<line hits="1" number="322"/>
						<line hits="1" number="325"/>
						<line hits="1" number="338"/>
						<line hits="1" number="339"/>
						<line hits="1" number="341"/>
						<line hits="1" number="346"/>
						<line hits="1" number="347"/>
						<line hits="1" number="350"/>
						<line hits="1" number="354"/>
						<line hits="1" number="355"/>
						<line hits="1" number="357"/>
						<line hits="1" number="359"/>
						<line hits="1" number="361"/>
						<line hits="1" number="362"/>
						<line hits="1" number="364"/>
						<line hits="1" number="366"/>
						<line hits="1" number="368"/>
						<line hits="1" number="374"/>
						<line hits="1" number="376"/>
						<line hits="1" number="387"/>
						<line hits="1" number="390"/>
						<line hits="0" number="392"/>
						<line hits="1" number="394"/>
						<line branch="true" condition-coverage="100% (2/2)" hits="1" number="400"/>
						<line hits="1" number="401"/>
						<line hits="1" number="405"/>
						<line hits="1" number="407"/>
						<line hits="1" number="410"/>
						<line hits="1" number="411"/>
						<line hits="1" number="412"/>
						<line hits="0" number="413"/>
						<line hits="0" number="414"/>
						<line branch="true" condition-coverage="50% (1/2)" hits="1" missing-branches="434" number="421"/>
						<line hits="1" number="425"/>
						<line hits="1" number="426"/>
						<line hits="1" number="428"/>
						<line hits="1" number="429"/>
						<line hits="0" number="434"/>
						<line hits="0" number="436"/>
						<line hits="0" number="438"/>
						<line hits="0" number="440"/>
						<line hits="0" number="442"/>
						<line hits="0" number="443"/>
						<line hits="0" number="444"/>
						<line hits="0" number="446"/>
						<line hits="0" number="448"/>
						<line hits="0" number="450"/>
						<line hits="0" number="453"/>
						<line hits="0" number="455"/>
						<line hits="0" number="459"/>
						<line branch="true" condition-coverage="0% (0/2)" hits="0" missing-branches="462,465" number="460"/>
						<line hits="0" number="462"/>
						<line hits="0" number="465"/>
						<line hits="0" number="467"/>
						<line hits="0" number="470"/>
						<line branch="true" condition-coverage="0% (0/2)" hits="0" missing-branches="473,476" number="471"/>
						<line hits="0" number="473"/>
						<line hits="0" number="476"/>
						<line hits="1" number="479"/>
						<line hits="1" number="501"/>
						<line hits="1" number="504"/>
						<line hits="1" number="506"/>
						<line hits="1" number="508"/>
						<line hits="0" number="509"/>
						<line hits="0" number="510"/>
						<line hits="1" number="513"/>
						<line hits="1" number="519"/>
						<line hits="1" number="521"/>
						<line hits="0" number="522"/>
						<line hits="0" number="523"/>
						<line hits="1" number="526"/>
						<line hits="1" number="535"/>
						<line hits="1" number="536"/>
						<line hits="0" number="537"/>
						<line hits="0" number="538"/>
						<line branch="true" condition-coverage="100% (2/2)" hits="1" number="540"/>
						<line hits="1" number="541"/>
						<line hits="1" number="543"/>
						<line hits="1" number="546"/>
						<line hits="1" number="554"/>
						<line hits="1" number="555"/>
						<line hits="1" number="556"/>
						<line hits="1" number="557"/>
					</lines>
				</class>
				<class branch-rate="0.5484" complexity="0" filename="pytest_cases/common_pytest_marks.py" line-rate="0.7233" name="common_pytest_marks.py">
					<methods/>
					<lines>
						<line hits="1" number="5"/>
						<line hits="1" number="7"/>
						<line hits="1" number="8"/>
						<line hits="1" number="10"/>
						<line hits="1" number="11"/>
						<line hits="1" number="15"/>
						<line hits="1" number="16"/>
						<line hits="1" number="20"/>
						<line hits="1" number="22"/>
						<line hits="1" number="23"/>
						<line hits="1" number="27"/>
						<line hits="1" number="30"/>
						<line hits="1" number="31"/>
						<line hits="1" number="32"/>
						<line hits="1" number="33"/>
						<line hits="1" number="34"/>
						<line hits="1" number="35"/>
						<line hits="1" number="36"/>
						<line hits="1" number="37"/>
						<line hits="1" number="38"/>
						<line hits="1" number="39"/>
						<line hits="1" number="40"/>
						<line hits="1" number="41"/>
						<line hits="1" number="42"/>
						<line hits="1" number="43"/>
						<line hits="1" number="46"/>
						<line branch="true" condition-coverage="100% (2/2)" hits="1" number="53"/>
						<line hits="1" number="54"/>
						<line hits="1" number="55"/>
						<line hits="1" number="59"/>
						<line hits="0" number="61"/>
						<line hits="1" number="64"/>
						<line hits="1" number="69"/>
						<line hits="1" number="72"/>
						<line hits="1" number="78"/>
						<line hits="1" number="80"/>
						<line hits="1" number="81"/>
						<line hits="1" number="82"/>
						<line hits="1" number="83"/>
						<line hits="1" number="84"/>
						<line hits="1" number="85"/>
						<line branch="true" condition-coverage="0% (0/2)" hits="0" missing-branches="88,90" number="87"/>
						<line hits="0" number="88"/>
						<line hits="1" number="90"/>
						<line hits="1" number="91"/>
						<line hits="1" number="92"/>
						<line hits="1" number="93"/>
						<line hits="1" number="94"/>
						<line hits="0" number="95"/>
						<line hits="0" number="97"/>
						<line hits="1" number="101"/>
						<line hits="1" number="102"/>
						<line hits="1" number="104"/>
						<line hits="0" number="105"/>
						<line hits="0" number="106"/>
						<line hits="1" number="110"/>
						<line hits="1" number="112"/>
						<line hits="1" number="113"/>
						<line hits="1" number="115"/>
						<line hits="1" number="118"/>
						<line branch="true" condition-coverage="100% (2/2)" hits="1" number="129"/>
						<line hits="1" number="132"/>
						<line hits="1" number="144"/>
						<line hits="1" number="145"/>
						<line hits="1" number="146"/>
						<line hits="1" number="147"/>
						<line branch="true" condition-coverage="100% (2/2)" hits="1" number="150"/>
						<line hits="0" number="151"/>
						<line hits="0" number="152"/>
						<line branch="true" condition-coverage="100% (2/2)" hits="1" number="155"/>
						<line hits="1" number="156"/>
						<line hits="1" number="158"/>
						<line hits="1" number="161"/>
						<line branch="true" condition-coverage="50% (1/2)" hits="1" missing-branches="166" number="163"/>
						<line hits="1" number="164"/>
						<line branch="true" condition-coverage="0% (0/2)" hits="0" missing-branches="exit,exit" number="166"/>
						<line hits="1" number="169"/>
						<line hits="1" number="171"/>
						<line branch="true" condition-coverage="100% (2/2)" hits="1" number="172"/>
						<line branch="true" condition-coverage="100% (2/2)" hits="1" number="173"/>
						<line hits="1" number="178"/>
						<line branch="true" condition-coverage="50% (1/2)" hits="1" missing-branches="180" number="179"/>
						<line hits="0" number="180"/>
						<line hits="1" number="182"/>
						<line hits="1" number="185"/>
						<line hits="1" number="186"/>
						<line branch="true" condition-coverage="50% (1/2)" hits="1" missing-branches="193" number="187"/>
						<line branch="true" condition-coverage="100% (2/2)" hits="1" number="189"/>
						<line hits="1" number="190"/>
						<line hits="0" number="193"/>
						<line hits="0" number="194"/>
						<line hits="0" number="195"/>
						<line hits="0" number="196"/>
						<line hits="1" number="197"/>
						<line hits="1" number="200"/>
						<line hits="1" number="208"/>
						<line branch="true" condition-coverage="100% (2/2)" hits="1" number="209"/>
						<line branch="true" condition-coverage="100% (2/2)" hits="1" number="210"/>
						<line hits="1" number="213"/>
						<line branch="true" condition-coverage="50% (1/2)" hits="1" missing-branches="216" number="214"/>
						<line branch="true" condition-coverage="0% (0/2)" hits="0" missing-branches="217,218" number="216"/>
						<line hits="0" number="217"/>
						<line hits="0" number="218"/>
						<line branch="true" condition-coverage="0% (0/2)" hits="0" missing-branches="220,225" number="219"/>
						<line hits="0" number="220"/>
						<line hits="0" number="225"/>
						<line branch="true" condition-coverage="0% (0/2)" hits="0" missing-branches="227,229" number="226"/>
						<line hits="0" number="227"/>
						<line hits="0" number="228"/>
						<line hits="0" number="229"/>
						<line hits="1" number="231"/>
						<line hits="1" number="240"/>
						<line branch="true" condition-coverage="50% (1/2)" hits="1" missing-branches="246" number="243"/>
						<line hits="0" number="246"/>
						<line branch="true" condition-coverage="0% (0/2)" hits="0" missing-branches="248,250" number="247"/>
						<line hits="0" number="248"/>
						<line branch="true" condition-coverage="0% (0/2)" hits="0" missing-branches="251,254" number="250"/>
						<line hits="0" number="251"/>
						<line hits="0" number="254"/>
						<line hits="0" number="259"/>
						<line hits="1" number="262"/>
						<line branch="true" condition-coverage="50% (1/2)" hits="1" missing-branches="264" number="263"/>
						<line hits="0" number="264"/>
						<line hits="1" number="267"/>
						<line hits="1" number="270"/>
						<line hits="1" number="273"/>
						<line hits="1" number="287"/>
						<line hits="1" number="288"/>
						<line hits="1" number="290"/>
						<line hits="1" number="291"/>
						<line branch="true" condition-coverage="100% (2/2)" hits="1" number="292"/>
						<line hits="1" number="294"/>
						<line branch="true" condition-coverage="50% (1/2)" hits="1" missing-branches="305" number="296"/>
						<line branch="true" condition-coverage="100% (2/2)" hits="1" number="297"/>
						<line hits="1" number="299"/>
						<line hits="1" number="301"/>
						<line hits="1" number="302"/>
						<line hits="0" number="305"/>
						<line branch="true" condition-coverage="0% (0/2)" hits="0" missing-branches="308,310" number="307"/>
						<line hits="0" number="308"/>
						<line hits="0" number="310"/>
						<line hits="0" number="311"/>
						<line hits="0" number="316"/>
						<line hits="0" number="318"/>
						<line hits="0" number="319"/>
						<line hits="1" number="320"/>
						<line hits="1" number="323"/>
						<line branch="true" condition-coverage="100% (2/2)" hits="1" number="332"/>
						<line hits="1" number="333"/>
						<line hits="1" number="335"/>
						<line hits="1" number="337"/>
						<line hits="1" number="338"/>
						<line hits="1" number="340"/>
						<line hits="1" number="343"/>
						<line branch="true" condition-coverage="50% (1/2)" hits="1" missing-branches="348" number="346"/>
						<line branch="true" condition-coverage="100% (2/2)" hits="1" number="347"/>
						<line branch="true" condition-coverage="0% (0/2)" hits="0" missing-branches="349,351" number="348"/>
						<line hits="0" number="349"/>
						<line branch="true" condition-coverage="0% (0/2)" hits="0" missing-branches="exit,exit" number="351"/>
					</lines>
				</class>
				<class branch-rate="1" complexity="0" filename="pytest_cases/filters.py" line-rate="0.8649" name="filters.py">
					<methods/>
					<lines>
						<line hits="1" number="1"/>
						<line hits="1" number="3"/>
						<line hits="1" number="6"/>
						<line hits="1" number="15"/>
						<line hits="1" number="16"/>
						<line hits="1" number="18"/>
						<line hits="1" number="19"/>
						<line hits="1" number="21"/>
						<line branch="true" condition-coverage="100% (2/2)" hits="1" number="22"/>
						<line hits="1" number="26"/>
						<line hits="0" number="27"/>
						<line hits="1" number="29"/>
						<line branch="true" condition-coverage="100% (2/2)" hits="1" number="30"/>
						<line hits="1" number="34"/>
						<line hits="0" number="35"/>
						<line hits="1" number="37"/>
						<line branch="true" condition-coverage="100% (2/2)" hits="1" number="38"/>
						<line hits="1" number="43"/>
						<line hits="1" number="52"/>
						<line hits="1" number="53"/>
						<line hits="1" number="57"/>
						<line hits="1" number="60"/>
						<line hits="1" number="69"/>
						<line hits="1" number="70"/>
						<line hits="1" number="72"/>
						<line hits="1" number="75"/>
						<line hits="1" number="84"/>
						<line hits="1" number="85"/>
						<line hits="1" number="87"/>
						<line hits="1" number="90"/>
						<line hits="1" number="99"/>
						<line hits="1" number="100"/>
						<line hits="1" number="102"/>
						<line hits="1" number="105"/>
						<line hits="0" number="114"/>
						<line hits="0" number="115"/>
						<line hits="0" number="117"/>
					</lines>
				</class>
				<class branch-rate="0.7727" complexity="0" filename="pytest_cases/fixture__creation.py" line-rate="0.8302" name="fixture__creation.py">
					<methods/>
					<lines>
						<line hits="1" number="5"/>
						<line hits="1" number="7"/>
						<line hits="1" number="8"/>
						<line hits="1" number="10"/>
						<line hits="1" number="12"/>
						<line hits="1" number="13"/>
						<line hits="1" number="17"/>
						<line hits="1" number="20"/>
						<line hits="1" number="24"/>
						<line hits="0" number="25"/>
						<line hits="0" number="26"/>
						<line hits="0" number="27"/>
						<line hits="1" number="29"/>
						<line hits="0" number="30"/>
						<line hits="1" number="34"/>
						<line hits="1" number="35"/>
						<line hits="1" number="36"/>
						<line hits="1" number="39"/>
						<line hits="1" number="61"/>
						<line branch="true" condition-coverage="100% (2/2)" hits="1" number="62"/>
						<line branch="true" condition-coverage="50% (1/2)" hits="1" missing-branches="64" number="63"/>
						<line hits="0" number="64"/>
						<line branch="true" condition-coverage="50% (1/2)" hits="1" missing-branches="66" number="65"/>
						<line hits="0" number="66"/>
						<line hits="1" number="67"/>
						<line branch="true" condition-coverage="100% (2/2)" hits="1" number="69"/>
						<line hits="1" number="71"/>
						<line hits="1" number="72"/>
						<line hits="1" number="74"/>
						<line branch="true" condition-coverage="100% (2/2)" hits="1" number="76"/>
						<line branch="true" condition-coverage="100% (2/2)" hits="1" number="77"/>
						<line hits="1" number="78"/>
						<line branch="true" condition-coverage="50% (1/2)" hits="1" missing-branches="82" number="81"/>
						<line hits="0" number="82"/>
						<line branch="true" condition-coverage="50% (1/2)" hits="1" missing-branches="85" number="84"/>
						<line hits="0" number="85"/>
						<line branch="true" condition-coverage="50% (1/2)" hits="1" missing-branches="97" number="87"/>
						<line hits="1" number="89"/>
						<line hits="1" number="90"/>
						<line branch="true" condition-coverage="100% (2/2)" hits="1" number="91"/>
						<line hits="1" number="92"/>
						<line hits="1" number="93"/>
						<line hits="1" number="95"/>
						<line hits="0" number="97"/>
						<line hits="1" number="99"/>
						<line hits="1" number="102"/>
						<line hits="1" number="110"/>
						<line hits="1" number="111"/>
						<line hits="1" number="114"/>
						<line hits="1" number="123"/>
						<line branch="true" condition-coverage="100% (2/2)" hits="1" number="124"/>
						<line hits="1" number="125"/>
						<line hits="1" number="126"/>
					</lines>
				</class>
				<class branch-rate="0.9167" complexity="0" filename="pytest_cases/fixture_core1_unions.py" line-rate="0.939" name="fixture_core1_unions.py">
					<methods/>
					<lines>
						<line hits="1" number="5"/>
						<line hits="1" number="7"/>
						<line hits="1" number="8"/>
						<line hits="1" number="10"/>
						<line hits="1" number="12"/>
						<line hits="1" number="14"/>
						<line hits="1" number="15"/>
						<line hits="1" number="19"/>
						<line hits="1" number="20"/>
						<line hits="1" number="21"/>
						<line hits="1" number="25"/>
						<line hits="1" number="26"/>
						<line hits="1" number="28"/>
						<line hits="1" number="31"/>
						<line hits="1" number="32"/>
						<line hits="1" number="33"/>
						<line hits="1" number="36"/>
						<line hits="1" number="37"/>
						<line hits="0" number="38"/>
						<line hits="1" number="41"/>
						<line hits="1" number="45"/>
						<line hits="1" number="49"/>
						<line hits="1" number="53"/>
						<line hits="1" number="58"/>
						<line hits="1" number="60"/>
						<line hits="1" number="65"/>
						<line hits="1" number="67"/>
						<line hits="1" number="72"/>
						<line hits="1" number="74"/>
						<line branch="true" condition-coverage="100% (2/2)" hits="1" number="85"/>
						<line hits="1" number="87"/>
						<line hits="1" number="88"/>
						<line hits="1" number="89"/>
						<line hits="0" number="90"/>
						<line hits="0" number="91"/>
						<line hits="1" number="94"/>
						<line hits="1" number="97"/>
						<line hits="1" number="99"/>
						<line hits="1" number="101"/>
						<line hits="1" number="113"/>
						<line hits="1" number="114"/>
						<line hits="1" number="115"/>
						<line hits="1" number="117"/>
						<line hits="1" number="119"/>
						<line hits="1" number="121"/>
						<line hits="1" number="123"/>
						<line hits="1" number="125"/>
						<line hits="1" number="127"/>
						<line hits="1" number="129"/>
						<line hits="1" number="131"/>
						<line hits="1" number="133"/>
						<line hits="0" number="134"/>
						<line hits="1" number="137"/>
						<line hits="1" number="140"/>
						<line branch="true" condition-coverage="100% (2/2)" hits="1" number="141"/>
						<line branch="true" condition-coverage="100% (2/2)" hits="1" number="142"/>
						<line hits="1" number="143"/>
						<line hits="1" number="144"/>
						<line hits="1" number="145"/>
						<line hits="1" number="148"/>
						<line hits="1" number="153"/>
						<line hits="1" number="155"/>
						<line hits="1" number="156"/>
						<line hits="1" number="158"/>
						<line hits="1" number="159"/>
						<line hits="1" number="163"/>
						<line hits="1" number="172"/>
						<line branch="true" condition-coverage="100% (2/2)" hits="1" number="173"/>
						<line hits="1" number="174"/>
						<line branch="true" condition-coverage="50% (1/2)" hits="1" missing-branches="178" number="176"/>
						<line hits="0" number="178"/>
						<line hits="1" number="179"/>
						<line branch="true" condition-coverage="100% (2/2)" hits="1" number="180"/>
						<line hits="1" number="181"/>
						<line hits="1" number="182"/>
						<line hits="0" number="183"/>
						<line hits="0" number="186"/>
						<line hits="1" number="189"/>
						<line hits="1" number="199"/>
						<line hits="1" number="202"/>
						<line hits="1" number="217"/>
						<line hits="1" number="220"/>
						<line branch="true" condition-coverage="100% (2/2)" hits="1" number="221"/>
						<line hits="1" number="223"/>
						<line hits="1" number="225"/>
						<line branch="true" condition-coverage="100% (2/2)" hits="1" number="227"/>
						<line hits="1" number="229"/>
						<line hits="1" number="231"/>
						<line branch="true" condition-coverage="100% (2/2)" hits="1" number="232"/>
						<line hits="1" number="233"/>
						<line hits="1" number="235"/>
						<line hits="1" number="239"/>
						<line hits="1" number="241"/>
						<line branch="true" condition-coverage="100% (2/2)" hits="1" number="242"/>
						<line branch="true" condition-coverage="100% (2/2)" hits="1" number="243"/>
						<line hits="1" number="244"/>
						<line hits="1" number="246"/>
						<line hits="1" number="248"/>
						<line hits="1" number="251"/>
						<line hits="1" number="297"/>
						<line branch="true" condition-coverage="50% (1/2)" hits="1" missing-branches="301" number="300"/>
						<line hits="0" number="301"/>
						<line hits="1" number="304"/>
						<line branch="true" condition-coverage="100% (2/2)" hits="1" number="307"/>
						<line hits="1" number="310"/>
						<line hits="1" number="311"/>
						<line branch="true" condition-coverage="100% (2/2)" hits="1" number="312"/>
						<line hits="1" number="314"/>
						<line branch="true" condition-coverage="100% (2/2)" hits="1" number="317"/>
						<line hits="1" number="318"/>
						<line hits="1" number="320"/>
						<line branch="true" condition-coverage="100% (2/2)" hits="1" number="323"/>
						<line hits="1" number="324"/>
						<line hits="1" number="325"/>
						<line hits="1" number="327"/>
						<line branch="true" condition-coverage="100% (2/2)" hits="1" number="332"/>
						<line hits="1" number="333"/>
						<line hits="1" number="335"/>
						<line hits="1" number="338"/>
						<line branch="true" condition-coverage="50% (1/2)" hits="1" missing-branches="372" number="371"/>
						<line hits="0" number="372"/>
						<line hits="1" number="376"/>
						<line branch="true" condition-coverage="100% (2/2)" hits="1" number="379"/>
						<line hits="1" number="380"/>
						<line hits="1" number="382"/>
						<line branch="true" condition-coverage="50% (1/2)" hits="1" missing-branches="387" number="383"/>
						<line hits="1" number="384"/>
						<line hits="1" number="385"/>
						<line hits="0" number="387"/>
						<line branch="true" condition-coverage="100% (2/2)" hits="1" number="390"/>
						<line hits="1" number="391"/>
						<line hits="1" number="394"/>
						<line hits="1" number="397"/>
						<line hits="1" number="399"/>
						<line hits="1" number="402"/>
						<line hits="1" number="403"/>
						<line hits="1" number="405"/>
						<line hits="1" number="408"/>
						<line hits="1" number="412"/>
						<line hits="1" number="453"/>
						<line hits="1" number="454"/>
						<line hits="1" number="457"/>
						<line hits="1" number="474"/>
						<line hits="1" number="477"/>
						<line branch="true" condition-coverage="100% (2/2)" hits="1" number="478"/>
						<line hits="1" number="479"/>
						<line hits="1" number="482"/>
						<line hits="1" number="485"/>
						<line branch="true" condition-coverage="100% (2/2)" hits="1" number="486"/>
						<line hits="1" number="490"/>
						<line hits="1" number="492"/>
						<line hits="1" number="493"/>
						<line branch="true" condition-coverage="100% (2/2)" hits="1" number="496"/>
						<line hits="1" number="497"/>
						<line hits="1" number="499"/>
						<line hits="1" number="501"/>
						<line hits="1" number="503"/>
						<line hits="1" number="506"/>
						<line hits="1" number="509"/>
						<line hits="1" number="510"/>
						<line hits="1" number="513"/>
						<line hits="1" number="515"/>
						<line hits="1" number="518"/>
						<line hits="1" number="519"/>
					</lines>
				</class>
				<class branch-rate="0.7935" complexity="0" filename="pytest_cases/fixture_core2.py" line-rate="0.8859" name="fixture_core2.py">
					<methods/>
					<lines>
						<line hits="1" number="5"/>
						<line hits="1" number="7"/>
						<line hits="1" number="8"/>
						<line hits="1" number="9"/>
						<line hits="1" number="11"/>
						<line hits="1" number="12"/>
						<line hits="1" number="14"/>
						<line hits="1" number="16"/>
						<line hits="1" number="17"/>
						<line hits="1" number="21"/>
						<line hits="1" number="22"/>
						<line hits="1" number="23"/>
						<line hits="1" number="27"/>
						<line hits="1" number="28"/>
						<line hits="1" number="30"/>
						<line hits="1" number="31"/>
						<line hits="1" number="32"/>
						<line hits="1" number="35"/>
						<line branch="true" condition-coverage="50% (1/2)" hits="1" missing-branches="76" number="75"/>
						<line hits="0" number="76"/>
						<line branch="true" condition-coverage="50% (1/2)" hits="1" missing-branches="79" number="78"/>
						<line hits="0" number="79"/>
						<line hits="1" number="82"/>
						<line hits="1" number="84"/>
						<line hits="1" number="88"/>
						<line branch="true" condition-coverage="100% (2/2)" hits="1" number="100"/>
						<line hits="1" number="102"/>
						<line branch="true" condition-coverage="50% (1/2)" hits="1" missing-branches="106" number="103"/>
[...]
						<line hits="1" number="209"/>
						<line branch="true" condition-coverage="100% (2/2)" hits="1" number="214"/>
						<line branch="true" condition-coverage="100% (2/2)" hits="1" number="215"/>
						<line hits="1" number="216"/>
						<line hits="1" number="220"/>
						<line hits="1" number="237"/>
						<line hits="1" number="239"/>
						<line hits="1" number="240"/>
						<line hits="1" number="242"/>
						<line branch="true" condition-coverage="100% (2/2)" hits="1" number="244"/>
						<line hits="1" number="245"/>
						<line branch="true" condition-coverage="100% (2/2)" hits="1" number="246"/>
						<line hits="1" number="247"/>
						<line hits="1" number="249"/>
						<line hits="1" number="251"/>
						<line branch="true" condition-coverage="100% (2/2)" hits="1" number="268"/>
						<line hits="1" number="269"/>
						<line hits="1" number="272"/>
						<line branch="true" condition-coverage="100% (2/2)" hits="1" number="273"/>
						<line hits="1" number="274"/>
						<line branch="true" condition-coverage="100% (2/2)" hits="1" number="277"/>
						<line hits="1" number="278"/>
						<line branch="true" condition-coverage="100% (2/2)" hits="1" number="281"/>
						<line hits="1" number="282"/>
						<line hits="1" number="283"/>
						<line hits="1" number="286"/>
						<line branch="true" condition-coverage="100% (2/2)" hits="1" number="287"/>
						<line hits="1" number="289"/>
						<line hits="1" number="290"/>
						<line hits="1" number="293"/>
						<line hits="1" number="294"/>
						<line branch="true" condition-coverage="100% (2/2)" hits="1" number="296"/>
						<line hits="1" number="300"/>
						<line branch="true" condition-coverage="100% (2/2)" hits="1" number="305"/>
						<line hits="1" number="307"/>
						<line hits="1" number="310"/>
						<line hits="1" number="314"/>
						<line hits="1" number="315"/>
						<line hits="1" number="319"/>
						<line hits="1" number="322"/>
						<line hits="1" number="326"/>
						<line hits="1" number="327"/>
						<line hits="1" number="370"/>
						<line hits="1" number="372"/>
						<line branch="true" condition-coverage="100% (2/2)" hits="1" number="373"/>
						<line branch="true" condition-coverage="100% (2/2)" hits="1" number="374"/>
						<line hits="1" number="375"/>
						<line hits="1" number="377"/>
						<line hits="1" number="378"/>
						<line hits="1" number="379"/>
						<line hits="1" number="380"/>
						<line branch="true" condition-coverage="100% (2/2)" hits="1" number="383"/>
						<line branch="true" condition-coverage="100% (2/2)" hits="1" number="384"/>
						<line hits="1" number="385"/>
						<line hits="1" number="387"/>
						<line branch="true" condition-coverage="50% (1/2)" hits="1" missing-branches="390" number="389"/>
						<line hits="0" number="390"/>
						<line branch="true" condition-coverage="100% (2/2)" hits="1" number="391"/>
						<line branch="true" condition-coverage="50% (1/2)" hits="1" missing-branches="exit" number="393"/>
						<line hits="1" number="394"/>
						<line branch="true" condition-coverage="100% (2/2)" hits="1" number="397"/>
						<line hits="1" number="398"/>
						<line hits="1" number="400"/>
						<line branch="true" condition-coverage="50% (1/2)" hits="1" missing-branches="411" number="410"/>
						<line hits="0" number="411"/>
						<line hits="1" number="417"/>
						<line hits="1" number="420"/>
						<line hits="1" number="421"/>
						<line branch="true" condition-coverage="100% (2/2)" hits="1" number="424"/>
						<line hits="1" number="426"/>
						<line hits="1" number="427"/>
						<line hits="1" number="435"/>
						<line hits="1" number="436"/>
						<line hits="1" number="438"/>
						<line hits="1" number="439"/>
						<line hits="1" number="443"/>
						<line hits="1" number="445"/>
						<line hits="1" number="448"/>
						<line branch="true" condition-coverage="100% (2/2)" hits="1" number="450"/>
						<line hits="1" number="451"/>
						<line branch="true" condition-coverage="100% (2/2)" hits="1" number="452"/>
						<line hits="1" number="453"/>
						<line branch="true" condition-coverage="100% (2/2)" hits="1" number="454"/>
						<line hits="1" number="455"/>
						<line hits="1" number="456"/>
						<line hits="1" number="458"/>
						<line hits="1" number="460"/>
						<line hits="1" number="462"/>
						<line hits="1" number="471"/>
						<line branch="true" condition-coverage="100% (2/2)" hits="1" number="474"/>
						<line hits="1" number="475"/>
						<line branch="true" condition-coverage="100% (2/2)" hits="1" number="478"/>
						<line branch="true" condition-coverage="100% (2/2)" hits="1" number="479"/>
						<line hits="1" number="480"/>
						<line hits="1" number="482"/>
						<line hits="1" number="484"/>
						<line hits="1" number="486"/>
						<line hits="1" number="490"/>
						<line hits="1" number="501"/>
						<line branch="true" condition-coverage="100% (2/2)" hits="1" number="502"/>
						<line hits="1" number="504"/>
						<line hits="1" number="505"/>
						<line hits="1" number="507"/>
						<line branch="true" condition-coverage="100% (2/2)" hits="1" number="508"/>
						<line hits="1" number="509"/>
						<line branch="true" condition-coverage="100% (2/2)" hits="1" number="510"/>
						<line branch="true" condition-coverage="100% (2/2)" hits="1" number="512"/>
						<line hits="1" number="514"/>
						<line hits="1" number="515"/>
						<line branch="true" condition-coverage="100% (2/2)" hits="1" number="518"/>
						<line hits="1" number="520"/>
						<line hits="1" number="522"/>
						<line hits="1" number="525"/>
						<line hits="1" number="528"/>
						<line hits="1" number="540"/>
						<line hits="1" number="542"/>
						<line hits="1" number="549"/>
						<line hits="1" number="551"/>
						<line hits="1" number="553"/>
						<line hits="1" number="556"/>
						<line hits="1" number="567"/>
						<line hits="1" number="571"/>
						<line hits="0" number="574"/>
						<line hits="0" number="575"/>
						<line hits="1" number="577"/>
						<line hits="1" number="579"/>
						<line hits="1" number="580"/>
						<line branch="true" condition-coverage="100% (2/2)" hits="1" number="581"/>
						<line hits="1" number="586"/>
						<line branch="true" condition-coverage="50% (1/2)" hits="1" missing-branches="598" number="593"/>
						<line branch="true" condition-coverage="100% (2/2)" hits="1" number="595"/>
						<line hits="0" number="598"/>
						<line hits="1" number="602"/>
						<line hits="1" number="603"/>
						<line hits="1" number="605"/>
						<line hits="1" number="611"/>
						<line hits="1" number="613"/>
						<line hits="1" number="619"/>
						<line branch="true" condition-coverage="100% (2/2)" hits="1" number="621"/>
						<line hits="1" number="623"/>
						<line branch="true" condition-coverage="50% (1/2)" hits="1" missing-branches="634" number="625"/>
						<line branch="true" condition-coverage="50% (1/2)" hits="1" missing-branches="634" number="626"/>
						<line hits="1" number="628"/>
						<line hits="1" number="631"/>
						<line hits="0" number="634"/>
						<line hits="1" number="637"/>
						<line hits="1" number="638"/>
						<line hits="1" number="640"/>
						<line branch="true" condition-coverage="100% (2/2)" hits="1" number="652"/>
						<line hits="1" number="654"/>
						<line hits="1" number="655"/>
						<line hits="1" number="656"/>
						<line branch="true" condition-coverage="50% (1/2)" hits="1" missing-branches="658" number="657"/>
						<line hits="0" number="658"/>
						<line hits="1" number="664"/>
						<line hits="1" number="667"/>
						<line branch="true" condition-coverage="100% (2/2)" hits="1" number="670"/>
						<line hits="1" number="672"/>
						<line hits="1" number="674"/>
						<line hits="1" number="679"/>
						<line hits="1" number="681"/>
						<line hits="1" number="690"/>
						<line hits="1" number="693"/>
						<line hits="1" number="696"/>
						<line hits="1" number="702"/>
						<line branch="true" condition-coverage="50% (1/2)" hits="1" missing-branches="707" number="703"/>
						<line hits="1" number="705"/>
						<line branch="true" condition-coverage="50% (1/2)" hits="1" missing-branches="713" number="707"/>
						<line hits="1" number="709"/>
						<line hits="0" number="713"/>
						<line hits="1" number="716"/>
						<line hits="1" number="721"/>
						<line hits="1" number="722"/>
						<line branch="true" condition-coverage="50% (1/2)" hits="1" missing-branches="727" number="724"/>
						<line hits="1" number="725"/>
						<line hits="0" number="727"/>
						<line hits="1" number="730"/>
						<line hits="1" number="745"/>
						<line branch="true" condition-coverage="50% (1/2)" hits="1" missing-branches="748" number="747"/>
						<line hits="0" number="748"/>
						<line hits="1" number="751"/>
						<line hits="1" number="753"/>
						<line branch="true" condition-coverage="100% (2/2)" hits="1" number="755"/>
						<line branch="true" condition-coverage="50% (1/2)" hits="1" missing-branches="755" number="756"/>
						<line hits="1" number="757"/>
						<line branch="true" condition-coverage="100% (2/2)" hits="1" number="762"/>
						<line hits="1" number="765"/>
						<line hits="1" number="767"/>
						<line hits="1" number="770"/>
						<line hits="1" number="773"/>
						<line hits="1" number="776"/>
						<line hits="1" number="777"/>
						<line hits="1" number="778"/>
						<line hits="1" number="779"/>
						<line hits="1" number="780"/>
						<line branch="true" condition-coverage="100% (2/2)" hits="1" number="783"/>
						<line hits="1" number="784"/>
						<line branch="true" condition-coverage="50% (1/2)" hits="1" missing-branches="787" number="786"/>
						<line hits="0" number="787"/>
						<line hits="0" number="788"/>
						<line hits="0" number="789"/>
						<line hits="1" number="791"/>
						<line hits="1" number="794"/>
						<line hits="1" number="802"/>
						<line hits="1" number="805"/>
						<line hits="1" number="808"/>
						<line hits="1" number="811"/>
						<line hits="1" number="813"/>
						<line branch="true" condition-coverage="0% (0/2)" hits="0" missing-branches="exit,exit" number="814"/>
						<line hits="1" number="819"/>
						<line hits="1" number="822"/>
						<line hits="1" number="824"/>
						<line hits="0" number="825"/>
						<line hits="1" number="829"/>
						<line branch="true" condition-coverage="100% (2/2)" hits="1" number="840"/>
						<line hits="1" number="842"/>
						<line branch="true" condition-coverage="100% (2/2)" hits="1" number="850"/>
						<line branch="true" condition-coverage="50% (1/2)" hits="1" missing-branches="853" number="852"/>
						<line hits="0" number="853"/>
						<line hits="1" number="854"/>
						<line hits="1" number="855"/>
						<line branch="true" condition-coverage="100% (2/2)" hits="1" number="858"/>
						<line branch="true" condition-coverage="50% (1/2)" hits="1" missing-branches="860" number="859"/>
						<line hits="0" number="860"/>
						<line hits="1" number="861"/>
						<line hits="1" number="862"/>
						<line branch="true" condition-coverage="50% (1/2)" hits="1" missing-branches="864" number="863"/>
						<line hits="0" number="864"/>
						<line hits="1" number="867"/>
						<line hits="1" number="870"/>
						<line hits="1" number="873"/>
						<line hits="1" number="891"/>
						<line hits="1" number="893"/>
						<line hits="1" number="894"/>
						<line hits="1" number="895"/>
						<line hits="1" number="896"/>
						<line hits="1" number="900"/>
						<line hits="1" number="903"/>
						<line hits="1" number="905"/>
						<line branch="true" condition-coverage="0% (0/2)" hits="0" missing-branches="exit,exit" number="907"/>
						<line hits="1" number="911"/>
						<line hits="1" number="912"/>
						<line hits="1" number="914"/>
						<line hits="1" number="915"/>
						<line hits="1" number="917"/>
						<line branch="true" condition-coverage="100% (2/2)" hits="1" number="924"/>
						<line hits="1" number="926"/>
						<line hits="1" number="928"/>
						<line hits="1" number="932"/>
						<line hits="1" number="941"/>
						<line hits="1" number="945"/>
						<line branch="true" condition-coverage="100% (2/2)" hits="1" number="946"/>
						<line hits="1" number="947"/>
						<line hits="1" number="950"/>
						<line hits="1" number="951"/>
						<line branch="true" condition-coverage="50% (1/2)" hits="1" missing-branches="954" number="953"/>
						<line hits="0" number="954"/>
						<line hits="0" number="955"/>
						<line hits="0" number="956"/>
						<line hits="0" number="957"/>
						<line hits="1" number="960"/>
						<line hits="1" number="961"/>
						<line hits="1" number="964"/>
						<line branch="true" condition-coverage="50% (1/2)" hits="1" missing-branches="971" number="970"/>
						<line branch="true" condition-coverage="0% (0/2)" hits="0" missing-branches="exit,977" number="971"/>
						<line branch="true" condition-coverage="100% (2/2)" hits="1" number="977"/>
						<line hits="1" number="978"/>
						<line hits="1" number="981"/>
						<line hits="1" number="982"/>
						<line hits="1" number="984"/>
						<line hits="1" number="987"/>
						<line hits="1" number="998"/>
						<line hits="1" number="999"/>
						<line hits="1" number="1001"/>
						<line hits="1" number="1002"/>
						<line hits="1" number="1005"/>
						<line hits="1" number="1021"/>
						<line branch="true" condition-coverage="50% (1/2)" hits="1" missing-branches="1023" number="1022"/>
						<line hits="0" number="1023"/>
						<line hits="1" number="1026"/>
						<line hits="1" number="1028"/>
						<line branch="true" condition-coverage="100% (2/2)" hits="1" number="1029"/>
						<line hits="1" number="1030"/>
						<line hits="1" number="1031"/>
						<line hits="0" number="1032"/>
						<line hits="0" number="1033"/>
						<line branch="true" condition-coverage="100% (2/2)" hits="1" number="1035"/>
						<line hits="1" number="1036"/>
						<line branch="true" condition-coverage="100% (2/2)" hits="1" number="1040"/>
						<line hits="1" number="1041"/>
						<line branch="true" condition-coverage="100% (2/2)" hits="1" number="1044"/>
						<line branch="true" condition-coverage="100% (2/2)" hits="1" number="1045"/>
						<line branch="true" condition-coverage="100% (2/2)" hits="1" number="1047"/>
						<line hits="1" number="1048"/>
						<line hits="1" number="1052"/>
						<line branch="true" condition-coverage="50% (1/2)" hits="1" missing-branches="1054" number="1053"/>
						<line hits="0" number="1054"/>
						<line hits="1" number="1056"/>
						<line hits="1" number="1057"/>
						<line hits="1" number="1060"/>
						<line hits="1" number="1061"/>
						<line hits="1" number="1062"/>
						<line branch="true" condition-coverage="100% (2/2)" hits="1" number="1069"/>
						<line branch="true" condition-coverage="100% (2/2)" hits="1" number="1070"/>
						<line branch="true" condition-coverage="100% (2/2)" hits="1" number="1071"/>
						<line hits="1" number="1073"/>
						<line hits="1" number="1074"/>
						<line hits="1" number="1075"/>
						<line hits="1" number="1078"/>
						<line hits="1" number="1079"/>
						<line hits="1" number="1080"/>
						<line hits="1" number="1212"/>
						<line hits="0" number="1216"/>
						<line hits="1" number="1219"/>
						<line hits="1" number="1224"/>
						<line hits="1" number="1227"/>
						<line hits="1" number="1230"/>
						<line hits="1" number="1233"/>
						<line branch="true" condition-coverage="100% (2/2)" hits="1" number="1236"/>
						<line branch="true" condition-coverage="100% (2/2)" hits="1" number="1237"/>
						<line hits="1" number="1238"/>
						<line hits="1" number="1241"/>
						<line hits="1" number="1242"/>
						<line hits="1" number="1245"/>
						<line branch="true" condition-coverage="100% (2/2)" hits="1" number="1270"/>
						<line branch="true" condition-coverage="100% (2/2)" hits="1" number="1272"/>
						<line hits="1" number="1273"/>
						<line hits="1" number="1275"/>
						<line hits="1" number="1276"/>
						<line hits="1" number="1278"/>
						<line branch="true" condition-coverage="50% (1/2)" hits="1" missing-branches="1281" number="1280"/>
						<line hits="0" number="1281"/>
						<line branch="true" condition-coverage="50% (1/2)" hits="1" missing-branches="1292" number="1282"/>
						<line branch="true" condition-coverage="50% (1/2)" hits="1" missing-branches="1285" number="1284"/>
						<line hits="0" number="1285"/>
						<line hits="1" number="1288"/>
						<line hits="0" number="1292"/>
						<line branch="true" condition-coverage="100% (2/2)" hits="1" number="1295"/>
						<line hits="1" number="1297"/>
						<line hits="1" number="1298"/>
						<line hits="1" number="1301"/>
						<line hits="1" number="1303"/>
						<line hits="0" number="1304"/>
						<line hits="0" number="1305"/>
						<line branch="true" condition-coverage="50% (1/2)" hits="1" missing-branches="1308" number="1307"/>
						<line hits="0" number="1308"/>
						<line branch="true" condition-coverage="50% (1/2)" hits="1" missing-branches="exit" number="1309"/>
						<line branch="true" condition-coverage="50% (1/2)" hits="1" missing-branches="1312" number="1311"/>
						<line hits="0" number="1312"/>
						<line hits="1" number="1316"/>
						<line hits="1" number="1321"/>
						<line branch="true" condition-coverage="100% (2/2)" hits="1" number="1322"/>
						<line hits="1" number="1323"/>
						<line branch="true" condition-coverage="100% (2/2)" hits="1" number="1324"/>
						<line hits="1" number="1327"/>
						<line hits="1" number="1328"/>
						<line hits="1" number="1338"/>
						<line hits="1" number="1341"/>
						<line hits="1" number="1342"/>
						<line hits="1" number="1343"/>
						<line hits="1" number="1359"/>
						<line branch="true" condition-coverage="100% (2/2)" hits="1" number="1360"/>
						<line hits="1" number="1363"/>
						<line hits="1" number="1373"/>
						<line branch="true" condition-coverage="100% (2/2)" hits="1" number="1374"/>
						<line hits="1" number="1375"/>
						<line hits="1" number="1376"/>
						<line hits="1" number="1377"/>
						<line hits="1" number="1380"/>
						<line hits="1" number="1381"/>
						<line hits="1" number="1382"/>
						<line branch="true" condition-coverage="100% (2/2)" hits="1" number="1383"/>
						<line hits="1" number="1384"/>
						<line hits="1" number="1385"/>
						<line hits="1" number="1388"/>
						<line hits="1" number="1389"/>
						<line hits="1" number="1390"/>
						<line hits="1" number="1391"/>
						<line hits="1" number="1400"/>
						<line hits="1" number="1401"/>
						<line branch="true" condition-coverage="100% (2/2)" hits="1" number="1402"/>
						<line hits="1" number="1404"/>
						<line hits="1" number="1410"/>
						<line hits="1" number="1413"/>
						<line hits="1" number="1416"/>
						<line hits="1" number="1420"/>
						<line hits="1" number="1422"/>
						<line hits="1" number="1423"/>
						<line branch="true" condition-coverage="50% (1/2)" hits="1" missing-branches="1425" number="1424"/>
						<line hits="0" number="1425"/>
						<line hits="1" number="1429"/>
						<line hits="1" number="1445"/>
						<line branch="true" condition-coverage="100% (2/2)" hits="1" number="1447"/>
						<line hits="1" number="1449"/>
						<line hits="1" number="1450"/>
						<line hits="1" number="1452"/>
						<line hits="1" number="1453"/>
						<line branch="true" condition-coverage="100% (2/2)" hits="1" number="1454"/>
						<line branch="true" condition-coverage="100% (2/2)" hits="1" number="1455"/>
						<line hits="1" number="1456"/>
						<line hits="1" number="1457"/>
						<line hits="1" number="1458"/>
						<line hits="1" number="1459"/>
						<line hits="1" number="1463"/>
						<line hits="1" number="1466"/>
						<line hits="1" number="1483"/>
					</lines>
				</class>
			</classes>
		</package>
	</packages>
</coverage>
